[2025-03-31 08:17:43] [INFO] Uruchomiono serwer na porcie 3000
[2025-03-31 08:17:44] [INFO] Połączono z MariaDB
[2025-03-31 08:17:51] [INFO] Zalogowano Serwis
[2025-03-31 08:22:22] [INFO] Aplikacja zamknięta przez: SIGHUP (restart systemu lub pm2 stop)
[2025-03-31 08:22:22] [INFO] Aplikacja zakończyła działanie.
[2025-03-31 08:22:23] [INFO] Uruchomiono serwer na porcie 3000
[2025-03-31 08:22:23] [INFO] Połączono z MariaDB
[2025-03-31 08:32:25] [INFO] Uruchomiono serwer na porcie 3000
[2025-03-31 08:32:25] [INFO] Połączono z MariaDB
[2025-03-31 08:33:18] [INFO] Uruchomiono serwer na porcie 3000
[2025-03-31 08:33:18] [INFO] Połączono z MariaDB
[2025-03-31 08:33:24] [INFO] Zalogowano: jk (Sklep: 1)
[2025-03-31 08:33:26] [INFO] Zmiana zarejestrowana dla użytkownika: 4
[2025-03-31 08:34:26] [INFO] Uruchomiono serwer na porcie 3000
[2025-03-31 08:34:26] [INFO] Połączono z MariaDB
[2025-03-31 08:35:51] [INFO] Uruchomiono serwer na porcie 3000
[2025-03-31 08:35:51] [INFO] Połączono z MariaDB
[2025-03-31 08:36:45] [INFO] Uruchomiono serwer na porcie 3000
[2025-03-31 08:36:45] [INFO] Połączono z MariaDB
[2025-03-31 08:36:59] [INFO] Zalogowano Serwis
[2025-03-31 08:37:30] [INFO] Smak dodany pomyślnie: Toffi
[2025-03-31 08:37:42] [INFO] Rozmiar dodany pomyślnie: Kuweta Duża
[2025-03-31 08:38:33] [INFO] Uruchomiono serwer na porcie 3000
[2025-03-31 08:38:33] [INFO] Połączono z MariaDB
[2025-03-31 08:38:39] [INFO] Kuweta dodana pomyślnie: Id smak: 1 | Id rozmiar: 1 | Porcje: 90
[2025-03-31 08:38:45] [INFO] Zalogowano: jk (Sklep: 1)
[2025-03-31 08:38:50] [INFO] Ułożenie dodano pomyślnie: SKLEP: 1 = KUWETA1: null | KUWETA2: null | KUWETA3: null | KUWETA4: null | KUWETA5: 1 | KUWETA6: null | KUWETA7: null | KUWETA8: null | KUWETA9: null | KUWETA10: null
[2025-03-31 08:40:07] [INFO] Uruchomiono serwer na porcie 3000
[2025-03-31 08:40:07] [INFO] Połączono z MariaDB
[2025-03-31 08:40:18] [INFO] Uruchomiono serwer na porcie 3000
[2025-03-31 08:40:18] [INFO] Połączono z MariaDB
[2025-03-31 08:40:24] [INFO] Aplikacja zamknięta przez: SIGINT (CTRL+C lub pm2 stop)
[2025-03-31 08:40:25] [INFO] Uruchomiono serwer na porcie 3000
[2025-03-31 08:40:25] [INFO] Połączono z MariaDB
[2025-03-31 08:40:43] [INFO] Uruchomiono serwer na porcie 3000
[2025-03-31 08:40:43] [INFO] Połączono z MariaDB
[2025-03-31 08:44:21] [INFO] Uruchomiono serwer na porcie 3000
[2025-03-31 08:44:21] [INFO] Połączono z MariaDB
[2025-03-31 08:44:25] [ERROR] Błąd sprawdzania ułożenia kuwet: SqlError: (conn:606, no: 1146, SQLState: 42S02) Table 'lody_lacko.ulozeniekuwet' doesn't exist
sql: SELECT * FROM UlozenieKuwet WHERE SklepId = undefined - parameters:[]
[2025-03-31 08:46:21] [INFO] Aplikacja zamknięta przez: SIGINT (CTRL+C lub pm2 stop)
[2025-03-31 08:46:22] [INFO] Uruchomiono serwer na porcie 3000
[2025-03-31 08:46:22] [INFO] Połączono z MariaDB
[2025-03-31 08:46:24] [ERROR] Błąd sprawdzania ułożenia kuwet: SqlError: (conn:656, no: 1146, SQLState: 42S02) Table 'lody_lacko.ulozeniekuwet' doesn't exist
sql: SELECT * FROM UlozenieKuwet WHERE SklepId = undefined - parameters:[]
[2025-03-31 08:46:26] [ERROR] Błąd sprawdzania ułożenia kuwet: SqlError: (conn:657, no: 1146, SQLState: 42S02) Table 'lody_lacko.ulozeniekuwet' doesn't exist
sql: SELECT * FROM UlozenieKuwet WHERE SklepId = undefined - parameters:[]
[2025-03-31 08:46:26] [ERROR] Błąd sprawdzania ułożenia kuwet: SqlError: (conn:658, no: 1146, SQLState: 42S02) Table 'lody_lacko.ulozeniekuwet' doesn't exist
sql: SELECT * FROM UlozenieKuwet WHERE SklepId = undefined - parameters:[]
[2025-03-31 08:46:27] [ERROR] Błąd sprawdzania ułożenia kuwet: SqlError: (conn:659, no: 1146, SQLState: 42S02) Table 'lody_lacko.ulozeniekuwet' doesn't exist
sql: SELECT * FROM UlozenieKuwet WHERE SklepId = undefined - parameters:[]
[2025-03-31 08:46:44] [INFO] Uruchomiono serwer na porcie 3000
[2025-03-31 08:46:44] [INFO] Połączono z MariaDB
[2025-03-31 08:46:44] [ERROR] Błąd sprawdzania ułożenia kuwet: SqlError: (conn:706, no: 1054, SQLState: 42S22) Unknown column 'SklepId' in 'WHERE'
sql: SELECT * FROM ulozenie WHERE SklepId = undefined - parameters:[]
[2025-03-31 08:46:45] [ERROR] Błąd sprawdzania ułożenia kuwet: SqlError: (conn:707, no: 1054, SQLState: 42S22) Unknown column 'SklepId' in 'WHERE'
sql: SELECT * FROM ulozenie WHERE SklepId = undefined - parameters:[]
[2025-03-31 08:46:45] [ERROR] Błąd sprawdzania ułożenia kuwet: SqlError: (conn:708, no: 1054, SQLState: 42S22) Unknown column 'SklepId' in 'WHERE'
sql: SELECT * FROM ulozenie WHERE SklepId = undefined - parameters:[]
[2025-03-31 08:47:01] [INFO] Uruchomiono serwer na porcie 3000
[2025-03-31 08:47:01] [INFO] Połączono z MariaDB
[2025-03-31 08:47:02] [ERROR] Błąd sprawdzania ułożenia kuwet: SqlError: (conn:756, no: 1054, SQLState: 42S22) Unknown column 'SklId' in 'WHERE'
sql: SELECT * FROM ulozenie WHERE SklId = undefined - parameters:[]
[2025-03-31 08:47:03] [ERROR] Błąd sprawdzania ułożenia kuwet: SqlError: (conn:757, no: 1054, SQLState: 42S22) Unknown column 'SklId' in 'WHERE'
sql: SELECT * FROM ulozenie WHERE SklId = undefined - parameters:[]
[2025-03-31 08:47:26] [INFO] Uruchomiono serwer na porcie 3000
[2025-03-31 08:47:26] [INFO] Połączono z MariaDB
[2025-03-31 08:47:27] [ERROR] Błąd sprawdzania ułożenia kuwet: SqlError: (conn:806, no: 1054, SQLState: 42S22) Unknown column 'undefined' in 'WHERE'
sql: SELECT * FROM ulozenie WHERE USklId = undefined - parameters:[]
[2025-03-31 08:47:28] [ERROR] Błąd sprawdzania ułożenia kuwet: SqlError: (conn:807, no: 1054, SQLState: 42S22) Unknown column 'undefined' in 'WHERE'
sql: SELECT * FROM ulozenie WHERE USklId = undefined - parameters:[]
[2025-03-31 08:47:46] [INFO] Aplikacja zamknięta przez: SIGINT (CTRL+C lub pm2 stop)
[2025-03-31 08:47:48] [INFO] Uruchomiono serwer na porcie 3000
[2025-03-31 08:47:48] [INFO] Połączono z MariaDB
[2025-03-31 08:47:50] [ERROR] Błąd sprawdzania ułożenia kuwet: SqlError: (conn:856, no: 1054, SQLState: 42S22) Unknown column 'undefined' in 'WHERE'
sql: SELECT * FROM ulozenie WHERE USklId = undefined - parameters:[]
[2025-03-31 08:48:16] [INFO] Uruchomiono serwer na porcie 3000
[2025-03-31 08:48:16] [INFO] Połączono z MariaDB
[2025-03-31 08:48:16] [ERROR] Błąd sprawdzania ułożenia kuwet: SqlError: (conn:906, no: 1054, SQLState: 42S22) Unknown column 'undefined' in 'WHERE'
sql: SELECT * FROM ulozenie WHERE USklId = undefined - parameters:[]
[2025-03-31 08:48:22] [ERROR] Błąd sprawdzania ułożenia kuwet: SqlError: (conn:907, no: 1054, SQLState: 42S22) Unknown column 'undefined' in 'WHERE'
sql: SELECT * FROM ulozenie WHERE USklId = undefined - parameters:[]
[2025-03-31 08:48:32] [INFO] Uruchomiono serwer na porcie 3000
[2025-03-31 08:48:32] [INFO] Połączono z MariaDB
[2025-03-31 08:48:53] [INFO] Uruchomiono serwer na porcie 3000
[2025-03-31 08:48:53] [INFO] Połączono z MariaDB
[2025-03-31 08:53:23] [INFO] Uruchomiono serwer na porcie 3000
[2025-03-31 08:53:23] [INFO] Połączono z MariaDB
[2025-03-31 08:53:51] [INFO] Uruchomiono serwer na porcie 3000
[2025-03-31 08:53:51] [INFO] Połączono z MariaDB
[2025-03-31 08:54:00] [INFO] Uruchomiono serwer na porcie 3000
[2025-03-31 08:54:00] [INFO] Połączono z MariaDB
[2025-03-31 08:54:30] [INFO] Uruchomiono serwer na porcie 3000
[2025-03-31 08:54:30] [INFO] Połączono z MariaDB
[2025-03-31 08:54:37] [INFO] Uruchomiono serwer na porcie 3000
[2025-03-31 08:54:37] [INFO] Połączono z MariaDB
[2025-03-31 08:56:37] [INFO] Uruchomiono serwer na porcie 3000
[2025-03-31 08:56:37] [INFO] Połączono z MariaDB
[2025-03-31 08:57:07] [INFO] Uruchomiono serwer na porcie 3000
[2025-03-31 08:57:07] [INFO] Połączono z MariaDB
[2025-03-31 08:57:20] [INFO] Uruchomiono serwer na porcie 3000
[2025-03-31 08:57:20] [INFO] Połączono z MariaDB
[2025-03-31 08:58:20] [INFO] Uruchomiono serwer na porcie 3000
[2025-03-31 08:58:20] [INFO] Połączono z MariaDB
[2025-03-31 08:58:23] [INFO] Uruchomiono serwer na porcie 3000
[2025-03-31 08:58:23] [INFO] Połączono z MariaDB
[2025-03-31 08:58:27] [INFO] Uruchomiono serwer na porcie 3000
[2025-03-31 08:58:27] [INFO] Połączono z MariaDB
[2025-03-31 08:58:32] [INFO] Uruchomiono serwer na porcie 3000
[2025-03-31 08:58:32] [INFO] Połączono z MariaDB
[2025-03-31 09:05:00] [INFO] Uruchomiono serwer na porcie 3000
[2025-03-31 09:05:00] [INFO] Połączono z MariaDB
[2025-03-31 09:08:55] [INFO] Uruchomiono serwer na porcie 3000
[2025-03-31 09:08:55] [INFO] Połączono z MariaDB
[2025-03-31 09:10:11] [INFO] Uruchomiono serwer na porcie 3000
[2025-03-31 09:10:11] [INFO] Połączono z MariaDB
[2025-03-31 09:10:28] [INFO] Uruchomiono serwer na porcie 3000
[2025-03-31 09:10:28] [INFO] Połączono z MariaDB
[2025-03-31 09:11:58] [INFO] Uruchomiono serwer na porcie 3000
[2025-03-31 09:11:58] [INFO] Połączono z MariaDB
[2025-03-31 09:14:22] [INFO] Uruchomiono serwer na porcie 3000
[2025-03-31 09:14:22] [INFO] Połączono z MariaDB
[2025-03-31 09:16:18] [INFO] Ułożenie dodano pomyślnie: SKLEP: 1 = KUWETA1: 1 | KUWETA2: 2 | KUWETA3: null | KUWETA4: null | KUWETA5: 1 | KUWETA6: null | KUWETA7: null | KUWETA8: null | KUWETA9: null | KUWETA10: null
[2025-03-31 09:18:35] [INFO] Uruchomiono serwer na porcie 3000
[2025-03-31 09:18:35] [INFO] Połączono z MariaDB
[2025-03-31 09:18:54] [INFO] Uruchomiono serwer na porcie 3000
[2025-03-31 09:18:54] [INFO] Połączono z MariaDB
[2025-03-31 09:19:13] [INFO] Uruchomiono serwer na porcie 3000
[2025-03-31 09:19:13] [INFO] Połączono z MariaDB
[2025-03-31 09:19:16] [INFO] Uruchomiono serwer na porcie 3000
[2025-03-31 09:19:16] [INFO] Połączono z MariaDB
[2025-03-31 09:19:23] [INFO] Uruchomiono serwer na porcie 3000
[2025-03-31 09:19:23] [INFO] Połączono z MariaDB
[2025-03-31 09:20:34] [INFO] Uruchomiono serwer na porcie 3000
[2025-03-31 09:20:34] [INFO] Połączono z MariaDB
[2025-03-31 09:20:51] [INFO] Zalogowano Serwis
[2025-03-31 09:27:57] [INFO] Uruchomiono serwer na porcie 3000
[2025-03-31 09:27:57] [INFO] Połączono z MariaDB
[2025-03-31 09:27:58] [INFO] Uruchomiono serwer na porcie 3000
[2025-03-31 09:27:58] [INFO] Połączono z MariaDB
[2025-03-31 09:28:05] [INFO] Uruchomiono serwer na porcie 3000
[2025-03-31 09:28:05] [INFO] Połączono z MariaDB
[2025-03-31 09:39:41] [INFO] Uruchomiono serwer na porcie 3000
[2025-03-31 09:39:41] [INFO] Połączono z MariaDB
[2025-03-31 09:39:46] [INFO] Uruchomiono serwer na porcie 3000
[2025-03-31 09:39:46] [INFO] Połączono z MariaDB
[2025-03-31 09:40:37] [INFO] Uruchomiono serwer na porcie 3000
[2025-03-31 09:40:37] [INFO] Połączono z MariaDB
[2025-03-31 09:40:41] [INFO] Uruchomiono serwer na porcie 3000
[2025-03-31 09:40:41] [INFO] Połączono z MariaDB
[2025-03-31 09:40:47] [INFO] Uruchomiono serwer na porcie 3000
[2025-03-31 09:40:47] [INFO] Połączono z MariaDB
[2025-03-31 09:41:41] [INFO] Uruchomiono serwer na porcie 3000
[2025-03-31 09:41:41] [INFO] Połączono z MariaDB
[2025-03-31 09:41:44] [INFO] Uruchomiono serwer na porcie 3000
[2025-03-31 09:41:44] [INFO] Połączono z MariaDB
[2025-03-31 09:42:18] [INFO] Zalogowano: jk (Sklep: 1)
[2025-03-31 09:43:44] [INFO] Uruchomiono serwer na porcie 3000
[2025-03-31 09:43:44] [INFO] Połączono z MariaDB
[2025-03-31 09:44:52] [INFO] Uruchomiono serwer na porcie 3000
[2025-03-31 09:44:52] [INFO] Połączono z MariaDB
[2025-03-31 09:44:55] [INFO] Uruchomiono serwer na porcie 3000
[2025-03-31 09:44:55] [INFO] Połączono z MariaDB
[2025-03-31 09:45:54] [INFO] Uruchomiono serwer na porcie 3000
[2025-03-31 09:45:54] [INFO] Połączono z MariaDB
[2025-03-31 09:46:49] [INFO] Uruchomiono serwer na porcie 3000
[2025-03-31 09:46:49] [INFO] Połączono z MariaDB
[2025-03-31 09:46:51] [INFO] Uruchomiono serwer na porcie 3000
[2025-03-31 09:46:51] [INFO] Połączono z MariaDB
[2025-03-31 09:47:06] [INFO] Uruchomiono serwer na porcie 3000
[2025-03-31 09:47:06] [INFO] Połączono z MariaDB
[2025-03-31 09:49:16] [INFO] Uruchomiono serwer na porcie 3000
[2025-03-31 09:49:16] [INFO] Połączono z MariaDB
[2025-03-31 09:51:02] [INFO] Uruchomiono serwer na porcie 3000
[2025-03-31 09:51:02] [INFO] Połączono z MariaDB
[2025-03-31 09:51:03] [INFO] Uruchomiono serwer na porcie 3000
[2025-03-31 09:51:03] [INFO] Połączono z MariaDB
[2025-03-31 09:51:55] [INFO] Uruchomiono serwer na porcie 3000
[2025-03-31 09:51:55] [INFO] Połączono z MariaDB
[2025-03-31 09:51:56] [INFO] Uruchomiono serwer na porcie 3000
[2025-03-31 09:51:56] [INFO] Połączono z MariaDB
[2025-03-31 09:52:09] [INFO] Uruchomiono serwer na porcie 3000
[2025-03-31 09:52:09] [INFO] Połączono z MariaDB
[2025-03-31 09:52:13] [INFO] Uruchomiono serwer na porcie 3000
[2025-03-31 09:52:13] [INFO] Połączono z MariaDB
[2025-03-31 09:52:48] [INFO] Zalogowano: jk (Sklep: 1)
[2025-03-31 09:53:32] [INFO] Uruchomiono serwer na porcie 3000
[2025-03-31 09:53:32] [INFO] Połączono z MariaDB
[2025-03-31 09:53:46] [INFO] Uruchomiono serwer na porcie 3000
[2025-03-31 09:53:46] [INFO] Połączono z MariaDB
[2025-03-31 09:54:02] [INFO] Uruchomiono serwer na porcie 3000
[2025-03-31 09:54:02] [INFO] Połączono z MariaDB
[2025-03-31 09:55:03] [INFO] Uruchomiono serwer na porcie 3000
[2025-03-31 09:55:03] [INFO] Połączono z MariaDB
[2025-03-31 09:55:23] [INFO] Uruchomiono serwer na porcie 3000
[2025-03-31 09:55:23] [INFO] Połączono z MariaDB
[2025-03-31 09:55:50] [INFO] Uruchomiono serwer na porcie 3000
[2025-03-31 09:55:50] [INFO] Połączono z MariaDB
[2025-03-31 09:55:55] [INFO] Uruchomiono serwer na porcie 3000
[2025-03-31 09:55:55] [INFO] Połączono z MariaDB
[2025-03-31 09:56:39] [INFO] Zalogowano: mg (Sklep: 1)
[2025-03-31 09:56:46] [INFO] Zalogowano: jk (Sklep: 1)
[2025-03-31 09:57:00] [INFO] Uruchomiono serwer na porcie 3000
[2025-03-31 09:57:00] [INFO] Połączono z MariaDB
[2025-03-31 10:00:04] [INFO] Uruchomiono serwer na porcie 3000
[2025-03-31 10:00:04] [INFO] Połączono z MariaDB
[2025-03-31 10:00:21] [INFO] Uruchomiono serwer na porcie 3000
[2025-03-31 10:00:21] [INFO] Połączono z MariaDB
[2025-03-31 10:00:40] [INFO] Zalogowano: mg (Sklep: 1)
[2025-03-31 10:00:40] [INFO] Zmiana zarejestrowana dla użytkownika: 1
[2025-03-31 10:07:01] [INFO] Uruchomiono serwer na porcie 3000
[2025-03-31 10:07:01] [INFO] Połączono z MariaDB
[2025-03-31 10:08:16] [INFO] Uruchomiono serwer na porcie 3000
[2025-03-31 10:08:16] [INFO] Połączono z MariaDB
[2025-03-31 10:09:35] [INFO] Uruchomiono serwer na porcie 3000
[2025-03-31 10:09:35] [INFO] Połączono z MariaDB
[2025-03-31 10:10:46] [INFO] Uruchomiono serwer na porcie 3000
[2025-03-31 10:10:46] [INFO] Połączono z MariaDB
[2025-03-31 10:12:09] [INFO] Uruchomiono serwer na porcie 3000
[2025-03-31 10:12:09] [INFO] Połączono z MariaDB
[2025-03-31 10:12:20] [INFO] Uruchomiono serwer na porcie 3000
[2025-03-31 10:12:20] [INFO] Połączono z MariaDB
[2025-03-31 10:12:41] [INFO] Uruchomiono serwer na porcie 3000
[2025-03-31 10:12:41] [INFO] Połączono z MariaDB
[2025-03-31 10:12:54] [INFO] Uruchomiono serwer na porcie 3000
[2025-03-31 10:12:54] [INFO] Połączono z MariaDB
[2025-03-31 10:13:54] [INFO] Uruchomiono serwer na porcie 3000
[2025-03-31 10:13:54] [INFO] Połączono z MariaDB
[2025-03-31 10:14:51] [INFO] Uruchomiono serwer na porcie 3000
[2025-03-31 10:14:51] [INFO] Połączono z MariaDB
[2025-03-31 10:24:28] [INFO] Zalogowano Serwis
[2025-03-31 10:24:54] [INFO] Zalogowano: jk (Sklep: 1)
[2025-03-31 10:24:56] [INFO] Zmiana zarejestrowana dla użytkownika: 4
[2025-03-31 10:24:58] [INFO] Zalogowano Serwis
[2025-03-31 10:30:07] [INFO] Uruchomiono serwer na porcie 3000
[2025-03-31 10:30:07] [INFO] Połączono z MariaDB
[2025-03-31 10:30:18] [INFO] Zalogowano: mg (Sklep: 1)
[2025-03-31 10:35:38] [INFO] Uruchomiono serwer na porcie 3000
[2025-03-31 10:35:38] [INFO] Połączono z MariaDB
[2025-03-31 10:36:19] [INFO] Uruchomiono serwer na porcie 3000
[2025-03-31 10:36:19] [INFO] Połączono z MariaDB
[2025-03-31 10:36:41] [INFO] Ułożenie dodano pomyślnie: SKLEP: 1 = KUWETA1: 1 | KUWETA2: undefined | KUWETA3: undefined | KUWETA4: undefined | KUWETA5: undefined | KUWETA6: undefined | KUWETA7: undefined | KUWETA8: undefined | KUWETA9: undefined | KUWETA10: undefined
[2025-03-31 10:44:46] [INFO] Ułożenie dodano pomyślnie: SKLEP: 1 = KUWETA1: 1 | KUWETA2: undefined | KUWETA3: undefined | KUWETA4: undefined | KUWETA5: undefined | KUWETA6: undefined | KUWETA7: undefined | KUWETA8: undefined | KUWETA9: undefined | KUWETA10: undefined
[2025-03-31 10:46:05] [INFO] Uruchomiono serwer na porcie 3000
[2025-03-31 10:46:05] [INFO] Połączono z MariaDB
[2025-03-31 10:46:40] [INFO] Uruchomiono serwer na porcie 3000
[2025-03-31 10:46:40] [INFO] Połączono z MariaDB
[2025-03-31 10:47:51] [INFO] Uruchomiono serwer na porcie 3000
[2025-03-31 10:47:51] [INFO] Połączono z MariaDB
[2025-03-31 10:49:23] [INFO] Uruchomiono serwer na porcie 3000
[2025-03-31 10:49:23] [INFO] Połączono z MariaDB
[2025-03-31 10:50:31] [INFO] Ułożenie dodano pomyślnie: SKLEP: 1 = KUWETA1: undefined | KUWETA2: undefined | KUWETA3: undefined | KUWETA4: undefined | KUWETA5: 1 | KUWETA6: undefined | KUWETA7: undefined | KUWETA8: undefined | KUWETA9: undefined | KUWETA10: undefined
[2025-03-31 10:52:34] [INFO] Uruchomiono serwer na porcie 3000
[2025-03-31 10:52:34] [INFO] Połączono z MariaDB
[2025-03-31 10:54:53] [INFO] Uruchomiono serwer na porcie 3000
[2025-03-31 10:54:53] [INFO] Połączono z MariaDB
[2025-03-31 10:55:04] [INFO] Ułożenie dodano pomyślnie: SKLEP: 1 = KUWETA1: undefined | KUWETA2: undefined | KUWETA3: undefined | KUWETA4: undefined | KUWETA5: 1 | KUWETA6: undefined | KUWETA7: undefined | KUWETA8: undefined | KUWETA9: undefined | KUWETA10: undefined
[2025-03-31 10:55:13] [INFO] Ułożenie dodano pomyślnie: SKLEP: 1 = KUWETA1: undefined | KUWETA2: undefined | KUWETA3: undefined | KUWETA4: undefined | KUWETA5: 1 | KUWETA6: undefined | KUWETA7: undefined | KUWETA8: undefined | KUWETA9: undefined | KUWETA10: undefined
[2025-03-31 10:57:29] [INFO] Uruchomiono serwer na porcie 3000
[2025-03-31 10:57:29] [INFO] Połączono z MariaDB
[2025-03-31 10:57:45] [INFO] Ułożenie dodano pomyślnie: SKLEP: 1 = KUWETA1: undefined | KUWETA2: undefined | KUWETA3: undefined | KUWETA4: undefined | KUWETA5: 1 | KUWETA6: undefined | KUWETA7: undefined | KUWETA8: undefined | KUWETA9: undefined | KUWETA10: undefined
[2025-03-31 10:58:06] [INFO] Uruchomiono serwer na porcie 3000
[2025-03-31 10:58:06] [INFO] Połączono z MariaDB
[2025-03-31 10:58:15] [INFO] Uruchomiono serwer na porcie 3000
[2025-03-31 10:58:15] [INFO] Połączono z MariaDB
[2025-03-31 10:58:18] [INFO] Uruchomiono serwer na porcie 3000
[2025-03-31 10:58:18] [INFO] Połączono z MariaDB
[2025-03-31 10:58:22] [INFO] Uruchomiono serwer na porcie 3000
[2025-03-31 10:58:22] [INFO] Połączono z MariaDB
[2025-03-31 10:59:31] [INFO] Uruchomiono serwer na porcie 3000
[2025-03-31 10:59:31] [INFO] Połączono z MariaDB
[2025-03-31 11:01:22] [INFO] Uruchomiono serwer na porcie 3000
[2025-03-31 11:01:22] [INFO] Połączono z MariaDB
[2025-03-31 13:05:14] [INFO] Uruchomiono serwer na porcie 3000
[2025-03-31 13:05:14] [INFO] Połączono z MariaDB
[2025-03-31 13:06:55] [INFO] Uruchomiono serwer na porcie 3000
[2025-03-31 13:06:55] [INFO] Połączono z MariaDB
[2025-03-31 13:06:59] [INFO] Uruchomiono serwer na porcie 3000
[2025-03-31 13:06:59] [INFO] Połączono z MariaDB
[2025-03-31 13:07:04] [INFO] Uruchomiono serwer na porcie 3000
[2025-03-31 13:07:04] [INFO] Połączono z MariaDB
[2025-03-31 13:07:28] [INFO] Uruchomiono serwer na porcie 3000
[2025-03-31 13:07:28] [INFO] Połączono z MariaDB
[2025-03-31 13:10:14] [INFO] Uruchomiono serwer na porcie 3000
[2025-03-31 13:10:14] [INFO] Połączono z MariaDB
[2025-03-31 13:10:27] [INFO] Ułożenie dodano pomyślnie: SKLEP: 1 = KUWETA1: undefined | KUWETA2: undefined | KUWETA3: undefined | KUWETA4: undefined | KUWETA5: 1 | KUWETA6: undefined | KUWETA7: undefined | KUWETA8: undefined | KUWETA9: undefined | KUWETA10: undefined
[2025-03-31 13:16:00] [INFO] Uruchomiono serwer na porcie 3000
[2025-03-31 13:16:00] [INFO] Połączono z MariaDB
[2025-03-31 13:16:14] [INFO] Uruchomiono serwer na porcie 3000
[2025-03-31 13:16:14] [INFO] Połączono z MariaDB
[2025-03-31 13:16:22] [INFO] Uruchomiono serwer na porcie 3000
[2025-03-31 13:16:22] [INFO] Połączono z MariaDB
[2025-03-31 13:16:28] [INFO] Uruchomiono serwer na porcie 3000
[2025-03-31 13:16:28] [INFO] Połączono z MariaDB
[2025-03-31 13:17:28] [INFO] Uruchomiono serwer na porcie 3000
[2025-03-31 13:17:28] [INFO] Połączono z MariaDB
[2025-03-31 13:17:40] [INFO] Uruchomiono serwer na porcie 3000
[2025-03-31 13:17:40] [INFO] Połączono z MariaDB
[2025-03-31 13:19:52] [INFO] Uruchomiono serwer na porcie 3000
[2025-03-31 13:19:52] [INFO] Połączono z MariaDB
[2025-03-31 13:21:37] [INFO] Uruchomiono serwer na porcie 3000
[2025-03-31 13:21:37] [INFO] Połączono z MariaDB
[2025-03-31 13:23:10] [INFO] Uruchomiono serwer na porcie 3000
[2025-03-31 13:23:10] [INFO] Połączono z MariaDB
[2025-03-31 13:23:27] [INFO] Zalogowano: mg (Sklep: 1)
[2025-03-31 13:23:31] [INFO] Zalogowano Serwis
[2025-03-31 13:23:51] [INFO] Smak dodany pomyślnie: Truskawka
[2025-03-31 13:23:59] [INFO] Kuweta dodana pomyślnie: Id smak: 2 | Id rozmiar: 1 | Porcje: 90
[2025-03-31 13:24:03] [INFO] Zalogowano: mg (Sklep: 1)
[2025-03-31 13:25:57] [INFO] Uruchomiono serwer na porcie 3000
[2025-03-31 13:25:57] [INFO] Połączono z MariaDB
[2025-03-31 13:26:59] [INFO] Uruchomiono serwer na porcie 3000
[2025-03-31 13:26:59] [INFO] Połączono z MariaDB
[2025-03-31 13:27:03] [INFO] Uruchomiono serwer na porcie 3000
[2025-03-31 13:27:03] [INFO] Połączono z MariaDB
[2025-03-31 13:28:33] [INFO] Uruchomiono serwer na porcie 3000
[2025-03-31 13:28:33] [INFO] Połączono z MariaDB
[2025-03-31 13:29:53] [INFO] Uruchomiono serwer na porcie 3000
[2025-03-31 13:29:53] [INFO] Połączono z MariaDB
[2025-03-31 13:30:53] [INFO] Uruchomiono serwer na porcie 3000
[2025-03-31 13:30:53] [INFO] Połączono z MariaDB
[2025-03-31 13:35:07] [INFO] Uruchomiono serwer na porcie 3000
[2025-03-31 13:35:07] [INFO] Połączono z MariaDB
[2025-03-31 13:35:18] [INFO] Ułożenie dodano pomyślnie: SKLEP: 1 = KUWETA1: undefined | KUWETA2: undefined | KUWETA3: undefined | KUWETA4: 2 | KUWETA5: 1 | KUWETA6: undefined | KUWETA7: undefined | KUWETA8: undefined | KUWETA9: undefined | KUWETA10: undefined
[2025-03-31 13:35:31] [INFO] Ułożenie dodano pomyślnie: SKLEP: 1 = KUWETA1: undefined | KUWETA2: undefined | KUWETA3: undefined | KUWETA4: 2 | KUWETA5: 1 | KUWETA6: undefined | KUWETA7: undefined | KUWETA8: undefined | KUWETA9: undefined | KUWETA10: undefined
[2025-03-31 13:37:43] [INFO] Uruchomiono serwer na porcie 3000
[2025-03-31 13:37:43] [INFO] Połączono z MariaDB
[2025-03-31 13:37:50] [INFO] Zalogowano Serwis
[2025-03-31 13:38:11] [INFO] Smak dodany pomyślnie: Czekolada
[2025-03-31 13:38:19] [INFO] Kuweta dodana pomyślnie: Id smak: 3 | Id rozmiar: 1 | Porcje: 90
[2025-03-31 13:38:23] [INFO] Zalogowano: mg (Sklep: 1)
[2025-03-31 13:38:29] [INFO] Ułożenie dodano pomyślnie: SKLEP: 1 = KUWETA1: undefined | KUWETA2: undefined | KUWETA3: undefined | KUWETA4: 2 | KUWETA5: 1 | KUWETA6: undefined | KUWETA7: undefined | KUWETA8: undefined | KUWETA9: undefined | KUWETA10: 3
[2025-03-31 13:38:43] [INFO] Zalogowano: mg (Sklep: 1)
