[2025-04-30 00:00:07] [INFO] Uruchomiono serwer na porcie 3000
[2025-04-30 00:00:07] [INFO] Połączono z MariaDB
[2025-04-30 00:00:24] [INFO] Uruchomiono serwer na porcie 3000
[2025-04-30 00:00:24] [INFO] Połączono z MariaDB
[2025-04-30 00:00:36] [INFO] Uruchomiono serwer na porcie 3000
[2025-04-30 00:00:36] [INFO] Połączono z MariaDB
[2025-04-30 00:01:07] [INFO] Uruchomiono serwer na porcie 3000
[2025-04-30 00:01:07] [INFO] Połączono z MariaDB
[2025-04-30 00:01:15] [INFO] Uruchomiono serwer na porcie 3000
[2025-04-30 00:01:15] [INFO] Połączono z MariaDB
[2025-04-30 00:01:30] [INFO] Uruchomiono serwer na porcie 3000
[2025-04-30 00:01:30] [INFO] Połączono z MariaDB
[2025-04-30 00:01:47] [INFO] Uruchomiono serwer na porcie 3000
[2025-04-30 00:01:47] [INFO] Połączono z MariaDB
[2025-04-30 00:02:13] [INFO] Uruchomiono serwer na porcie 3000
[2025-04-30 00:02:13] [INFO] Połączono z MariaDB
[2025-04-30 00:02:26] [INFO] Uruchomiono serwer na porcie 3000
[2025-04-30 00:02:26] [INFO] Połączono z MariaDB
[2025-04-30 00:02:50] [INFO] Uruchomiono serwer na porcie 3000
[2025-04-30 00:02:50] [INFO] Połączono z MariaDB
[2025-04-30 00:05:56] [INFO] Uruchomiono serwer na porcie 3000
[2025-04-30 00:05:56] [INFO] Połączono z MariaDB
[2025-04-30 00:07:15] [INFO] Uruchomiono serwer na porcie 3000
[2025-04-30 00:07:15] [INFO] Połączono z MariaDB
[2025-04-30 00:07:37] [INFO] Uruchomiono serwer na porcie 3000
[2025-04-30 00:07:37] [INFO] Połączono z MariaDB
[2025-04-30 00:07:53] [INFO] Uruchomiono serwer na porcie 3000
[2025-04-30 00:07:53] [INFO] Połączono z MariaDB
[2025-04-30 00:11:22] [INFO] Uruchomiono serwer na porcie 3000
[2025-04-30 00:11:22] [INFO] Połączono z MariaDB
[2025-04-30 00:11:38] [INFO] Uruchomiono serwer na porcie 3000
[2025-04-30 00:11:38] [INFO] Połączono z MariaDB
[2025-04-30 00:12:14] [INFO] Uruchomiono serwer na porcie 3000
[2025-04-30 00:12:14] [INFO] Połączono z MariaDB
[2025-04-30 00:12:30] [INFO] Uruchomiono serwer na porcie 3000
[2025-04-30 00:12:30] [INFO] Połączono z MariaDB
[2025-04-30 00:12:40] [INFO] Uruchomiono serwer na porcie 3000
[2025-04-30 00:12:40] [INFO] Połączono z MariaDB
[2025-04-30 00:13:07] [INFO] Uruchomiono serwer na porcie 3000
[2025-04-30 00:13:07] [INFO] Połączono z MariaDB
[2025-04-30 00:13:10] [INFO] Uruchomiono serwer na porcie 3000
[2025-04-30 00:13:10] [INFO] Połączono z MariaDB
[2025-04-30 00:13:36] [INFO] Uruchomiono serwer na porcie 3000
[2025-04-30 00:13:36] [INFO] Połączono z MariaDB
[2025-04-30 00:13:58] [INFO] Uruchomiono serwer na porcie 3000
[2025-04-30 00:13:58] [INFO] Połączono z MariaDB
[2025-04-30 00:13:59] [INFO] Aplikacja zamknięta przez: SIGINT (CTRL+C lub pm2 stop)
[2025-04-30 00:14:01] [INFO] Uruchomiono serwer na porcie 3000
[2025-04-30 00:14:01] [INFO] Połączono z MariaDB
[2025-04-30 00:16:05] [INFO] Uruchomiono serwer na porcie 3000
[2025-04-30 00:16:05] [INFO] Połączono z MariaDB
[2025-04-30 00:16:15] [INFO] Uruchomiono serwer na porcie 3000
[2025-04-30 00:16:15] [INFO] Połączono z MariaDB
[2025-04-30 00:16:24] [INFO] Uruchomiono serwer na porcie 3000
[2025-04-30 00:16:24] [INFO] Połączono z MariaDB
[2025-04-30 00:16:53] [INFO] Uruchomiono serwer na porcie 3000
[2025-04-30 00:16:53] [INFO] Połączono z MariaDB
[2025-04-30 00:19:00] [INFO] Uruchomiono serwer na porcie 3000
[2025-04-30 00:19:00] [INFO] Połączono z MariaDB
[2025-04-30 00:20:51] [INFO] Uruchomiono serwer na porcie 3000
[2025-04-30 00:20:51] [INFO] Połączono z MariaDB
[2025-04-30 00:21:08] [INFO] Zalogowano: mati (Sklep: 2)
[2025-04-30 00:21:21] [INFO] Zalogowano Serwis
[2025-04-30 00:21:48] [INFO] Zalogowano: mati (Sklep: 2)
[2025-04-30 00:22:03] [INFO] Zalogowano Serwis
[2025-04-30 00:42:32] [INFO] Smak dodany pomyślnie: Czekolada Dubajska
[2025-04-30 00:44:59] [INFO] Kuweta dodana pomyślnie: Id smak: 4 | Id rozmiar: 1 | Porcje: 90
[2025-04-30 00:45:04] [INFO] Zalogowano: mati (Sklep: 2)
[2025-04-30 00:45:08] [INFO] Ułożenie dodano pomyślnie: SKLEP: 2 = KUWETA1: undefined | KUWETA2: undefined | KUWETA3: undefined | KUWETA4: undefined | KUWETA5: 4 | KUWETA6: undefined | KUWETA7: undefined | KUWETA8: undefined | KUWETA9: undefined | KUWETA10: undefined
[2025-04-30 00:45:22] [INFO] Zalogowano Serwis
