[2025-04-07 08:46:58] [INFO] Uruchomiono serwer na porcie 3000
[2025-04-07 08:46:58] [INFO] Połączono z MariaDB
[2025-04-07 08:47:02] [INFO] Zalogowano: mati (Sklep: Prusa)
[2025-04-07 08:57:13] [INFO] Zalogowano Serwis
[2025-04-07 08:57:40] [INFO] Zalogowano: mati (Sklep: Prusa)
[2025-04-07 09:30:09] [INFO] Uruchomiono serwer na porcie 3000
[2025-04-07 09:30:09] [INFO] Połączono z MariaDB
[2025-04-07 09:30:31] [INFO] Uruchomiono serwer na porcie 3000
[2025-04-07 09:30:31] [INFO] Połączono z MariaDB
[2025-04-07 09:31:04] [INFO] Uruchomiono serwer na porcie 3000
[2025-04-07 09:31:04] [INFO] Połączono z MariaDB
[2025-04-07 09:31:19] [INFO] Uruchomiono serwer na porcie 3000
[2025-04-07 09:31:19] [INFO] Połączono z MariaDB
[2025-04-07 09:31:43] [INFO] Uruchomiono serwer na porcie 3000
[2025-04-07 09:31:43] [INFO] Połączono z MariaDB
[2025-04-07 09:33:02] [INFO] Uruchomiono serwer na porcie 3000
[2025-04-07 09:33:02] [INFO] Połączono z MariaDB
[2025-04-07 09:33:24] [INFO] Uruchomiono serwer na porcie 3000
[2025-04-07 09:33:24] [INFO] Połączono z MariaDB
[2025-04-07 09:33:32] [INFO] Uruchomiono serwer na porcie 3000
[2025-04-07 09:33:32] [INFO] Połączono z MariaDB
[2025-04-07 09:33:37] [INFO] Uruchomiono serwer na porcie 3000
[2025-04-07 09:33:37] [INFO] Połączono z MariaDB
[2025-04-07 09:33:41] [INFO] Uruchomiono serwer na porcie 3000
[2025-04-07 09:33:41] [INFO] Połączono z MariaDB
[2025-04-07 09:33:45] [INFO] Uruchomiono serwer na porcie 3000
[2025-04-07 09:33:45] [INFO] Połączono z MariaDB
[2025-04-07 09:33:58] [INFO] Uruchomiono serwer na porcie 3000
[2025-04-07 09:33:58] [INFO] Połączono z MariaDB
[2025-04-07 09:34:07] [INFO] Uruchomiono serwer na porcie 3000
[2025-04-07 09:34:07] [INFO] Połączono z MariaDB
[2025-04-07 09:34:11] [INFO] Uruchomiono serwer na porcie 3000
[2025-04-07 09:34:11] [INFO] Połączono z MariaDB
[2025-04-07 09:36:29] [INFO] Uruchomiono serwer na porcie 3000
[2025-04-07 09:36:29] [INFO] Połączono z MariaDB
[2025-04-07 09:36:55] [INFO] Uruchomiono serwer na porcie 3000
[2025-04-07 09:36:55] [INFO] Połączono z MariaDB
[2025-04-07 09:37:25] [INFO] Ułożenie dodano pomyślnie: SKLEP: 1 = KUWETA1: undefined | KUWETA2: undefined | KUWETA3: undefined | KUWETA4: undefined | KUWETA5: undefined | KUWETA6: undefined | KUWETA7: undefined | KUWETA8: undefined | KUWETA9: undefined | KUWETA10: undefined
[2025-04-07 09:38:00] [INFO] Uruchomiono serwer na porcie 3000
[2025-04-07 09:38:00] [INFO] Połączono z MariaDB
[2025-04-07 09:38:08] [INFO] Uruchomiono serwer na porcie 3000
[2025-04-07 09:38:08] [INFO] Połączono z MariaDB
[2025-04-07 09:38:27] [INFO] Uruchomiono serwer na porcie 3000
[2025-04-07 09:38:27] [INFO] Połączono z MariaDB
[2025-04-07 09:38:36] [INFO] Uruchomiono serwer na porcie 3000
[2025-04-07 09:38:36] [INFO] Połączono z MariaDB
[2025-04-07 09:40:33] [INFO] Zalogowano: mati (Sklep: Drugi sklep)
[2025-04-07 09:49:27] [INFO] Uruchomiono serwer na porcie 3000
[2025-04-07 09:49:27] [INFO] Połączono z MariaDB
[2025-04-07 09:49:39] [INFO] Uruchomiono serwer na porcie 3000
[2025-04-07 09:49:39] [INFO] Połączono z MariaDB
[2025-04-07 09:49:47] [INFO] Uruchomiono serwer na porcie 3000
[2025-04-07 09:49:47] [INFO] Połączono z MariaDB
[2025-04-07 09:49:51] [INFO] Uruchomiono serwer na porcie 3000
[2025-04-07 09:49:51] [INFO] Połączono z MariaDB
[2025-04-07 09:50:28] [INFO] Uruchomiono serwer na porcie 3000
[2025-04-07 09:50:28] [INFO] Połączono z MariaDB
[2025-04-07 09:50:35] [INFO] Uruchomiono serwer na porcie 3000
[2025-04-07 09:50:35] [INFO] Połączono z MariaDB
[2025-04-07 09:50:38] [INFO] Uruchomiono serwer na porcie 3000
[2025-04-07 09:50:38] [INFO] Połączono z MariaDB
[2025-04-07 09:51:39] [INFO] Uruchomiono serwer na porcie 3000
[2025-04-07 09:51:39] [INFO] Połączono z MariaDB
[2025-04-07 09:51:42] [INFO] Uruchomiono serwer na porcie 3000
[2025-04-07 09:51:42] [INFO] Połączono z MariaDB
[2025-04-07 09:51:58] [INFO] Uruchomiono serwer na porcie 3000
[2025-04-07 09:51:58] [INFO] Połączono z MariaDB
[2025-04-07 09:52:19] [INFO] Uruchomiono serwer na porcie 3000
[2025-04-07 09:52:19] [INFO] Połączono z MariaDB
[2025-04-07 09:52:29] [INFO] Uruchomiono serwer na porcie 3000
[2025-04-07 09:52:29] [INFO] Połączono z MariaDB
[2025-04-07 09:52:35] [INFO] Uruchomiono serwer na porcie 3000
[2025-04-07 09:52:35] [INFO] Połączono z MariaDB
[2025-04-07 09:52:39] [INFO] Uruchomiono serwer na porcie 3000
[2025-04-07 09:52:39] [INFO] Połączono z MariaDB
[2025-04-07 09:52:40] [INFO] Uruchomiono serwer na porcie 3000
[2025-04-07 09:52:40] [INFO] Połączono z MariaDB
[2025-04-07 09:53:08] [INFO] Uruchomiono serwer na porcie 3000
[2025-04-07 09:53:08] [INFO] Połączono z MariaDB
[2025-04-07 09:53:57] [INFO] Zalogowano Serwis
[2025-04-07 10:06:26] [INFO] Uruchomiono serwer na porcie 3000
[2025-04-07 10:06:26] [INFO] Połączono z MariaDB
[2025-04-07 10:14:50] [INFO] Uruchomiono serwer na porcie 3000
[2025-04-07 10:14:50] [INFO] Połączono z MariaDB
[2025-04-07 10:15:28] [INFO] Uruchomiono serwer na porcie 3000
[2025-04-07 10:15:28] [INFO] Połączono z MariaDB
[2025-04-07 10:16:09] [INFO] Uruchomiono serwer na porcie 3000
[2025-04-07 10:16:09] [INFO] Połączono z MariaDB
[2025-04-07 10:16:14] [INFO] Uruchomiono serwer na porcie 3000
[2025-04-07 10:16:14] [INFO] Połączono z MariaDB
[2025-04-07 10:16:15] [INFO] Uruchomiono serwer na porcie 3000
[2025-04-07 10:16:15] [INFO] Połączono z MariaDB
[2025-04-07 10:16:29] [INFO] Uruchomiono serwer na porcie 3000
[2025-04-07 10:16:29] [INFO] Połączono z MariaDB
[2025-04-07 10:16:37] [INFO] Uruchomiono serwer na porcie 3000
[2025-04-07 10:16:37] [INFO] Połączono z MariaDB
[2025-04-07 10:16:57] [INFO] Uruchomiono serwer na porcie 3000
[2025-04-07 10:16:57] [INFO] Połączono z MariaDB
[2025-04-07 10:17:02] [INFO] Uruchomiono serwer na porcie 3000
[2025-04-07 10:17:02] [INFO] Połączono z MariaDB
[2025-04-07 10:17:06] [INFO] Uruchomiono serwer na porcie 3000
[2025-04-07 10:17:06] [INFO] Połączono z MariaDB
[2025-04-07 10:17:18] [INFO] Uruchomiono serwer na porcie 3000
[2025-04-07 10:17:18] [INFO] Połączono z MariaDB
[2025-04-07 10:17:19] [INFO] Uruchomiono serwer na porcie 3000
[2025-04-07 10:17:19] [INFO] Połączono z MariaDB
[2025-04-07 10:17:34] [INFO] Uruchomiono serwer na porcie 3000
[2025-04-07 10:17:34] [INFO] Połączono z MariaDB
[2025-04-07 10:18:34] [INFO] Uruchomiono serwer na porcie 3000
[2025-04-07 10:18:34] [INFO] Połączono z MariaDB
[2025-04-07 10:20:30] [INFO] Uruchomiono serwer na porcie 3000
[2025-04-07 10:20:30] [INFO] Połączono z MariaDB
[2025-04-07 10:21:34] [INFO] Uruchomiono serwer na porcie 3000
[2025-04-07 10:21:34] [INFO] Połączono z MariaDB
[2025-04-07 10:22:18] [INFO] Uruchomiono serwer na porcie 3000
[2025-04-07 10:22:18] [INFO] Połączono z MariaDB
[2025-04-07 10:43:01] [INFO] Uruchomiono serwer na porcie 3000
[2025-04-07 10:43:01] [INFO] Połączono z MariaDB
[2025-04-07 10:43:01] [INFO] Aplikacja zamknięta przez: SIGHUP (restart systemu lub pm2 stop)
[2025-04-07 10:43:01] [INFO] Aplikacja zakończyła działanie.
[2025-04-07 10:43:02] [INFO] Uruchomiono serwer na porcie 3000
[2025-04-07 10:43:02] [INFO] Połączono z MariaDB
[2025-04-07 13:59:59] [INFO] Uruchomiono serwer na porcie 3000
[2025-04-07 13:59:59] [INFO] Połączono z MariaDB
[2025-04-07 14:00:03] [INFO] Zalogowano Serwis
[2025-04-07 14:00:32] [INFO] Uruchomiono serwer na porcie 3000
[2025-04-07 14:00:32] [INFO] Połączono z MariaDB
[2025-04-07 14:00:37] [INFO] Uruchomiono serwer na porcie 3000
[2025-04-07 14:00:37] [INFO] Połączono z MariaDB
[2025-04-07 14:00:47] [INFO] Uruchomiono serwer na porcie 3000
[2025-04-07 14:00:47] [INFO] Połączono z MariaDB
[2025-04-07 14:02:26] [INFO] Uruchomiono serwer na porcie 3000
[2025-04-07 14:02:26] [INFO] Połączono z MariaDB
[2025-04-07 14:02:29] [INFO] Uruchomiono serwer na porcie 3000
[2025-04-07 14:02:29] [INFO] Połączono z MariaDB
[2025-04-07 14:03:39] [INFO] Uruchomiono serwer na porcie 3000
[2025-04-07 14:03:39] [INFO] Połączono z MariaDB
[2025-04-07 14:03:47] [INFO] Uruchomiono serwer na porcie 3000
[2025-04-07 14:03:47] [INFO] Połączono z MariaDB
[2025-04-07 14:04:14] [INFO] Uruchomiono serwer na porcie 3000
[2025-04-07 14:04:14] [INFO] Połączono z MariaDB
[2025-04-07 14:04:43] [INFO] Uruchomiono serwer na porcie 3000
[2025-04-07 14:04:43] [INFO] Połączono z MariaDB
[2025-04-07 14:05:16] [INFO] Uruchomiono serwer na porcie 3000
[2025-04-07 14:05:16] [INFO] Połączono z MariaDB
[2025-04-07 14:06:24] [INFO] Uruchomiono serwer na porcie 3000
[2025-04-07 14:06:24] [INFO] Połączono z MariaDB
[2025-04-07 14:07:19] [INFO] Uruchomiono serwer na porcie 3000
[2025-04-07 14:07:20] [INFO] Połączono z MariaDB
[2025-04-07 14:07:25] [INFO] Uruchomiono serwer na porcie 3000
[2025-04-07 14:07:25] [INFO] Połączono z MariaDB
[2025-04-07 14:07:41] [INFO] Uruchomiono serwer na porcie 3000
[2025-04-07 14:07:41] [INFO] Połączono z MariaDB
[2025-04-07 14:07:44] [INFO] Uruchomiono serwer na porcie 3000
[2025-04-07 14:07:44] [INFO] Połączono z MariaDB
[2025-04-07 14:08:06] [INFO] Uruchomiono serwer na porcie 3000
[2025-04-07 14:08:06] [INFO] Połączono z MariaDB
[2025-04-07 14:08:14] [INFO] Uruchomiono serwer na porcie 3000
[2025-04-07 14:08:14] [INFO] Połączono z MariaDB
[2025-04-07 14:08:17] [INFO] Uruchomiono serwer na porcie 3000
[2025-04-07 14:08:17] [INFO] Połączono z MariaDB
[2025-04-07 14:08:29] [INFO] Uruchomiono serwer na porcie 3000
[2025-04-07 14:08:29] [INFO] Połączono z MariaDB
[2025-04-07 14:08:56] [INFO] Uruchomiono serwer na porcie 3000
[2025-04-07 14:08:56] [INFO] Połączono z MariaDB
[2025-04-07 14:09:43] [INFO] Uruchomiono serwer na porcie 3000
[2025-04-07 14:09:43] [INFO] Połączono z MariaDB
[2025-04-07 14:10:20] [INFO] Uruchomiono serwer na porcie 3000
[2025-04-07 14:10:20] [INFO] Połączono z MariaDB
[2025-04-07 14:10:32] [INFO] Uruchomiono serwer na porcie 3000
[2025-04-07 14:10:32] [INFO] Połączono z MariaDB
[2025-04-07 14:10:46] [INFO] Uruchomiono serwer na porcie 3000
[2025-04-07 14:10:46] [INFO] Połączono z MariaDB
[2025-04-07 14:11:05] [INFO] Uruchomiono serwer na porcie 3000
[2025-04-07 14:11:05] [INFO] Połączono z MariaDB
[2025-04-07 14:11:20] [INFO] Uruchomiono serwer na porcie 3000
[2025-04-07 14:11:20] [INFO] Połączono z MariaDB
[2025-04-07 14:11:31] [INFO] Uruchomiono serwer na porcie 3000
[2025-04-07 14:11:31] [INFO] Połączono z MariaDB
[2025-04-07 14:11:52] [INFO] Uruchomiono serwer na porcie 3000
[2025-04-07 14:11:52] [INFO] Połączono z MariaDB
[2025-04-07 14:12:10] [INFO] Uruchomiono serwer na porcie 3000
[2025-04-07 14:12:10] [INFO] Połączono z MariaDB
[2025-04-07 14:12:28] [INFO] Uruchomiono serwer na porcie 3000
[2025-04-07 14:12:28] [INFO] Połączono z MariaDB
[2025-04-07 14:14:06] [INFO] Uruchomiono serwer na porcie 3000
[2025-04-07 14:14:06] [INFO] Połączono z MariaDB
[2025-04-07 14:14:41] [INFO] Uruchomiono serwer na porcie 3000
[2025-04-07 14:14:41] [INFO] Połączono z MariaDB
[2025-04-07 14:15:21] [INFO] Uruchomiono serwer na porcie 3000
[2025-04-07 14:15:21] [INFO] Połączono z MariaDB
[2025-04-07 14:15:33] [INFO] Uruchomiono serwer na porcie 3000
[2025-04-07 14:15:33] [INFO] Połączono z MariaDB
[2025-04-07 14:15:38] [INFO] Uruchomiono serwer na porcie 3000
[2025-04-07 14:15:38] [INFO] Połączono z MariaDB
[2025-04-07 14:15:44] [INFO] Uruchomiono serwer na porcie 3000
[2025-04-07 14:15:44] [INFO] Połączono z MariaDB
[2025-04-07 14:15:53] [INFO] Uruchomiono serwer na porcie 3000
[2025-04-07 14:15:53] [INFO] Połączono z MariaDB
[2025-04-07 14:16:08] [INFO] Uruchomiono serwer na porcie 3000
[2025-04-07 14:16:08] [INFO] Połączono z MariaDB
[2025-04-07 14:16:12] [INFO] Uruchomiono serwer na porcie 3000
[2025-04-07 14:16:12] [INFO] Połączono z MariaDB
[2025-04-07 14:16:42] [INFO] Uruchomiono serwer na porcie 3000
[2025-04-07 14:16:42] [INFO] Połączono z MariaDB
[2025-04-07 14:16:50] [INFO] Uruchomiono serwer na porcie 3000
[2025-04-07 14:16:50] [INFO] Połączono z MariaDB
[2025-04-07 14:16:57] [INFO] Uruchomiono serwer na porcie 3000
[2025-04-07 14:16:57] [INFO] Połączono z MariaDB
[2025-04-07 14:17:24] [INFO] Uruchomiono serwer na porcie 3000
[2025-04-07 14:17:24] [INFO] Połączono z MariaDB
[2025-04-07 14:17:32] [INFO] Uruchomiono serwer na porcie 3000
[2025-04-07 14:17:32] [INFO] Połączono z MariaDB
[2025-04-07 14:17:40] [INFO] Uruchomiono serwer na porcie 3000
[2025-04-07 14:17:40] [INFO] Połączono z MariaDB
[2025-04-07 14:18:53] [INFO] Uruchomiono serwer na porcie 3000
[2025-04-07 14:18:53] [INFO] Połączono z MariaDB
[2025-04-07 14:18:57] [INFO] Uruchomiono serwer na porcie 3000
[2025-04-07 14:18:57] [INFO] Połączono z MariaDB
[2025-04-07 14:19:36] [INFO] Uruchomiono serwer na porcie 3000
[2025-04-07 14:19:36] [INFO] Połączono z MariaDB
[2025-04-07 14:20:01] [INFO] Uruchomiono serwer na porcie 3000
[2025-04-07 14:20:01] [INFO] Połączono z MariaDB
[2025-04-07 14:27:54] [INFO] Zalogowano Serwis
[2025-04-07 14:58:03] [ERROR] ReferenceError: pinSklep is not defined
[2025-04-07 14:58:06] [ERROR] ReferenceError: pinSklep is not defined
[2025-04-07 14:58:07] [ERROR] ReferenceError: pinSklep is not defined
[2025-04-07 14:58:15] [ERROR] ReferenceError: pinSklep is not defined
[2025-04-07 14:58:19] [ERROR] ReferenceError: pinSklep is not defined
[2025-04-07 14:58:20] [ERROR] ReferenceError: pinSklep is not defined
[2025-04-07 14:58:26] [INFO] Zalogowano Serwis
[2025-04-07 14:58:56] [ERROR] ReferenceError: pinSklep is not defined
[2025-04-07 14:58:57] [ERROR] ReferenceError: pinSklep is not defined
[2025-04-07 15:00:15] [ERROR] ReferenceError: pinSklep is not defined
[2025-04-07 15:00:36] [ERROR] ReferenceError: pinSklep is not defined
[2025-04-07 15:01:53] [ERROR] ReferenceError: pinSklep is not defined
[2025-04-07 15:02:35] [INFO] Uruchomiono serwer na porcie 3000
[2025-04-07 15:02:35] [INFO] Połączono z MariaDB
[2025-04-07 15:02:43] [INFO] Zalogowano: mati
[2025-04-07 15:09:39] [INFO] Uruchomiono serwer na porcie 3000
[2025-04-07 15:09:39] [INFO] Połączono z MariaDB
[2025-04-07 15:09:47] [INFO] Uruchomiono serwer na porcie 3000
[2025-04-07 15:09:47] [INFO] Połączono z MariaDB
[2025-04-07 15:09:50] [INFO] Uruchomiono serwer na porcie 3000
[2025-04-07 15:09:51] [INFO] Połączono z MariaDB
[2025-04-07 15:10:00] [INFO] Uruchomiono serwer na porcie 3000
[2025-04-07 15:10:00] [INFO] Połączono z MariaDB
[2025-04-07 15:10:34] [INFO] Uruchomiono serwer na porcie 3000
[2025-04-07 15:10:34] [INFO] Połączono z MariaDB
[2025-04-07 15:10:46] [INFO] Uruchomiono serwer na porcie 3000
[2025-04-07 15:10:46] [INFO] Połączono z MariaDB
[2025-04-07 15:11:32] [INFO] Uruchomiono serwer na porcie 3000
[2025-04-07 15:11:32] [INFO] Połączono z MariaDB
[2025-04-07 15:11:50] [INFO] Uruchomiono serwer na porcie 3000
[2025-04-07 15:11:50] [INFO] Połączono z MariaDB
[2025-04-07 15:11:57] [INFO] Uruchomiono serwer na porcie 3000
[2025-04-07 15:11:57] [INFO] Połączono z MariaDB
[2025-04-07 15:11:58] [INFO] Uruchomiono serwer na porcie 3000
[2025-04-07 15:11:59] [INFO] Połączono z MariaDB
[2025-04-07 15:12:12] [INFO] Uruchomiono serwer na porcie 3000
[2025-04-07 15:12:12] [INFO] Połączono z MariaDB
[2025-04-07 15:12:22] [INFO] Uruchomiono serwer na porcie 3000
[2025-04-07 15:12:22] [INFO] Połączono z MariaDB
[2025-04-07 15:12:27] [INFO] Uruchomiono serwer na porcie 3000
[2025-04-07 15:12:27] [INFO] Połączono z MariaDB
[2025-04-07 15:12:36] [INFO] Uruchomiono serwer na porcie 3000
[2025-04-07 15:12:36] [INFO] Połączono z MariaDB
[2025-04-07 15:12:42] [INFO] Uruchomiono serwer na porcie 3000
[2025-04-07 15:12:42] [INFO] Połączono z MariaDB
[2025-04-07 15:12:52] [INFO] Uruchomiono serwer na porcie 3000
[2025-04-07 15:12:52] [INFO] Połączono z MariaDB
[2025-04-07 15:13:21] [INFO] Uruchomiono serwer na porcie 3000
[2025-04-07 15:13:21] [INFO] Połączono z MariaDB
[2025-04-07 15:14:10] [INFO] Uruchomiono serwer na porcie 3000
[2025-04-07 15:14:10] [INFO] Połączono z MariaDB
[2025-04-07 15:14:15] [INFO] Uruchomiono serwer na porcie 3000
[2025-04-07 15:14:15] [INFO] Połączono z MariaDB
[2025-04-07 15:14:52] [INFO] Uruchomiono serwer na porcie 3000
[2025-04-07 15:14:52] [INFO] Połączono z MariaDB
[2025-04-07 15:15:32] [INFO] Uruchomiono serwer na porcie 3000
[2025-04-07 15:15:32] [INFO] Połączono z MariaDB
[2025-04-07 15:16:01] [INFO] Uruchomiono serwer na porcie 3000
[2025-04-07 15:16:01] [INFO] Połączono z MariaDB
[2025-04-07 15:16:09] [INFO] Uruchomiono serwer na porcie 3000
[2025-04-07 15:16:09] [INFO] Połączono z MariaDB
[2025-04-07 15:16:13] [INFO] Uruchomiono serwer na porcie 3000
[2025-04-07 15:16:13] [INFO] Połączono z MariaDB
[2025-04-07 15:16:53] [INFO] Uruchomiono serwer na porcie 3000
[2025-04-07 15:16:53] [INFO] Połączono z MariaDB
[2025-04-07 15:16:58] [INFO] Uruchomiono serwer na porcie 3000
[2025-04-07 15:16:58] [INFO] Połączono z MariaDB
[2025-04-07 15:17:08] [INFO] Uruchomiono serwer na porcie 3000
[2025-04-07 15:17:08] [INFO] Połączono z MariaDB
[2025-04-07 15:17:13] [INFO] Uruchomiono serwer na porcie 3000
[2025-04-07 15:17:13] [INFO] Połączono z MariaDB
[2025-04-07 15:18:12] [INFO] Uruchomiono serwer na porcie 3000
[2025-04-07 15:18:12] [INFO] Połączono z MariaDB
[2025-04-07 15:18:14] [INFO] Uruchomiono serwer na porcie 3000
[2025-04-07 15:18:14] [INFO] Połączono z MariaDB
[2025-04-07 15:18:26] [INFO] Uruchomiono serwer na porcie 3000
[2025-04-07 15:18:26] [INFO] Połączono z MariaDB
[2025-04-07 15:18:31] [INFO] Uruchomiono serwer na porcie 3000
[2025-04-07 15:18:31] [INFO] Połączono z MariaDB
[2025-04-07 15:22:23] [INFO] Zalogowano: sk
[2025-04-07 15:26:58] [INFO] Zalogowano Serwis
[2025-04-07 15:27:03] [INFO] Użytkownik 2 przypisany do sklepów: 2
[2025-04-07 15:28:37] [INFO] Uruchomiono serwer na porcie 3000
[2025-04-07 15:28:37] [INFO] Połączono z MariaDB
[2025-04-07 15:29:23] [INFO] Uruchomiono serwer na porcie 3000
[2025-04-07 15:29:23] [INFO] Połączono z MariaDB
[2025-04-07 15:29:35] [INFO] Uruchomiono serwer na porcie 3000
[2025-04-07 15:29:35] [INFO] Połączono z MariaDB
[2025-04-07 15:29:45] [INFO] Uruchomiono serwer na porcie 3000
[2025-04-07 15:29:45] [INFO] Połączono z MariaDB
[2025-04-07 15:29:47] [ERROR] Błąd połączenia z Bazą Danych: SqlError: (conn:13102, no: 1064, SQLState: 42000) You have an error in your SQL syntax; check the manual that corresponds to your MariaDB server version for the right syntax to use near 'us.UzSklUzId = '123456789'' at line 1
sql: 
    select * from sklepy as s left join uzytkownicysklep as us on us.UzSklSklId = s.SklIdWHERE us.UzSklUzId = ? - parameters:['123456789']
[2025-04-07 15:29:50] [INFO] Zalogowano Serwis
[2025-04-07 15:29:53] [ERROR] Błąd połączenia z Bazą Danych: SqlError: (conn:13104, no: 1064, SQLState: 42000) You have an error in your SQL syntax; check the manual that corresponds to your MariaDB server version for the right syntax to use near 'us.UzSklUzId = '123456789'' at line 1
sql: 
    select * from sklepy as s left join uzytkownicysklep as us on us.UzSklSklId = s.SklIdWHERE us.UzSklUzId = ? - parameters:['123456789']
[2025-04-07 15:30:22] [ERROR] Błąd połączenia z Bazą Danych: SqlError: (conn:13105, no: 1064, SQLState: 42000) You have an error in your SQL syntax; check the manual that corresponds to your MariaDB server version for the right syntax to use near 'us.UzSklUzId = '123456789'' at line 1
sql: 
    select * from sklepy as s left join uzytkownicysklep as us on us.UzSklSklId = s.SklIdWHERE us.UzSklUzId = ? - parameters:['123456789']
[2025-04-07 15:30:37] [INFO] Uruchomiono serwer na porcie 3000
[2025-04-07 15:30:37] [INFO] Połączono z MariaDB
[2025-04-07 15:32:15] [INFO] Uruchomiono serwer na porcie 3000
[2025-04-07 15:32:15] [INFO] Połączono z MariaDB
[2025-04-07 15:32:19] [INFO] Uruchomiono serwer na porcie 3000
[2025-04-07 15:32:19] [INFO] Połączono z MariaDB
[2025-04-07 15:32:33] [INFO] Uruchomiono serwer na porcie 3000
[2025-04-07 15:32:33] [INFO] Połączono z MariaDB
[2025-04-07 15:32:39] [INFO] Uruchomiono serwer na porcie 3000
[2025-04-07 15:32:39] [INFO] Połączono z MariaDB
[2025-04-07 15:33:08] [INFO] Uruchomiono serwer na porcie 3000
[2025-04-07 15:33:08] [INFO] Połączono z MariaDB
[2025-04-07 15:33:19] [INFO] Uruchomiono serwer na porcie 3000
[2025-04-07 15:33:19] [INFO] Połączono z MariaDB
[2025-04-07 15:33:41] [INFO] Uruchomiono serwer na porcie 3000
[2025-04-07 15:33:41] [INFO] Połączono z MariaDB
[2025-04-07 15:34:56] [INFO] Uruchomiono serwer na porcie 3000
[2025-04-07 15:34:56] [INFO] Połączono z MariaDB
[2025-04-07 15:35:19] [INFO] Uruchomiono serwer na porcie 3000
[2025-04-07 15:35:19] [INFO] Połączono z MariaDB
[2025-04-07 15:35:35] [INFO] Uruchomiono serwer na porcie 3000
[2025-04-07 15:35:35] [INFO] Połączono z MariaDB
[2025-04-07 15:37:38] [INFO] Uruchomiono serwer na porcie 3000
[2025-04-07 15:37:38] [INFO] Połączono z MariaDB
[2025-04-07 15:37:54] [INFO] Uruchomiono serwer na porcie 3000
[2025-04-07 15:37:54] [INFO] Połączono z MariaDB
[2025-04-07 15:38:09] [INFO] Zalogowano: mati
[2025-04-07 15:38:20] [INFO] Zalogowano: sk
[2025-04-07 15:39:00] [INFO] Uruchomiono serwer na porcie 3000
[2025-04-07 15:39:00] [INFO] Połączono z MariaDB
[2025-04-07 15:39:58] [INFO] Uruchomiono serwer na porcie 3000
[2025-04-07 15:39:58] [INFO] Połączono z MariaDB
[2025-04-07 15:40:01] [INFO] Uruchomiono serwer na porcie 3000
[2025-04-07 15:40:01] [INFO] Połączono z MariaDB
[2025-04-07 15:40:33] [INFO] Uruchomiono serwer na porcie 3000
[2025-04-07 15:40:33] [INFO] Połączono z MariaDB
[2025-04-07 15:40:44] [INFO] Uruchomiono serwer na porcie 3000
[2025-04-07 15:40:44] [INFO] Połączono z MariaDB
[2025-04-07 15:41:08] [ERROR] Błąd połączenia z bazą danych: SqlError: (conn:14005, no: 1064, SQLState: 42000) You have an error in your SQL syntax; check the manual that corresponds to your MariaDB server version for the right syntax to use near '?
    group by
	    date(d.DokData)' at line 9
sql: 
    select
	    format(sum(dp.DokPozCena), 2) as wartoscSprzedazyDzien,
	    date(d.DokData) as SprzedazDzien
    from
	    dokumentypozycje as dp
    left join dokumenty as d on
	    d.DokId = dp.DokPozDokId
	    left join uzytkownicysklep as us on us.Uz... - parameters:[]
[2025-04-07 15:41:12] [ERROR] Błąd połączenia z bazą danych: SqlError: (conn:14006, no: 1064, SQLState: 42000) You have an error in your SQL syntax; check the manual that corresponds to your MariaDB server version for the right syntax to use near '?
    group by
	    date(d.DokData)' at line 9
sql: 
    select
	    format(sum(dp.DokPozCena), 2) as wartoscSprzedazyDzien,
	    date(d.DokData) as SprzedazDzien
    from
	    dokumentypozycje as dp
    left join dokumenty as d on
	    d.DokId = dp.DokPozDokId
	    left join uzytkownicysklep as us on us.Uz... - parameters:[]
[2025-04-07 15:41:24] [INFO] Uruchomiono serwer na porcie 3000
[2025-04-07 15:41:24] [INFO] Połączono z MariaDB
[2025-04-07 15:41:31] [INFO] Uruchomiono serwer na porcie 3000
[2025-04-07 15:41:31] [INFO] Połączono z MariaDB
[2025-04-07 15:41:50] [INFO] Uruchomiono serwer na porcie 3000
[2025-04-07 15:41:50] [INFO] Połączono z MariaDB
[2025-04-07 15:42:04] [INFO] Uruchomiono serwer na porcie 3000
[2025-04-07 15:42:04] [INFO] Połączono z MariaDB
[2025-04-07 15:42:26] [INFO] Zalogowano: mati
[2025-04-07 15:43:18] [INFO] Uruchomiono serwer na porcie 3000
[2025-04-07 15:43:18] [INFO] Połączono z MariaDB
[2025-04-07 15:43:25] [INFO] Uruchomiono serwer na porcie 3000
[2025-04-07 15:43:25] [INFO] Połączono z MariaDB
[2025-04-07 15:45:35] [INFO] Uruchomiono serwer na porcie 3000
[2025-04-07 15:45:35] [INFO] Połączono z MariaDB
[2025-04-07 15:46:02] [INFO] Uruchomiono serwer na porcie 3000
[2025-04-07 15:46:02] [INFO] Połączono z MariaDB
[2025-04-07 15:46:09] [ERROR] Błąd połączenia z Bazą Danych: SqlError: (conn:14406, no: 1064, SQLState: 42000) You have an error in your SQL syntax; check the manual that corresponds to your MariaDB server version for the right syntax to use near 'us.UzSklUzId = '1'' at line 1
sql: 
    select * from sklepy as s left join uzytkownicysklep as us on us.UzSklSklId = s.SklIdWHERE us.UzSklUzId = ? - parameters:['1']
[2025-04-07 15:46:18] [ERROR] Błąd połączenia z Bazą Danych: SqlError: (conn:14411, no: 1064, SQLState: 42000) You have an error in your SQL syntax; check the manual that corresponds to your MariaDB server version for the right syntax to use near 'us.UzSklUzId = '1'' at line 1
sql: 
    select * from sklepy as s left join uzytkownicysklep as us on us.UzSklSklId = s.SklIdWHERE us.UzSklUzId = ? - parameters:['1']
[2025-04-07 15:46:23] [INFO] Zalogowano: sk
[2025-04-07 15:46:27] [ERROR] Błąd połączenia z Bazą Danych: SqlError: (conn:14418, no: 1064, SQLState: 42000) You have an error in your SQL syntax; check the manual that corresponds to your MariaDB server version for the right syntax to use near 'us.UzSklUzId = '2'' at line 1
sql: 
    select * from sklepy as s left join uzytkownicysklep as us on us.UzSklSklId = s.SklIdWHERE us.UzSklUzId = ? - parameters:['2']
[2025-04-07 15:46:41] [ERROR] Błąd połączenia z Bazą Danych: SqlError: (conn:14419, no: 1064, SQLState: 42000) You have an error in your SQL syntax; check the manual that corresponds to your MariaDB server version for the right syntax to use near 'us.UzSklUzId = '2'' at line 1
sql: 
    select * from sklepy as s left join uzytkownicysklep as us on us.UzSklSklId = s.SklIdWHERE us.UzSklUzId = ? - parameters:['2']
[2025-04-07 15:47:06] [INFO] Uruchomiono serwer na porcie 3000
[2025-04-07 15:47:06] [INFO] Połączono z MariaDB
[2025-04-07 15:47:17] [INFO] Uruchomiono serwer na porcie 3000
[2025-04-07 15:47:17] [INFO] Połączono z MariaDB
[2025-04-07 15:47:21] [INFO] Uruchomiono serwer na porcie 3000
[2025-04-07 15:47:21] [INFO] Połączono z MariaDB
[2025-04-07 15:47:23] [ERROR] Błąd połączenia z Bazą Danych: SqlError: (conn:14552, no: 1064, SQLState: 42000) You have an error in your SQL syntax; check the manual that corresponds to your MariaDB server version for the right syntax to use near 'us.UzSklUzId = '2'' at line 1
sql: 
    select * from sklepy as s left join uzytkownicysklep as us on us.UzSklSklId = s.SklIdWHERE us.UzSklUzId = ? - parameters:['2']
[2025-04-07 15:47:25] [INFO] Uruchomiono serwer na porcie 3000
[2025-04-07 15:47:25] [INFO] Połączono z MariaDB
[2025-04-07 15:47:44] [INFO] Zalogowano: mati
[2025-04-07 15:54:07] [INFO] Aplikacja zamknięta przez: SIGHUP (restart systemu lub pm2 stop)
[2025-04-07 15:54:08] [INFO] Aplikacja zakończyła działanie.
[2025-04-07 15:54:08] [INFO] Uruchomiono serwer na porcie 3000
[2025-04-07 15:54:08] [INFO] Połączono z MariaDB
