[2025-04-09 08:24:48] [INFO] Uruchomiono serwer na porcie 3000
[2025-04-09 08:24:48] [INFO] Połączono z MariaDB
[2025-04-09 08:24:53] [INFO] Zalogowano Serwis
[2025-04-09 08:30:25] [INFO] Aplikacja zamknięta przez: SIGINT (CTRL+C lub pm2 stop)
[2025-04-09 08:30:25] [INFO] Aplikacja zakończyła działanie.
[2025-04-09 08:30:29] [INFO] Uruchomiono serwer na porcie 3000
[2025-04-09 08:30:29] [INFO] Połączono z MariaDB
[2025-04-09 08:30:39] [ERROR] Nieobsłużony błąd: Cannot set headers after they are sent to the client
[2025-04-09 08:30:39] [INFO] Aplikacja zakończyła działanie.
[2025-04-09 08:31:08] [INFO] Uruchomiono serwer na porcie 3000
[2025-04-09 08:31:08] [INFO] Połączono z MariaDB
[2025-04-09 08:31:08] [ERROR] Nieobsłużony błąd: Cannot set headers after they are sent to the client
[2025-04-09 08:31:08] [INFO] Aplikacja zakończyła działanie.
[2025-04-09 08:31:43] [INFO] Uruchomiono serwer na porcie 3000
[2025-04-09 08:31:43] [INFO] Połączono z MariaDB
[2025-04-09 08:31:48] [INFO] Zalogowano Serwis
[2025-04-09 08:31:55] [ERROR] Nieobsłużony błąd: Cannot set headers after they are sent to the client
[2025-04-09 08:31:55] [INFO] Aplikacja zakończyła działanie.
[2025-04-09 08:32:33] [INFO] Połączono z MariaDB
[2025-04-09 08:32:59] [INFO] Aplikacja zamknięta przez: SIGINT (CTRL+C lub pm2 stop)
[2025-04-09 08:33:01] [INFO] Połączono z MariaDB
[2025-04-09 08:33:14] [INFO] Aplikacja zamknięta przez: SIGINT (CTRL+C lub pm2 stop)
[2025-04-09 08:33:17] [INFO] Połączono z MariaDB
[2025-04-09 08:34:23] [INFO] Aplikacja zamknięta przez: SIGINT (CTRL+C lub pm2 stop)
[2025-04-09 08:34:24] [INFO] Aplikacja zakończyła działanie.
[2025-04-09 08:34:25] [INFO] Połączono z MariaDB
[2025-04-09 08:34:27] [INFO] Aplikacja zamknięta przez: SIGINT (CTRL+C lub pm2 stop)
[2025-04-09 08:34:27] [INFO] Aplikacja zakończyła działanie.
[2025-04-09 08:34:49] [INFO] Uruchomiono serwer na porcie 3000
[2025-04-09 08:34:49] [INFO] Połączono z MariaDB
[2025-04-09 08:34:51] [INFO] Aplikacja zamknięta przez: SIGINT (CTRL+C lub pm2 stop)
[2025-04-09 08:34:51] [INFO] Aplikacja zakończyła działanie.
[2025-04-09 08:34:55] [INFO] Uruchomiono serwer na porcie 3000
[2025-04-09 08:34:55] [INFO] Połączono z MariaDB
[2025-04-09 08:35:30] [INFO] Uruchomiono serwer na porcie 3000
[2025-04-09 08:35:30] [INFO] Połączono z MariaDB
[2025-04-09 08:35:35] [INFO] Odczytano smakId: 1 
[2025-04-09 08:35:39] [INFO] Odczytano smakId: 2 
[2025-04-09 08:35:41] [INFO] Odczytano smakId: 3 
[2025-04-09 08:36:43] [INFO] Uruchomiono serwer na porcie 3000
[2025-04-09 08:36:43] [INFO] Połączono z MariaDB
[2025-04-09 08:37:42] [INFO] Uruchomiono serwer na porcie 3000
[2025-04-09 08:37:42] [INFO] Połączono z MariaDB
[2025-04-09 08:40:32] [INFO] Uruchomiono serwer na porcie 3000
[2025-04-09 08:40:32] [INFO] Połączono z MariaDB
[2025-04-09 08:41:12] [INFO] Uruchomiono serwer na porcie 3000
[2025-04-09 08:41:12] [INFO] Połączono z MariaDB
[2025-04-09 08:42:09] [INFO] Aplikacja zamknięta przez: SIGINT (CTRL+C lub pm2 stop)
[2025-04-09 08:42:10] [INFO] Uruchomiono serwer na porcie 3000
[2025-04-09 08:42:10] [INFO] Połączono z MariaDB
[2025-04-09 08:42:36] [INFO] Uruchomiono serwer na porcie 3000
[2025-04-09 08:42:36] [INFO] Połączono z MariaDB
[2025-04-09 08:43:08] [INFO] Uruchomiono serwer na porcie 3000
[2025-04-09 08:43:08] [INFO] Połączono z MariaDB
[2025-04-09 08:43:30] [INFO] Uruchomiono serwer na porcie 3000
[2025-04-09 08:43:30] [INFO] Połączono z MariaDB
[2025-04-09 08:44:42] [INFO] Uruchomiono serwer na porcie 3000
[2025-04-09 08:44:42] [INFO] Połączono z MariaDB
[2025-04-09 08:45:40] [INFO] Uruchomiono serwer na porcie 3000
[2025-04-09 08:45:40] [INFO] Połączono z MariaDB
[2025-04-09 08:46:04] [INFO] Uruchomiono serwer na porcie 3000
[2025-04-09 08:46:04] [INFO] Połączono z MariaDB
[2025-04-09 08:46:07] [INFO] Odczytano smakId: null 
[2025-04-09 08:46:19] [INFO] Uruchomiono serwer na porcie 3000
[2025-04-09 08:46:19] [INFO] Połączono z MariaDB
[2025-04-09 08:46:22] [INFO] Odczytano smakId: null 
[2025-04-09 08:47:40] [INFO] Uruchomiono serwer na porcie 3000
[2025-04-09 08:47:40] [INFO] Połączono z MariaDB
[2025-04-09 08:48:36] [INFO] Uruchomiono serwer na porcie 3000
[2025-04-09 08:48:36] [INFO] Połączono z MariaDB
[2025-04-09 08:48:39] [INFO] Uruchomiono serwer na porcie 3000
[2025-04-09 08:48:39] [INFO] Połączono z MariaDB
[2025-04-09 08:49:22] [INFO] Uruchomiono serwer na porcie 3000
[2025-04-09 08:49:22] [INFO] Połączono z MariaDB
[2025-04-09 08:49:45] [INFO] Uruchomiono serwer na porcie 3000
[2025-04-09 08:49:45] [INFO] Połączono z MariaDB
[2025-04-09 08:49:46] [INFO] Uruchomiono serwer na porcie 3000
[2025-04-09 08:49:46] [INFO] Połączono z MariaDB
[2025-04-09 08:49:47] [INFO] Odczytano smakId: 1 
[2025-04-09 08:49:50] [INFO] Odczytano smakId: 1 
[2025-04-09 08:50:57] [INFO] Uruchomiono serwer na porcie 3000
[2025-04-09 08:50:57] [INFO] Połączono z MariaDB
[2025-04-09 08:50:57] [INFO] Odczytano smakId: 1 
[2025-04-09 08:51:54] [INFO] Uruchomiono serwer na porcie 3000
[2025-04-09 08:51:54] [INFO] Połączono z MariaDB
[2025-04-09 08:51:57] [INFO] Odczytano smakId: 1 
[2025-04-09 08:52:10] [INFO] Odczytano smakId: 1 
[2025-04-09 08:52:13] [INFO] Odczytano smakId: 6 
[2025-04-09 08:53:03] [INFO] Uruchomiono serwer na porcie 3000
[2025-04-09 08:53:03] [INFO] Połączono z MariaDB
[2025-04-09 08:53:05] [INFO] Odczytano smakId: 3 
[2025-04-09 08:54:11] [INFO] Uruchomiono serwer na porcie 3000
[2025-04-09 08:54:11] [INFO] Połączono z MariaDB
[2025-04-09 08:54:15] [INFO] Odczytano smakId: 2 
[2025-04-09 08:54:40] [INFO] Odczytano smakId: 2 
[2025-04-09 08:54:55] [INFO] Uruchomiono serwer na porcie 3000
[2025-04-09 08:54:55] [INFO] Połączono z MariaDB
[2025-04-09 08:54:57] [INFO] Odczytano smakId: 2 
[2025-04-09 08:55:04] [INFO] Odczytano smakId: 4 
[2025-04-09 08:56:34] [INFO] Uruchomiono serwer na porcie 3000
[2025-04-09 08:56:34] [INFO] Połączono z MariaDB
[2025-04-09 09:02:43] [INFO] Uruchomiono serwer na porcie 3000
[2025-04-09 09:02:43] [INFO] Połączono z MariaDB
[2025-04-09 09:02:58] [INFO] Uruchomiono serwer na porcie 3000
[2025-04-09 09:02:58] [INFO] Połączono z MariaDB
[2025-04-09 09:03:42] [INFO] Uruchomiono serwer na porcie 3000
[2025-04-09 09:03:42] [INFO] Połączono z MariaDB
[2025-04-09 09:04:05] [INFO] Uruchomiono serwer na porcie 3000
[2025-04-09 09:04:05] [INFO] Połączono z MariaDB
[2025-04-09 09:04:29] [INFO] Uruchomiono serwer na porcie 3000
[2025-04-09 09:04:29] [INFO] Połączono z MariaDB
[2025-04-09 09:08:44] [INFO] Uruchomiono serwer na porcie 3000
[2025-04-09 09:08:44] [INFO] Połączono z MariaDB
[2025-04-09 09:08:47] [INFO] Odczytano smakId: 1 
[2025-04-09 09:08:50] [INFO] Odczytano smakId: 6 
[2025-04-09 09:09:00] [INFO] Uruchomiono serwer na porcie 3000
[2025-04-09 09:09:00] [INFO] Połączono z MariaDB
[2025-04-09 09:09:14] [INFO] Uruchomiono serwer na porcie 3000
[2025-04-09 09:09:14] [INFO] Połączono z MariaDB
[2025-04-09 09:10:15] [INFO] Uruchomiono serwer na porcie 3000
[2025-04-09 09:10:15] [INFO] Połączono z MariaDB
[2025-04-09 09:10:54] [INFO] Uruchomiono serwer na porcie 3000
[2025-04-09 09:10:54] [INFO] Połączono z MariaDB
[2025-04-09 09:10:56] [INFO] Odczytano smakId: 6 
[2025-04-09 09:10:58] [INFO] Odczytano smakId: 1 
[2025-04-09 09:11:44] [INFO] Uruchomiono serwer na porcie 3000
[2025-04-09 09:11:44] [INFO] Połączono z MariaDB
[2025-04-09 09:11:49] [INFO] Uruchomiono serwer na porcie 3000
[2025-04-09 09:11:49] [INFO] Połączono z MariaDB
[2025-04-09 09:11:51] [INFO] Odczytano smakId: 1 
[2025-04-09 09:11:53] [ERROR] Błąd połączenia z bazą danych: SqlError: (conn:2309, no: 45016, SQLState: HY000) Parameter at position 2 is not set
sql: UPDATE Smaki SET SmkNazwa = ?, SmkKolor = ?, SmkTekstKolor = ? WHERE SmkId = ? - parameters:['Czekolada123']
[2025-04-09 09:13:00] [INFO] Uruchomiono serwer na porcie 3000
[2025-04-09 09:13:00] [INFO] Połączono z MariaDB
[2025-04-09 09:13:03] [INFO] Odczytano smakId: 1 
[2025-04-09 09:13:05] [ERROR] Błąd połączenia z bazą danych: TypeError: Do not know how to serialize a BigInt
[2025-04-09 09:15:18] [INFO] Uruchomiono serwer na porcie 3000
[2025-04-09 09:15:18] [INFO] Połączono z MariaDB
[2025-04-09 09:15:22] [INFO] Odczytano smakId: 1 
[2025-04-09 09:15:24] [INFO] Odczytano smakId: 1 
[2025-04-09 09:15:28] [ERROR] Błąd połączenia z bazą danych: TypeError: data.map is not a function
[2025-04-09 09:15:31] [INFO] Odczytano smakId: 1 
[2025-04-09 09:15:31] [INFO] Odczytano smakId: 1 
[2025-04-09 09:15:32] [INFO] Odczytano smakId: 1 
[2025-04-09 09:15:39] [INFO] Uruchomiono serwer na porcie 3000
[2025-04-09 09:15:39] [INFO] Połączono z MariaDB
[2025-04-09 09:15:39] [INFO] Odczytano smakId: 1 
[2025-04-09 09:15:42] [INFO] Odczytano smakId: 1 
[2025-04-09 09:15:46] [ERROR] Błąd połączenia z bazą danych: TypeError: Do not know how to serialize a BigInt
[2025-04-09 09:16:31] [INFO] Uruchomiono serwer na porcie 3000
[2025-04-09 09:16:31] [INFO] Połączono z MariaDB
[2025-04-09 09:17:02] [INFO] Odczytano smakId: 2 
[2025-04-09 09:17:04] [ERROR] Błąd połączenia z bazą danych: TypeError: Do not know how to serialize a BigInt
[2025-04-09 09:17:28] [INFO] Uruchomiono serwer na porcie 3000
[2025-04-09 09:17:28] [INFO] Połączono z MariaDB
[2025-04-09 09:17:30] [INFO] Odczytano smakId: 2 
[2025-04-09 09:17:31] [ERROR] Błąd połączenia z bazą danych: TypeError: data.map is not a function
[2025-04-09 09:18:09] [INFO] Uruchomiono serwer na porcie 3000
[2025-04-09 09:18:09] [INFO] Połączono z MariaDB
[2025-04-09 09:18:10] [INFO] Odczytano smakId: 2 
[2025-04-09 09:18:12] [ERROR] Błąd połączenia z bazą danych: TypeError: Do not know how to serialize a BigInt
[2025-04-09 09:18:48] [INFO] Uruchomiono serwer na porcie 3000
[2025-04-09 09:18:48] [INFO] Połączono z MariaDB
[2025-04-09 09:18:50] [INFO] Odczytano smakId: 2 
[2025-04-09 09:19:06] [INFO] Odczytano smakId: 1 
[2025-04-09 09:19:38] [INFO] Uruchomiono serwer na porcie 3000
[2025-04-09 09:19:38] [INFO] Połączono z MariaDB
[2025-04-09 09:19:48] [INFO] Odczytano smakId: 2 
[2025-04-09 09:20:32] [INFO] Uruchomiono serwer na porcie 3000
[2025-04-09 09:20:32] [INFO] Połączono z MariaDB
[2025-04-09 09:22:27] [INFO] Odczytano smakId: 7 
[2025-04-09 09:22:32] [INFO] Odczytano smakId: 10 
[2025-04-09 09:45:09] [INFO] Aplikacja zamknięta przez: SIGINT (CTRL+C lub pm2 stop)
[2025-04-09 13:33:44] [INFO] Uruchomiono serwer na porcie 3000
[2025-04-09 13:33:44] [INFO] Połączono z MariaDB
[2025-04-09 13:33:49] [INFO] Zalogowano: mati (Sklep: Prusa)
[2025-04-09 13:33:50] [INFO] Zmiana zarejestrowana dla użytkownika: 1
[2025-04-09 13:33:52] [INFO] Zmiana zarejestrowana dla użytkownika: 1
[2025-04-09 13:33:53] [INFO] Zmiana zarejestrowana dla użytkownika: 1
[2025-04-09 14:04:38] [INFO] Uruchomiono serwer na porcie 3000
[2025-04-09 14:04:38] [INFO] Połączono z MariaDB
[2025-04-09 14:05:11] [INFO] Uruchomiono serwer na porcie 3000
[2025-04-09 14:05:11] [INFO] Połączono z MariaDB
[2025-04-09 14:08:13] [INFO] Uruchomiono serwer na porcie 3000
[2025-04-09 14:08:13] [INFO] Połączono z MariaDB
[2025-04-09 14:10:02] [INFO] Zalogowano: mati (Sklep: Prusa)
[2025-04-09 14:10:08] [INFO] Ułożenie dodano pomyślnie: SKLEP: 1 = KUWETA1: undefined | KUWETA2: undefined | KUWETA3: 4 | KUWETA4: 3 | KUWETA5: 1 | KUWETA6: undefined | KUWETA7: undefined | KUWETA8: undefined | KUWETA9: undefined | KUWETA10: undefined
[2025-04-09 14:10:17] [INFO] Ułożenie dodano pomyślnie: SKLEP: 1 = KUWETA1: 19 | KUWETA2: 9 | KUWETA3: 4 | KUWETA4: 3 | KUWETA5: 1 | KUWETA6: undefined | KUWETA7: undefined | KUWETA8: undefined | KUWETA9: undefined | KUWETA10: 13
[2025-04-09 14:10:18] [INFO] Ułożenie dodano pomyślnie: SKLEP: 1 = KUWETA1: 19 | KUWETA2: 9 | KUWETA3: 4 | KUWETA4: 3 | KUWETA5: 1 | KUWETA6: undefined | KUWETA7: undefined | KUWETA8: undefined | KUWETA9: undefined | KUWETA10: 13
[2025-04-09 14:10:19] [INFO] Ułożenie dodano pomyślnie: SKLEP: 1 = KUWETA1: 19 | KUWETA2: 9 | KUWETA3: 4 | KUWETA4: 3 | KUWETA5: 1 | KUWETA6: undefined | KUWETA7: undefined | KUWETA8: undefined | KUWETA9: undefined | KUWETA10: 13
[2025-04-09 14:11:42] [INFO] Aplikacja zamknięta przez: SIGHUP (restart systemu lub pm2 stop)
[2025-04-09 14:11:42] [INFO] Aplikacja zakończyła działanie.
[2025-04-09 14:11:43] [INFO] Uruchomiono serwer na porcie 3000
[2025-04-09 14:11:43] [INFO] Połączono z MariaDB
[2025-04-09 14:12:14] [INFO] Uruchomiono serwer na porcie 3000
[2025-04-09 14:12:14] [INFO] Połączono z MariaDB
[2025-04-09 14:12:21] [INFO] Zalogowano: mati (Sklep: Prusa)
[2025-04-09 14:12:22] [INFO] Zmiana zarejestrowana dla użytkownika: 1
[2025-04-09 14:12:26] [INFO] Ułożenie dodano pomyślnie: SKLEP: 1 = KUWETA1: 19 | KUWETA2: 9 | KUWETA3: 4 | KUWETA4: 3 | KUWETA5: 1 | KUWETA6: undefined | KUWETA7: undefined | KUWETA8: undefined | KUWETA9: 7 | KUWETA10: 13
[2025-04-09 14:25:17] [INFO] Aplikacja zamknięta przez: SIGHUP (restart systemu lub pm2 stop)
[2025-04-09 14:25:17] [INFO] Aplikacja zakończyła działanie.
[2025-04-09 14:25:18] [INFO] Uruchomiono serwer na porcie 3000
[2025-04-09 14:25:18] [INFO] Połączono z MariaDB
[2025-04-09 14:28:05] [INFO] Uruchomiono serwer na porcie 3000
[2025-04-09 14:28:05] [INFO] Połączono z MariaDB
[2025-04-09 14:28:08] [INFO] Zalogowano Serwis
[2025-04-09 14:28:47] [INFO] Aplikacja zamknięta przez: SIGHUP (restart systemu lub pm2 stop)
[2025-04-09 14:28:48] [INFO] Aplikacja zakończyła działanie.
[2025-04-09 14:30:26] [INFO] Uruchomiono serwer na porcie 3000
[2025-04-09 14:30:26] [INFO] Połączono z MariaDB
[2025-04-09 14:30:32] [INFO] Zalogowano Serwis
[2025-04-09 14:30:57] [INFO] Aplikacja zamknięta przez: SIGINT (CTRL+C lub pm2 stop)
[2025-04-09 14:37:50] [INFO] Uruchomiono serwer na porcie 3000
[2025-04-09 14:37:50] [INFO] Połączono z MariaDB
[2025-04-09 14:40:49] [INFO] Zalogowano Serwis
[2025-04-09 14:42:08] [INFO] Zalogowano Serwis
[2025-04-09 14:42:41] [INFO] Uruchomiono serwer na porcie 3000
[2025-04-09 14:42:41] [INFO] Połączono z MariaDB
[2025-04-09 14:43:01] [INFO] Uruchomiono serwer na porcie 3000
[2025-04-09 14:43:01] [INFO] Połączono z MariaDB
[2025-04-09 14:43:47] [INFO] Uruchomiono serwer na porcie 3000
[2025-04-09 14:43:47] [INFO] Połączono z MariaDB
[2025-04-09 14:43:58] [INFO] Zalogowano: mati
[2025-04-09 14:44:05] [INFO] Zalogowano Serwis
[2025-04-09 14:44:50] [INFO] Uruchomiono serwer na porcie 3000
[2025-04-09 14:44:50] [INFO] Połączono z MariaDB
[2025-04-09 14:44:54] [INFO] Uruchomiono serwer na porcie 3000
[2025-04-09 14:44:54] [INFO] Połączono z MariaDB
[2025-04-09 14:46:08] [INFO] Uruchomiono serwer na porcie 3000
[2025-04-09 14:46:08] [INFO] Połączono z MariaDB
[2025-04-09 14:46:19] [INFO] Uruchomiono serwer na porcie 3000
[2025-04-09 14:46:19] [INFO] Połączono z MariaDB
[2025-04-09 14:46:39] [INFO] Uruchomiono serwer na porcie 3000
[2025-04-09 14:46:39] [INFO] Połączono z MariaDB
[2025-04-09 14:48:16] [INFO] Uruchomiono serwer na porcie 3000
[2025-04-09 14:48:16] [INFO] Połączono z MariaDB
[2025-04-09 14:48:18] [INFO] Uruchomiono serwer na porcie 3000
[2025-04-09 14:48:18] [INFO] Połączono z MariaDB
[2025-04-09 15:26:22] [INFO] Uruchomiono serwer na porcie 3000
[2025-04-09 15:26:22] [INFO] Połączono z MariaDB
[2025-04-09 15:28:04] [INFO] Uruchomiono serwer na porcie 3000
[2025-04-09 15:28:04] [INFO] Połączono z MariaDB
[2025-04-09 15:28:46] [INFO] Uruchomiono serwer na porcie 3000
[2025-04-09 15:28:46] [INFO] Połączono z MariaDB
[2025-04-09 15:29:13] [INFO] Uruchomiono serwer na porcie 3000
[2025-04-09 15:29:13] [INFO] Połączono z MariaDB
[2025-04-09 15:32:03] [INFO] Uruchomiono serwer na porcie 3000
[2025-04-09 15:32:03] [INFO] Połączono z MariaDB
[2025-04-09 15:33:32] [INFO] Uruchomiono serwer na porcie 3000
[2025-04-09 15:33:32] [INFO] Połączono z MariaDB
[2025-04-09 15:33:51] [INFO] Uruchomiono serwer na porcie 3000
[2025-04-09 15:33:51] [INFO] Połączono z MariaDB
[2025-04-09 15:34:49] [INFO] Aplikacja zamknięta przez: SIGINT (CTRL+C lub pm2 stop)
[2025-04-09 15:34:50] [INFO] Uruchomiono serwer na porcie 3000
[2025-04-09 15:34:50] [INFO] Połączono z MariaDB
[2025-04-09 15:35:29] [INFO] Uruchomiono serwer na porcie 3000
[2025-04-09 15:35:29] [INFO] Połączono z MariaDB
[2025-04-09 15:42:43] [INFO] Uruchomiono serwer na porcie 3000
[2025-04-09 15:42:43] [INFO] Połączono z MariaDB
[2025-04-09 15:43:32] [INFO] Uruchomiono serwer na porcie 3000
[2025-04-09 15:43:32] [INFO] Połączono z MariaDB
[2025-04-09 15:44:26] [INFO] Uruchomiono serwer na porcie 3000
[2025-04-09 15:44:26] [INFO] Połączono z MariaDB
[2025-04-09 15:46:13] [INFO] Uruchomiono serwer na porcie 3000
[2025-04-09 15:46:13] [INFO] Połączono z MariaDB
[2025-04-09 15:46:44] [INFO] Uruchomiono serwer na porcie 3000
[2025-04-09 15:46:44] [INFO] Połączono z MariaDB
[2025-04-09 15:50:28] [INFO] Uruchomiono serwer na porcie 3000
[2025-04-09 15:50:28] [INFO] Połączono z MariaDB
[2025-04-09 15:52:30] [INFO] Uruchomiono serwer na porcie 3000
[2025-04-09 15:52:30] [INFO] Połączono z MariaDB
[2025-04-09 15:52:35] [INFO] Uruchomiono serwer na porcie 3000
[2025-04-09 15:52:35] [INFO] Połączono z MariaDB
[2025-04-09 15:52:39] [INFO] Uruchomiono serwer na porcie 3000
[2025-04-09 15:52:39] [INFO] Połączono z MariaDB
[2025-04-09 15:56:14] [INFO] Uruchomiono serwer na porcie 3000
[2025-04-09 15:56:14] [INFO] Połączono z MariaDB
[2025-04-09 15:57:41] [INFO] Uruchomiono serwer na porcie 3000
[2025-04-09 15:57:41] [INFO] Połączono z MariaDB
[2025-04-09 15:57:55] [INFO] Aplikacja zamknięta przez: SIGHUP (restart systemu lub pm2 stop)
[2025-04-09 15:57:55] [INFO] Aplikacja zakończyła działanie.
[2025-04-09 15:57:55] [INFO] Uruchomiono serwer na porcie 3000
[2025-04-09 15:57:55] [INFO] Połączono z MariaDB
[2025-04-09 22:35:21] [INFO] Uruchomiono serwer na porcie 3000
[2025-04-09 22:35:31] [ERROR] Błąd połączenia z MariaDB: SqlError: (conn:-1, no: 45028, SQLState: HY000) retrieve connection from pool timeout after 10002ms
    (pool connections: active=0 idle=0 limit=50)
[2025-04-09 22:36:32] [INFO] Uruchomiono serwer na porcie 3000
[2025-04-09 22:36:34] [INFO] Zalogowano Serwis
[2025-04-09 22:36:42] [ERROR] Błąd połączenia z MariaDB: SqlError: (conn:-1, no: 45028, SQLState: HY000) retrieve connection from pool timeout after 10014ms
    (pool connections: active=0 idle=0 limit=50)
[2025-04-09 22:36:43] [ERROR] Błąd połączenia z Bazą Danych: SqlError: (conn:-1, no: 45028, SQLState: HY000) retrieve connection from pool timeout after 10008ms
    (pool connections: active=0 idle=0 limit=50)
[2025-04-09 22:42:55] [ERROR] Błąd połączenia z Bazą Danych: SqlError: (conn:-1, no: 45028, SQLState: HY000) retrieve connection from pool timeout after 10010ms
    (pool connections: active=0 idle=0 limit=50)
[2025-04-09 22:42:56] [ERROR] Błąd połączenia z Bazą Danych: SqlError: (conn:-1, no: 45028, SQLState: HY000) retrieve connection from pool timeout after 10010ms
    (pool connections: active=0 idle=0 limit=50)
[2025-04-09 22:42:57] [ERROR] Błąd połączenia z Bazą Danych: SqlError: (conn:-1, no: 45028, SQLState: HY000) retrieve connection from pool timeout after 10014ms
    (pool connections: active=0 idle=0 limit=50)
[2025-04-09 22:43:29] [INFO] Uruchomiono serwer na porcie 3000
[2025-04-09 22:43:39] [ERROR] Błąd połączenia z MariaDB: SqlError: (conn:-1, no: 45028, SQLState: HY000) retrieve connection from pool timeout after 10016ms
    (pool connections: active=0 idle=0 limit=50)
[2025-04-09 22:43:46] [INFO] Uruchomiono serwer na porcie 3000
[2025-04-09 22:43:49] [INFO] Uruchomiono serwer na porcie 3000
[2025-04-09 22:43:59] [ERROR] Błąd połączenia z MariaDB: SqlError: (conn:-1, no: 45028, SQLState: HY000) retrieve connection from pool timeout after 10012ms
    (pool connections: active=0 idle=0 limit=50)
[2025-04-09 22:44:00] [ERROR] Błąd połączenia z Bazą Danych: SqlError: (conn:-1, no: 45028, SQLState: HY000) retrieve connection from pool timeout after 10014ms
    (pool connections: active=0 idle=0 limit=50)
[2025-04-09 22:44:17] [ERROR] Błąd połączenia z Bazą Danych: SqlError: (conn:-1, no: 45028, SQLState: HY000) retrieve connection from pool timeout after 10003ms
    (pool connections: active=0 idle=0 limit=50)
[2025-04-09 22:45:26] [ERROR] Błąd połączenia z Bazą Danych: SqlError: (conn:-1, no: 45028, SQLState: HY000) retrieve connection from pool timeout after 10001ms
    (pool connections: active=0 idle=0 limit=50)
[2025-04-09 22:45:49] [ERROR] Błąd połączenia z Bazą Danych: SqlError: (conn:-1, no: 45028, SQLState: HY000) retrieve connection from pool timeout after 10004ms
    (pool connections: active=0 idle=0 limit=50)
[2025-04-09 22:45:52] [ERROR] Błąd połączenia z Bazą Danych: SqlError: (conn:-1, no: 45028, SQLState: HY000) retrieve connection from pool timeout after 10003ms
    (pool connections: active=0 idle=0 limit=50)
[2025-04-09 22:45:55] [ERROR] Błąd połączenia z Bazą Danych: SqlError: (conn:-1, no: 45028, SQLState: HY000) retrieve connection from pool timeout after 10013ms
    (pool connections: active=0 idle=0 limit=50)
[2025-04-09 22:45:56] [ERROR] Błąd połączenia z Bazą Danych: SqlError: (conn:-1, no: 45028, SQLState: HY000) retrieve connection from pool timeout after 10008ms
    (pool connections: active=0 idle=0 limit=50)
[2025-04-09 22:46:15] [ERROR] Błąd połączenia z Bazą Danych: SqlError: (conn:-1, no: 45028, SQLState: HY000) retrieve connection from pool timeout after 10001ms
    (pool connections: active=0 idle=0 limit=50)
[2025-04-09 22:46:24] [ERROR] Błąd połączenia z Bazą Danych: SqlError: (conn:-1, no: 45028, SQLState: HY000) retrieve connection from pool timeout after 10007ms
    (pool connections: active=0 idle=0 limit=50)
[2025-04-09 22:46:27] [ERROR] Błąd połączenia z Bazą Danych: SqlError: (conn:-1, no: 45028, SQLState: HY000) retrieve connection from pool timeout after 10007ms
    (pool connections: active=0 idle=0 limit=50)
[2025-04-09 22:46:28] [ERROR] Błąd połączenia z Bazą Danych: SqlError: (conn:-1, no: 45028, SQLState: HY000) retrieve connection from pool timeout after 10010ms
    (pool connections: active=0 idle=0 limit=50)
[2025-04-09 22:46:28] [ERROR] Błąd połączenia z Bazą Danych: SqlError: (conn:-1, no: 45028, SQLState: HY000) retrieve connection from pool timeout after 10002ms
    (pool connections: active=0 idle=0 limit=50)
[2025-04-09 22:46:37] [ERROR] Błąd połączenia z Bazą Danych: SqlError: (conn:-1, no: 45028, SQLState: HY000) retrieve connection from pool timeout after 10003ms
    (pool connections: active=0 idle=0 limit=50)
[2025-04-09 22:46:43] [ERROR] Błąd połączenia z Bazą Danych: SqlError: (conn:-1, no: 45028, SQLState: HY000) retrieve connection from pool timeout after 10008ms
    (pool connections: active=0 idle=0 limit=50)
[2025-04-09 22:46:43] [ERROR] Błąd połączenia z Bazą Danych: SqlError: (conn:-1, no: 45028, SQLState: HY000) retrieve connection from pool timeout after 10008ms
    (pool connections: active=0 idle=0 limit=50)
[2025-04-09 22:46:44] [ERROR] Błąd połączenia z Bazą Danych: SqlError: (conn:-1, no: 45028, SQLState: HY000) retrieve connection from pool timeout after 10008ms
    (pool connections: active=0 idle=0 limit=50)
[2025-04-09 22:46:45] [ERROR] Błąd połączenia z Bazą Danych: SqlError: (conn:-1, no: 45028, SQLState: HY000) retrieve connection from pool timeout after 10009ms
    (pool connections: active=0 idle=0 limit=50)
[2025-04-09 22:46:45] [ERROR] Błąd połączenia z Bazą Danych: SqlError: (conn:-1, no: 45028, SQLState: HY000) retrieve connection from pool timeout after 10001ms
    (pool connections: active=0 idle=0 limit=50)
[2025-04-09 22:47:32] [INFO] Zalogowano Serwis
[2025-04-09 22:53:20] [INFO] Aplikacja zamknięta przez: SIGINT (CTRL+C lub pm2 stop)
[2025-04-09 22:53:22] [INFO] Uruchomiono serwer na porcie 3000
[2025-04-09 22:53:32] [ERROR] Błąd połączenia z MariaDB: SqlError: (conn:-1, no: 45028, SQLState: HY000) retrieve connection from pool timeout after 10014ms
    (pool connections: active=0 idle=0 limit=50)
[2025-04-09 22:55:22] [INFO] Uruchomiono serwer na porcie 3000
[2025-04-09 22:55:32] [ERROR] Błąd połączenia z MariaDB: SqlError: (conn:-1, no: 45028, SQLState: HY000) retrieve connection from pool timeout after 10000ms
    (pool connections: active=0 idle=0 limit=50)
[2025-04-09 22:56:03] [INFO] Uruchomiono serwer na porcie 3000
[2025-04-09 22:56:13] [ERROR] Błąd połączenia z MariaDB: SqlError: (conn:-1, no: 45028, SQLState: HY000) retrieve connection from pool timeout after 10013ms
    (pool connections: active=0 idle=0 limit=50)
[2025-04-09 22:56:37] [INFO] Uruchomiono serwer na porcie 3000
[2025-04-09 22:56:57] [INFO] Uruchomiono serwer na porcie 3000
[2025-04-09 22:57:07] [ERROR] Błąd połączenia z MariaDB: SqlError: (conn:-1, no: 45028, SQLState: HY000) retrieve connection from pool timeout after 10013ms
    (pool connections: active=0 idle=0 limit=50)
[2025-04-09 22:57:10] [ERROR] Błąd połączenia z bazą danych: SqlError: (conn:-1, no: 45028, SQLState: HY000) retrieve connection from pool timeout after 10004ms
    (pool connections: active=0 idle=0 limit=50)
[2025-04-09 22:57:41] [INFO] Uruchomiono serwer na porcie 3000
[2025-04-09 22:57:45] [INFO] Uruchomiono serwer na porcie 3000
[2025-04-09 22:57:48] [INFO] Uruchomiono serwer na porcie 3000
[2025-04-09 22:57:58] [ERROR] Błąd połączenia z MariaDB: SqlError: (conn:-1, no: 45028, SQLState: HY000) retrieve connection from pool timeout after 10009ms
    (pool connections: active=0 idle=0 limit=50)
[2025-04-09 22:58:01] [ERROR] Błąd połączenia z bazą danych: SqlError: (conn:-1, no: 45028, SQLState: HY000) retrieve connection from pool timeout after 10004ms
    (pool connections: active=0 idle=0 limit=50)
[2025-04-09 22:58:04] [INFO] Uruchomiono serwer na porcie 3000
[2025-04-09 22:58:12] [INFO] Uruchomiono serwer na porcie 3000
[2025-04-09 22:58:15] [INFO] Uruchomiono serwer na porcie 3000
[2025-04-09 22:58:20] [INFO] Uruchomiono serwer na porcie 3000
[2025-04-09 22:58:30] [ERROR] Błąd połączenia z MariaDB: SqlError: (conn:-1, no: 45028, SQLState: HY000) retrieve connection from pool timeout after 10011ms
    (pool connections: active=0 idle=0 limit=50)
[2025-04-09 22:58:31] [ERROR] Błąd połączenia z bazą danych: SqlError: (conn:-1, no: 45028, SQLState: HY000) retrieve connection from pool timeout after 10004ms
    (pool connections: active=0 idle=0 limit=50)
[2025-04-09 22:59:06] [INFO] Uruchomiono serwer na porcie 3000
[2025-04-09 22:59:16] [ERROR] Błąd połączenia z MariaDB: SqlError: (conn:-1, no: 45028, SQLState: HY000) retrieve connection from pool timeout after 10003ms
    (pool connections: active=0 idle=0 limit=50)
[2025-04-09 22:59:18] [ERROR] Błąd połączenia z bazą danych: SqlError: (conn:-1, no: 45028, SQLState: HY000) retrieve connection from pool timeout after 10011ms
    (pool connections: active=0 idle=0 limit=50)
[2025-04-09 22:59:21] [ERROR] Błąd połączenia z bazą danych: SqlError: (conn:-1, no: 45028, SQLState: HY000) retrieve connection from pool timeout after 10011ms
    (pool connections: active=0 idle=0 limit=50)
[2025-04-09 22:59:21] [ERROR] Błąd połączenia z bazą danych: SqlError: (conn:-1, no: 45028, SQLState: HY000) retrieve connection from pool timeout after 10010ms
    (pool connections: active=0 idle=0 limit=50)
[2025-04-09 22:59:22] [ERROR] Błąd połączenia z bazą danych: SqlError: (conn:-1, no: 45028, SQLState: HY000) retrieve connection from pool timeout after 10001ms
    (pool connections: active=0 idle=0 limit=50)
[2025-04-09 22:59:22] [ERROR] Błąd połączenia z bazą danych: SqlError: (conn:-1, no: 45028, SQLState: HY000) retrieve connection from pool timeout after 10001ms
    (pool connections: active=0 idle=0 limit=50)
[2025-04-09 22:59:23] [ERROR] Błąd połączenia z bazą danych: SqlError: (conn:-1, no: 45028, SQLState: HY000) retrieve connection from pool timeout after 10000ms
    (pool connections: active=0 idle=0 limit=50)
[2025-04-09 22:59:23] [ERROR] Błąd połączenia z bazą danych: SqlError: (conn:-1, no: 45028, SQLState: HY000) retrieve connection from pool timeout after 10000ms
    (pool connections: active=0 idle=0 limit=50)
[2025-04-09 22:59:26] [ERROR] Błąd połączenia z Bazą Danych: SqlError: (conn:-1, no: 45028, SQLState: HY000) retrieve connection from pool timeout after 10010ms
    (pool connections: active=0 idle=0 limit=50)
[2025-04-09 22:59:27] [ERROR] Błąd połączenia z bazą danych: SqlError: (conn:-1, no: 45028, SQLState: HY000) retrieve connection from pool timeout after 10001ms
    (pool connections: active=0 idle=0 limit=50)
[2025-04-09 23:00:06] [ERROR] Błąd połączenia z Bazą Danych: SqlError: (conn:-1, no: 45028, SQLState: HY000) retrieve connection from pool timeout after 10013ms
    (pool connections: active=0 idle=0 limit=50)
[2025-04-09 23:02:08] [ERROR] Błąd połączenia z bazą danych: SqlError: (conn:-1, no: 45028, SQLState: HY000) retrieve connection from pool timeout after 10000ms
    (pool connections: active=0 idle=0 limit=50)
[2025-04-09 23:02:11] [ERROR] Błąd połączenia z Bazą Danych: SqlError: (conn:-1, no: 45028, SQLState: HY000) retrieve connection from pool timeout after 10014ms
    (pool connections: active=0 idle=0 limit=50)
[2025-04-09 23:02:13] [ERROR] Błąd połączenia z bazą danych: SqlError: (conn:-1, no: 45028, SQLState: HY000) retrieve connection from pool timeout after 10001ms
    (pool connections: active=0 idle=0 limit=50)
[2025-04-09 23:02:23] [ERROR] Błąd połączenia z Bazą Danych: SqlError: (conn:-1, no: 45028, SQLState: HY000) retrieve connection from pool timeout after 10006ms
    (pool connections: active=0 idle=0 limit=50)
[2025-04-09 23:02:24] [ERROR] Błąd połączenia z Bazą Danych: SqlError: (conn:-1, no: 45028, SQLState: HY000) retrieve connection from pool timeout after 10005ms
    (pool connections: active=0 idle=0 limit=50)
[2025-04-09 23:02:34] [ERROR] Błąd połączenia z bazą danych: SqlError: (conn:-1, no: 45028, SQLState: HY000) retrieve connection from pool timeout after 10004ms
    (pool connections: active=0 idle=0 limit=50)
[2025-04-09 23:02:41] [ERROR] Błąd połączenia z Bazą Danych: SqlError: (conn:-1, no: 45028, SQLState: HY000) retrieve connection from pool timeout after 10008ms
    (pool connections: active=0 idle=0 limit=50)
[2025-04-09 23:02:43] [ERROR] Błąd sprawdzania otwartej zmiany użytkownika: SqlError: (conn:-1, no: 45028, SQLState: HY000) retrieve connection from pool timeout after 10004ms
    (pool connections: active=0 idle=0 limit=50)
[2025-04-09 23:02:43] [ERROR] Błąd połączenia z bazą danych: SqlError: (conn:-1, no: 45028, SQLState: HY000) retrieve connection from pool timeout after 10003ms
    (pool connections: active=0 idle=0 limit=50)
[2025-04-09 23:03:59] [INFO] Uruchomiono serwer na porcie 3000
[2025-04-09 23:04:07] [INFO] Uruchomiono serwer na porcie 3000
[2025-04-09 23:04:17] [ERROR] Błąd połączenia z MariaDB: SqlError: (conn:-1, no: 45028, SQLState: HY000) retrieve connection from pool timeout after 10001ms
    (pool connections: active=0 idle=0 limit=50)
[2025-04-09 23:04:26] [ERROR] Błąd połączenia z bazą danych: SqlError: (conn:-1, no: 45028, SQLState: HY000) retrieve connection from pool timeout after 10015ms
    (pool connections: active=0 idle=0 limit=50)
[2025-04-09 23:04:28] [ERROR] Błąd połączenia z bazą danych: SqlError: (conn:-1, no: 45028, SQLState: HY000) retrieve connection from pool timeout after 10006ms
    (pool connections: active=0 idle=0 limit=50)
[2025-04-09 23:04:33] [ERROR] Niepoprawny test połączenia z bazą danych: SqlError: (conn:1479, no: 45025, SQLState: 08004) Client does not support authentication protocol 'auth_gssapi_client' requested by server.
[2025-04-09 23:04:33] [ERROR] Błąd połączenia z Bazą Danych: SqlError: (conn:-1, no: 45028, SQLState: HY000) retrieve connection from pool timeout after 10000ms
    (pool connections: active=0 idle=0 limit=50)
[2025-04-09 23:04:34] [ERROR] Błąd połączenia z Bazą Danych: SqlError: (conn:-1, no: 45028, SQLState: HY000) retrieve connection from pool timeout after 10012ms
    (pool connections: active=0 idle=0 limit=50)
[2025-04-09 23:04:36] [ERROR] Błąd połączenia z Bazą Danych: SqlError: (conn:-1, no: 45028, SQLState: HY000) retrieve connection from pool timeout after 10000ms
    (pool connections: active=0 idle=0 limit=50)
[2025-04-09 23:04:40] [INFO] Poprawny test połączenia z bazą danych
[2025-04-09 23:04:43] [ERROR] Błąd połączenia z Bazą Danych: SqlError: (conn:-1, no: 45028, SQLState: HY000) retrieve connection from pool timeout after 10004ms
    (pool connections: active=0 idle=0 limit=50)
[2025-04-09 23:04:47] [INFO] Aplikacja zamknięta przez: SIGINT (CTRL+C lub pm2 stop)
[2025-04-09 23:04:48] [INFO] Uruchomiono serwer na porcie 3000
[2025-04-09 23:04:48] [INFO] Połączono z MariaDB
[2025-04-09 23:04:50] [INFO] Restart serwera
