[2025-03-27 09:38:26] [INFO] Uruchomiono serwer na porcie 3000
[2025-03-27 09:38:26] [INFO] Połączono z MariaDB
[2025-03-27 09:38:28] [INFO] Aplikacja zamknięta przez: SIGINT (CTRL+C lub pm2 stop)
[2025-03-27 09:38:28] [INFO] Aplikacja zakończyła działanie.
[2025-03-27 09:38:31] [INFO] Uruchomiono serwer na porcie 3000
[2025-03-27 09:38:31] [INFO] Połączono z MariaDB
[2025-03-27 09:39:58] [INFO] Zalogowano Serwis
[2025-03-27 09:45:43] [INFO] Uruchomiono serwer na porcie 3000
[2025-03-27 09:45:43] [INFO] Połączono z MariaDB
[2025-03-27 09:46:03] [INFO] Uruchomiono serwer na porcie 3000
[2025-03-27 09:46:03] [INFO] Połączono z MariaDB
[2025-03-27 09:47:08] [INFO] Uruchomiono serwer na porcie 3000
[2025-03-27 09:47:08] [INFO] Połączono z MariaDB
[2025-03-27 09:48:12] [INFO] Uruchomiono serwer na porcie 3000
[2025-03-27 09:48:12] [INFO] Połączono z MariaDB
[2025-03-27 09:50:09] [INFO] Uruchomiono serwer na porcie 3000
[2025-03-27 09:50:09] [INFO] Połączono z MariaDB
[2025-03-27 09:53:36] [INFO] Uruchomiono serwer na porcie 3000
[2025-03-27 09:53:36] [INFO] Połączono z MariaDB
[2025-03-27 09:57:03] [INFO] Uruchomiono serwer na porcie 3000
[2025-03-27 09:57:03] [INFO] Połączono z MariaDB
[2025-03-27 09:58:00] [INFO] Uruchomiono serwer na porcie 3000
[2025-03-27 09:58:00] [INFO] Połączono z MariaDB
[2025-03-27 10:17:42] [INFO] Uruchomiono serwer na porcie 3000
[2025-03-27 10:17:42] [INFO] Połączono z MariaDB
[2025-03-27 10:17:55] [INFO] Uruchomiono serwer na porcie 3000
[2025-03-27 10:17:55] [INFO] Połączono z MariaDB
[2025-03-27 10:18:25] [INFO] Uruchomiono serwer na porcie 3000
[2025-03-27 10:18:25] [INFO] Połączono z MariaDB
[2025-03-27 10:18:53] [INFO] Uruchomiono serwer na porcie 3000
[2025-03-27 10:18:53] [INFO] Połączono z MariaDB
[2025-03-27 10:19:23] [INFO] Uruchomiono serwer na porcie 3000
[2025-03-27 10:19:23] [INFO] Połączono z MariaDB
[2025-03-27 10:20:32] [INFO] Uruchomiono serwer na porcie 3000
[2025-03-27 10:20:33] [INFO] Połączono z MariaDB
[2025-03-27 10:29:07] [INFO] Uruchomiono serwer na porcie 3000
[2025-03-27 10:29:07] [INFO] Połączono z MariaDB
[2025-03-27 10:30:24] [INFO] Uruchomiono serwer na porcie 3000
[2025-03-27 10:30:24] [INFO] Połączono z MariaDB
[2025-03-27 10:32:55] [INFO] Uruchomiono serwer na porcie 3000
[2025-03-27 10:32:55] [INFO] Połączono z MariaDB
[2025-03-27 10:33:44] [INFO] Uruchomiono serwer na porcie 3000
[2025-03-27 10:33:44] [INFO] Połączono z MariaDB
[2025-03-27 10:34:41] [INFO] Uruchomiono serwer na porcie 3000
[2025-03-27 10:34:41] [INFO] Połączono z MariaDB
[2025-03-27 10:34:45] [INFO] Uruchomiono serwer na porcie 3000
[2025-03-27 10:34:45] [INFO] Połączono z MariaDB
[2025-03-27 10:35:02] [INFO] Uruchomiono serwer na porcie 3000
[2025-03-27 10:35:02] [INFO] Połączono z MariaDB
[2025-03-27 10:37:23] [INFO] Uruchomiono serwer na porcie 3000
[2025-03-27 10:37:23] [INFO] Połączono z MariaDB
[2025-03-27 10:38:10] [INFO] Uruchomiono serwer na porcie 3000
[2025-03-27 10:38:10] [INFO] Połączono z MariaDB
[2025-03-27 10:38:39] [INFO] Uruchomiono serwer na porcie 3000
[2025-03-27 10:38:39] [INFO] Połączono z MariaDB
[2025-03-27 10:48:19] [INFO] Uruchomiono serwer na porcie 3000
[2025-03-27 10:48:19] [INFO] Połączono z MariaDB
[2025-03-27 10:49:58] [INFO] Poprawny test połączenia z bazą danych
[2025-03-27 11:11:54] [INFO] Zalogowano: mati (Sklep: Prusa)
[2025-03-27 11:12:04] [INFO] Zmiana zarejestrowana dla użytkownika: 1
[2025-03-27 11:12:13] [INFO] Zmiana zarejestrowana dla użytkownika: 1
[2025-03-27 11:24:53] [INFO] Uruchomiono serwer na porcie 3000
[2025-03-27 11:24:53] [INFO] Połączono z MariaDB
[2025-03-27 11:25:20] [INFO] Aplikacja zamknięta przez: SIGINT (CTRL+C lub pm2 stop)
[2025-03-27 11:25:21] [INFO] Uruchomiono serwer na porcie 3000
[2025-03-27 11:25:21] [INFO] Połączono z MariaDB
[2025-03-27 11:27:06] [INFO] Uruchomiono serwer na porcie 3000
[2025-03-27 11:27:06] [INFO] Połączono z MariaDB
[2025-03-27 11:27:20] [INFO] Uruchomiono serwer na porcie 3000
[2025-03-27 11:27:20] [INFO] Połączono z MariaDB
[2025-03-27 11:27:32] [INFO] Uruchomiono serwer na porcie 3000
[2025-03-27 11:27:32] [INFO] Połączono z MariaDB
[2025-03-27 11:27:37] [INFO] Uruchomiono serwer na porcie 3000
[2025-03-27 11:27:37] [INFO] Połączono z MariaDB
[2025-03-27 11:27:43] [INFO] Uruchomiono serwer na porcie 3000
[2025-03-27 11:27:43] [INFO] Połączono z MariaDB
[2025-03-27 11:28:12] [INFO] Uruchomiono serwer na porcie 3000
[2025-03-27 11:28:12] [INFO] Połączono z MariaDB
[2025-03-27 11:28:16] [INFO] Uruchomiono serwer na porcie 3000
[2025-03-27 11:28:16] [INFO] Połączono z MariaDB
[2025-03-27 11:28:35] [INFO] Uruchomiono serwer na porcie 3000
[2025-03-27 11:28:35] [INFO] Połączono z MariaDB
[2025-03-27 11:28:40] [INFO] Uruchomiono serwer na porcie 3000
[2025-03-27 11:28:40] [INFO] Połączono z MariaDB
[2025-03-27 11:28:43] [INFO] Uruchomiono serwer na porcie 3000
[2025-03-27 11:28:43] [INFO] Połączono z MariaDB
[2025-03-27 11:28:53] [INFO] Uruchomiono serwer na porcie 3000
[2025-03-27 11:28:53] [INFO] Połączono z MariaDB
[2025-03-27 11:29:06] [INFO] Uruchomiono serwer na porcie 3000
[2025-03-27 11:29:06] [INFO] Połączono z MariaDB
[2025-03-27 11:29:07] [INFO] Uruchomiono serwer na porcie 3000
[2025-03-27 11:29:07] [INFO] Połączono z MariaDB
[2025-03-27 11:29:14] [INFO] Uruchomiono serwer na porcie 3000
[2025-03-27 11:29:14] [INFO] Połączono z MariaDB
[2025-03-27 11:33:59] [INFO] Aplikacja zamknięta przez: SIGINT (CTRL+C lub pm2 stop)
[2025-03-27 11:34:00] [INFO] Uruchomiono serwer na porcie 3000
[2025-03-27 11:34:00] [INFO] Połączono z MariaDB
[2025-03-27 11:36:41] [INFO] Uruchomiono serwer na porcie 3000
[2025-03-27 11:36:41] [INFO] Połączono z MariaDB
[2025-03-27 11:37:53] [INFO] Aplikacja zamknięta przez: SIGINT (CTRL+C lub pm2 stop)
[2025-03-27 11:38:07] [INFO] Uruchomiono serwer na porcie 3000
[2025-03-27 11:38:07] [INFO] Połączono z MariaDB
[2025-03-27 11:38:12] [INFO] Aplikacja zamknięta przez: SIGINT (CTRL+C lub pm2 stop)
[2025-03-27 11:38:25] [INFO] Uruchomiono serwer na porcie 3000
[2025-03-27 11:38:25] [INFO] Połączono z MariaDB
[2025-03-27 11:40:26] [INFO] Aplikacja zamknięta przez: SIGINT (CTRL+C lub pm2 stop)
[2025-03-27 11:40:26] [INFO] Aplikacja zakończyła działanie.
[2025-03-27 11:40:27] [INFO] Uruchomiono serwer na porcie 3000
[2025-03-27 11:40:27] [INFO] Połączono z MariaDB
[2025-03-27 11:40:55] [INFO] Aplikacja zamknięta przez: SIGINT (CTRL+C lub pm2 stop)
[2025-03-27 11:40:55] [INFO] Aplikacja zakończyła działanie.
[2025-03-27 11:40:56] [INFO] Uruchomiono serwer na porcie 3000
[2025-03-27 11:40:56] [INFO] Połączono z MariaDB
[2025-03-27 11:40:57] [INFO] Aplikacja zamknięta przez: SIGINT (CTRL+C lub pm2 stop)
[2025-03-27 11:40:57] [INFO] Aplikacja zakończyła działanie.
[2025-03-27 11:44:57] [INFO] Uruchomiono serwer na porcie 3000
[2025-03-27 11:44:57] [INFO] Połączono z MariaDB
[2025-03-27 11:47:35] [INFO] Aplikacja zamknięta przez: SIGINT (CTRL+C lub pm2 stop)
[2025-03-27 11:47:35] [INFO] Aplikacja zakończyła działanie.
[2025-03-27 11:47:36] [INFO] Uruchomiono serwer na porcie 3000
[2025-03-27 11:47:36] [INFO] Połączono z MariaDB
[2025-03-27 11:50:41] [INFO] Aplikacja zamknięta przez: SIGINT (CTRL+C lub pm2 stop)
[2025-03-27 11:50:41] [INFO] Aplikacja zakończyła działanie.
[2025-03-27 11:50:42] [INFO] Uruchomiono serwer na porcie 3000
[2025-03-27 11:50:42] [INFO] Połączono z MariaDB
[2025-03-27 11:50:45] Procedura RCP została utworzona przez API
[2025-03-27 11:51:55] Procedura RCP została utworzona przez API
[2025-03-27 12:18:24] Procedura RCP została utworzona przez API
[2025-03-27 12:18:40] [INFO] Aplikacja zamknięta przez: SIGINT (CTRL+C lub pm2 stop)
[2025-03-27 12:18:40] [INFO] Aplikacja zakończyła działanie.
[2025-03-27 12:18:41] [INFO] Uruchomiono serwer na porcie 3000
[2025-03-27 12:18:41] [INFO] Połączono z MariaDB
[2025-03-27 12:19:05] [INFO] Procedura RCP została utworzona przez API
[2025-03-27 12:19:40] [INFO] Aplikacja zamknięta przez: SIGINT (CTRL+C lub pm2 stop)
[2025-03-27 12:19:40] [INFO] Aplikacja zakończyła działanie.
[2025-03-27 12:19:45] [INFO] Uruchomiono serwer na porcie 3000
[2025-03-27 12:19:45] [INFO] Połączono z MariaDB
[2025-03-27 12:24:36] [INFO] Uruchomiono serwer na porcie 3000
[2025-03-27 12:24:36] [INFO] Połączono z MariaDB
[2025-03-27 12:24:39] [INFO] Uruchomiono serwer na porcie 3000
[2025-03-27 12:24:39] [INFO] Połączono z MariaDB
[2025-03-27 12:24:59] [INFO] Uruchomiono serwer na porcie 3000
[2025-03-27 12:24:59] [INFO] Połączono z MariaDB
[2025-03-27 12:26:23] [INFO] Uruchomiono serwer na porcie 3000
[2025-03-27 12:26:23] [INFO] Połączono z MariaDB
[2025-03-27 13:41:14] [INFO] Aplikacja zamknięta przez: SIGHUP (restart systemu lub pm2 stop)
[2025-03-27 13:41:15] [INFO] Aplikacja zakończyła działanie.
[2025-03-27 13:41:15] [INFO] Uruchomiono serwer na porcie 3000
[2025-03-27 13:41:15] [INFO] Połączono z MariaDB
[2025-03-27 13:42:15] [INFO] Uruchomiono serwer na porcie 3000
[2025-03-27 13:42:15] [INFO] Połączono z MariaDB
[2025-03-27 13:42:24] [INFO] Zalogowano Serwis
[2025-03-27 13:44:56] [INFO] Uruchomiono serwer na porcie 3000
[2025-03-27 13:44:56] [INFO] Połączono z MariaDB
[2025-03-27 13:44:59] [INFO] Uruchomiono serwer na porcie 3000
[2025-03-27 13:44:59] [INFO] Połączono z MariaDB
[2025-03-27 14:06:33] [INFO] Uruchomiono serwer na porcie 3000
[2025-03-27 14:06:33] [INFO] Połączono z MariaDB
[2025-03-27 14:11:25] [INFO] Uruchomiono serwer na porcie 3000
[2025-03-27 14:11:25] [INFO] Połączono z MariaDB
[2025-03-27 15:13:47] [INFO] Aplikacja zamknięta przez: SIGHUP (restart systemu lub pm2 stop)
[2025-03-27 15:13:47] [INFO] Aplikacja zakończyła działanie.
[2025-03-27 15:13:48] [INFO] Uruchomiono serwer na porcie 3000
[2025-03-27 15:13:48] [INFO] Połączono z MariaDB
