[2025-05-01 00:03:07] [INFO] Zalogowano: mati
[2025-05-01 00:03:25] [INFO] Zalogowano: mati (Sklep: 1)
[2025-05-01 00:10:03] [INFO] Zalogowano: mati (Sklep: 1)
[2025-05-01 00:12:05] [INFO] Zalogowano: mati (Sklep: 1)
[2025-05-01 00:56:04] [INFO] Zalogowano: mati
[2025-05-01 00:57:20] [INFO] Kuweta dodana pomyślnie: Id smak: 1 | Id rozmiar: 1 | Porcje: 90
[2025-05-01 01:00:42] [INFO] Smak dodany pomyślnie: Truskawka
[2025-05-01 01:02:06] [INFO] Smak dodany pomyślnie: Guma Balonowa
[2025-05-01 01:02:21] [INFO] Kuweta dodana pomyślnie: Id smak: 6 | Id rozmiar: 1 | Porcje: 90
[2025-05-01 01:04:53] [INFO] Uruchomiono serwer na porcie 3000
[2025-05-01 01:04:53] [INFO] Połączono z MariaDB
[2025-05-01 01:05:03] [INFO] Uruchomiono serwer na porcie 3000
[2025-05-01 01:05:03] [INFO] Połączono z MariaDB
[2025-05-01 01:05:08] [INFO] Uruchomiono serwer na porcie 3000
[2025-05-01 01:05:08] [INFO] Połączono z MariaDB
[2025-05-01 01:05:20] [INFO] Uruchomiono serwer na porcie 3000
[2025-05-01 01:05:20] [INFO] Połączono z MariaDB
[2025-05-01 01:06:14] [INFO] Uruchomiono serwer na porcie 3000
[2025-05-01 01:06:14] [INFO] Połączono z MariaDB
[2025-05-01 01:06:15] [ERROR] Błąd pobierania dostępnych smaków i ich ilości: TypeError: Do not know how to serialize a BigInt
[2025-05-01 01:06:16] [ERROR] Błąd pobierania dostępnych smaków i ich ilości: TypeError: Do not know how to serialize a BigInt
[2025-05-01 01:06:43] [INFO] Aplikacja zamknięta przez: SIGINT (CTRL+C lub pm2 stop)
[2025-05-01 01:06:44] [INFO] Uruchomiono serwer na porcie 3000
[2025-05-01 01:06:44] [INFO] Połączono z MariaDB
[2025-05-01 01:06:44] [ERROR] Błąd pobierania dostępnych smaków i ich ilości: TypeError: Do not know how to serialize a BigInt
[2025-05-01 01:07:54] [INFO] Uruchomiono serwer na porcie 3000
[2025-05-01 01:07:54] [INFO] Połączono z MariaDB
[2025-05-01 01:07:59] [INFO] Uruchomiono serwer na porcie 3000
[2025-05-01 01:07:59] [INFO] Połączono z MariaDB
[2025-05-01 01:08:07] [ERROR] Błąd pobierania dostępnych smaków i ich ilości: TypeError: Do not know how to serialize a BigInt
[2025-05-01 01:08:41] [INFO] Uruchomiono serwer na porcie 3000
[2025-05-01 01:08:42] [INFO] Połączono z MariaDB
[2025-05-01 01:08:44] [ERROR] Błąd pobierania dostępnych smaków i ich ilości: TypeError: Do not know how to serialize a BigInt
[2025-05-01 01:08:44] [ERROR] Błąd pobierania dostępnych smaków i ich ilości: TypeError: Do not know how to serialize a BigInt
[2025-05-01 01:09:03] [INFO] Uruchomiono serwer na porcie 3000
[2025-05-01 01:09:03] [INFO] Połączono z MariaDB
[2025-05-01 01:10:59] [INFO] Uruchomiono serwer na porcie 3000
[2025-05-01 01:10:59] [INFO] Połączono z MariaDB
[2025-05-01 01:11:20] [INFO] Uruchomiono serwer na porcie 3000
[2025-05-01 01:11:20] [INFO] Połączono z MariaDB
[2025-05-01 01:11:28] [INFO] Uruchomiono serwer na porcie 3000
[2025-05-01 01:11:28] [INFO] Połączono z MariaDB
[2025-05-01 01:11:35] [INFO] Uruchomiono serwer na porcie 3000
[2025-05-01 01:11:35] [INFO] Połączono z MariaDB
[2025-05-01 01:12:46] [INFO] Uruchomiono serwer na porcie 3000
[2025-05-01 01:12:46] [INFO] Połączono z MariaDB
[2025-05-01 01:14:43] [INFO] Uruchomiono serwer na porcie 3000
[2025-05-01 01:14:43] [INFO] Połączono z MariaDB
[2025-05-01 01:15:03] [INFO] Zalogowano: mati (Sklep: 1)
[2025-05-01 01:17:21] [INFO] Uruchomiono serwer na porcie 3000
[2025-05-01 01:17:21] [INFO] Połączono z MariaDB
[2025-05-01 01:17:36] [INFO] Uruchomiono serwer na porcie 3000
[2025-05-01 01:17:37] [INFO] Połączono z MariaDB
[2025-05-01 01:17:38] [INFO] Uruchomiono serwer na porcie 3000
[2025-05-01 01:17:38] [INFO] Połączono z MariaDB
[2025-05-01 01:17:50] [INFO] Uruchomiono serwer na porcie 3000
[2025-05-01 01:17:50] [INFO] Połączono z MariaDB
[2025-05-01 01:17:57] [INFO] Uruchomiono serwer na porcie 3000
[2025-05-01 01:17:57] [INFO] Połączono z MariaDB
[2025-05-01 01:18:15] [INFO] Uruchomiono serwer na porcie 3000
[2025-05-01 01:18:15] [INFO] Połączono z MariaDB
[2025-05-01 01:19:32] [INFO] Uruchomiono serwer na porcie 3000
[2025-05-01 01:19:32] [INFO] Połączono z MariaDB
[2025-05-01 01:20:14] [INFO] Uruchomiono serwer na porcie 3000
[2025-05-01 01:20:14] [INFO] Połączono z MariaDB
[2025-05-01 01:20:31] [INFO] Uruchomiono serwer na porcie 3000
[2025-05-01 01:20:31] [INFO] Połączono z MariaDB
[2025-05-01 01:23:42] [INFO] Uruchomiono serwer na porcie 3000
[2025-05-01 01:23:42] [INFO] Połączono z MariaDB
[2025-05-01 01:24:31] [INFO] Uruchomiono serwer na porcie 3000
[2025-05-01 01:24:31] [INFO] Połączono z MariaDB
[2025-05-01 01:24:38] [INFO] Uruchomiono serwer na porcie 3000
[2025-05-01 01:24:38] [INFO] Połączono z MariaDB
[2025-05-01 01:25:49] [INFO] Uruchomiono serwer na porcie 3000
[2025-05-01 01:25:49] [INFO] Połączono z MariaDB
[2025-05-01 01:26:33] [INFO] Uruchomiono serwer na porcie 3000
[2025-05-01 01:26:33] [INFO] Połączono z MariaDB
[2025-05-01 01:26:37] [INFO] Uruchomiono serwer na porcie 3000
[2025-05-01 01:26:37] [INFO] Połączono z MariaDB
[2025-05-01 01:27:37] [INFO] Uruchomiono serwer na porcie 3000
[2025-05-01 01:27:37] [INFO] Połączono z MariaDB
[2025-05-01 01:38:59] [INFO] Uruchomiono serwer na porcie 3000
[2025-05-01 01:38:59] [INFO] Połączono z MariaDB
[2025-05-01 01:43:28] [INFO] Zalogowano: mati
[2025-05-01 01:43:34] [INFO] Smak dodany pomyślnie: 123
[2025-05-01 01:43:37] [INFO] Smak dodany pomyślnie: 123
[2025-05-01 01:43:39] [INFO] Smak dodany pomyślnie: 123
[2025-05-01 01:43:42] [INFO] Smak dodany pomyślnie: 123
[2025-05-01 01:43:44] [INFO] Smak dodany pomyślnie: 123
[2025-05-01 01:43:46] [INFO] Smak dodany pomyślnie: 123
[2025-05-01 01:47:04] [INFO] Uruchomiono serwer na porcie 3000
[2025-05-01 01:47:04] [INFO] Połączono z MariaDB
[2025-05-01 02:21:11] [INFO] Uruchomiono serwer na porcie 3000
[2025-05-01 02:21:11] [INFO] Połączono z MariaDB
[2025-05-01 02:21:16] [INFO] Uruchomiono serwer na porcie 3000
[2025-05-01 02:21:16] [INFO] Połączono z MariaDB
[2025-05-01 02:21:19] [INFO] Uruchomiono serwer na porcie 3000
[2025-05-01 02:21:19] [INFO] Połączono z MariaDB
[2025-05-01 02:24:47] [INFO] Uruchomiono serwer na porcie 3000
[2025-05-01 02:24:47] [INFO] Połączono z MariaDB
[2025-05-01 02:25:28] [INFO] Uruchomiono serwer na porcie 3000
[2025-05-01 02:25:29] [INFO] Połączono z MariaDB
[2025-05-01 02:26:40] [INFO] Uruchomiono serwer na porcie 3000
[2025-05-01 02:26:40] [INFO] Połączono z MariaDB
[2025-05-01 02:27:38] [INFO] Uruchomiono serwer na porcie 3000
[2025-05-01 02:27:38] [INFO] Połączono z MariaDB
[2025-05-01 02:28:31] [INFO] Uruchomiono serwer na porcie 3000
[2025-05-01 02:28:31] [INFO] Połączono z MariaDB
[2025-05-01 02:29:20] [INFO] Uruchomiono serwer na porcie 3000
[2025-05-01 02:29:20] [INFO] Połączono z MariaDB
[2025-05-01 02:29:24] [INFO] Uruchomiono serwer na porcie 3000
[2025-05-01 02:29:24] [INFO] Połączono z MariaDB
[2025-05-01 02:29:33] [INFO] Uruchomiono serwer na porcie 3000
[2025-05-01 02:29:33] [INFO] Połączono z MariaDB
[2025-05-01 02:29:37] [INFO] Uruchomiono serwer na porcie 3000
[2025-05-01 02:29:37] [INFO] Połączono z MariaDB
[2025-05-01 02:30:27] [INFO] Uruchomiono serwer na porcie 3000
[2025-05-01 02:30:27] [INFO] Połączono z MariaDB
[2025-05-01 02:32:28] [INFO] Uruchomiono serwer na porcie 3000
[2025-05-01 02:32:28] [INFO] Połączono z MariaDB
[2025-05-01 02:33:35] [INFO] Uruchomiono serwer na porcie 3000
[2025-05-01 02:33:35] [INFO] Połączono z MariaDB
[2025-05-01 02:33:44] [INFO] Uruchomiono serwer na porcie 3000
[2025-05-01 02:33:44] [INFO] Połączono z MariaDB
[2025-05-01 02:40:56] [INFO] Uruchomiono serwer na porcie 3000
[2025-05-01 02:40:56] [INFO] Połączono z MariaDB
[2025-05-01 02:42:16] [INFO] Uruchomiono serwer na porcie 3000
[2025-05-01 02:42:16] [INFO] Połączono z MariaDB
[2025-05-01 02:42:39] [INFO] Uruchomiono serwer na porcie 3000
[2025-05-01 02:42:39] [INFO] Połączono z MariaDB
[2025-05-01 02:43:05] [INFO] Uruchomiono serwer na porcie 3000
[2025-05-01 02:43:05] [INFO] Połączono z MariaDB
[2025-05-01 02:44:14] [INFO] Uruchomiono serwer na porcie 3000
[2025-05-01 02:44:14] [INFO] Połączono z MariaDB
[2025-05-01 02:44:25] [INFO] Uruchomiono serwer na porcie 3000
[2025-05-01 02:44:25] [INFO] Połączono z MariaDB
[2025-05-01 02:44:33] [INFO] Uruchomiono serwer na porcie 3000
[2025-05-01 02:44:33] [INFO] Połączono z MariaDB
[2025-05-01 02:45:16] [INFO] Uruchomiono serwer na porcie 3000
[2025-05-01 02:45:16] [INFO] Połączono z MariaDB
[2025-05-01 02:45:44] [INFO] Uruchomiono serwer na porcie 3000
[2025-05-01 02:45:44] [INFO] Połączono z MariaDB
[2025-05-01 02:46:42] [INFO] Uruchomiono serwer na porcie 3000
[2025-05-01 02:46:42] [INFO] Połączono z MariaDB
[2025-05-01 02:47:11] [INFO] Uruchomiono serwer na porcie 3000
[2025-05-01 02:47:11] [INFO] Połączono z MariaDB
[2025-05-01 02:47:48] [INFO] Uruchomiono serwer na porcie 3000
[2025-05-01 02:47:48] [INFO] Połączono z MariaDB
[2025-05-01 02:48:17] [INFO] Uruchomiono serwer na porcie 3000
[2025-05-01 02:48:17] [INFO] Połączono z MariaDB
[2025-05-01 02:48:34] [INFO] Uruchomiono serwer na porcie 3000
[2025-05-01 02:48:34] [INFO] Połączono z MariaDB
[2025-05-01 02:48:42] [INFO] Uruchomiono serwer na porcie 3000
[2025-05-01 02:48:42] [INFO] Połączono z MariaDB
[2025-05-01 02:48:52] [INFO] Uruchomiono serwer na porcie 3000
[2025-05-01 02:48:52] [INFO] Połączono z MariaDB
[2025-05-01 02:49:00] [INFO] Uruchomiono serwer na porcie 3000
[2025-05-01 02:49:00] [INFO] Połączono z MariaDB
[2025-05-01 02:49:08] [INFO] Uruchomiono serwer na porcie 3000
[2025-05-01 02:49:08] [INFO] Połączono z MariaDB
[2025-05-01 02:49:53] [INFO] Uruchomiono serwer na porcie 3000
[2025-05-01 02:49:53] [INFO] Połączono z MariaDB
[2025-05-01 02:51:29] [INFO] Uruchomiono serwer na porcie 3000
[2025-05-01 02:51:29] [INFO] Połączono z MariaDB
[2025-05-01 02:52:25] [INFO] Uruchomiono serwer na porcie 3000
[2025-05-01 02:52:25] [INFO] Połączono z MariaDB
[2025-05-01 02:52:37] [INFO] Uruchomiono serwer na porcie 3000
[2025-05-01 02:52:37] [INFO] Połączono z MariaDB
[2025-05-01 02:52:42] [INFO] Uruchomiono serwer na porcie 3000
[2025-05-01 02:52:42] [INFO] Połączono z MariaDB
[2025-05-01 02:52:48] [INFO] Uruchomiono serwer na porcie 3000
[2025-05-01 02:52:48] [INFO] Połączono z MariaDB
[2025-05-01 02:52:54] [INFO] Uruchomiono serwer na porcie 3000
[2025-05-01 02:52:54] [INFO] Połączono z MariaDB
[2025-05-01 02:52:58] [INFO] Uruchomiono serwer na porcie 3000
[2025-05-01 02:52:58] [INFO] Połączono z MariaDB
[2025-05-01 02:53:11] [INFO] Uruchomiono serwer na porcie 3000
[2025-05-01 02:53:11] [INFO] Połączono z MariaDB
[2025-05-01 02:54:53] [INFO] Uruchomiono serwer na porcie 3000
[2025-05-01 02:54:53] [INFO] Połączono z MariaDB
[2025-05-01 02:55:41] [INFO] Uruchomiono serwer na porcie 3000
[2025-05-01 02:55:41] [INFO] Połączono z MariaDB
[2025-05-01 02:56:36] [INFO] Uruchomiono serwer na porcie 3000
[2025-05-01 02:56:36] [INFO] Połączono z MariaDB
[2025-05-01 02:57:27] [INFO] Uruchomiono serwer na porcie 3000
[2025-05-01 02:57:27] [INFO] Połączono z MariaDB
[2025-05-01 02:57:36] [INFO] Uruchomiono serwer na porcie 3000
[2025-05-01 02:57:36] [INFO] Połączono z MariaDB
[2025-05-01 02:57:48] [INFO] Uruchomiono serwer na porcie 3000
[2025-05-01 02:57:48] [INFO] Połączono z MariaDB
[2025-05-01 03:34:36] [INFO] Aplikacja zamknięta przez: SIGHUP (restart systemu lub pm2 stop)
