[2025-04-03 08:25:01] [INFO] Uruchomiono serwer na porcie 3000
[2025-04-03 08:25:01] [INFO] Połączono z MariaDB
[2025-04-03 08:26:49] [INFO] Uruchomiono serwer na porcie 3000
[2025-04-03 08:26:49] [INFO] Połączono z MariaDB
[2025-04-03 08:26:57] [INFO] Zalogowano Serwis
[2025-04-03 08:28:33] [INFO] Uruchomiono serwer na porcie 3000
[2025-04-03 08:28:33] [INFO] Połączono z MariaDB
[2025-04-03 08:29:40] [INFO] Uruchomiono serwer na porcie 3000
[2025-04-03 08:29:40] [INFO] Połączono z MariaDB
[2025-04-03 08:30:00] [INFO] Uruchomiono serwer na porcie 3000
[2025-04-03 08:30:00] [INFO] Połączono z MariaDB
[2025-04-03 08:31:22] [INFO] Uruchomiono serwer na porcie 3000
[2025-04-03 08:31:22] [INFO] Połączono z MariaDB
[2025-04-03 08:31:45] [INFO] Uruchomiono serwer na porcie 3000
[2025-04-03 08:31:45] [INFO] Połączono z MariaDB
[2025-04-03 08:32:09] [INFO] Uruchomiono serwer na porcie 3000
[2025-04-03 08:32:09] [INFO] Połączono z MariaDB
[2025-04-03 08:32:21] [INFO] Uruchomiono serwer na porcie 3000
[2025-04-03 08:32:21] [INFO] Połączono z MariaDB
[2025-04-03 08:33:31] [INFO] Uruchomiono serwer na porcie 3000
[2025-04-03 08:33:31] [INFO] Połączono z MariaDB
[2025-04-03 08:33:46] [INFO] Uruchomiono serwer na porcie 3000
[2025-04-03 08:33:46] [INFO] Połączono z MariaDB
[2025-04-03 08:34:05] [INFO] Uruchomiono serwer na porcie 3000
[2025-04-03 08:34:05] [INFO] Połączono z MariaDB
[2025-04-03 08:34:13] [INFO] Uruchomiono serwer na porcie 3000
[2025-04-03 08:34:13] [INFO] Połączono z MariaDB
[2025-04-03 08:34:21] [INFO] Uruchomiono serwer na porcie 3000
[2025-04-03 08:34:21] [INFO] Połączono z MariaDB
[2025-04-03 08:34:23] [INFO] Uruchomiono serwer na porcie 3000
[2025-04-03 08:34:23] [INFO] Połączono z MariaDB
[2025-04-03 08:34:42] [INFO] Uruchomiono serwer na porcie 3000
[2025-04-03 08:34:42] [INFO] Połączono z MariaDB
[2025-04-03 08:42:03] [INFO] Uruchomiono serwer na porcie 3000
[2025-04-03 08:42:03] [INFO] Połączono z MariaDB
[2025-04-03 08:42:55] [INFO] Uruchomiono serwer na porcie 3000
[2025-04-03 08:42:55] [INFO] Połączono z MariaDB
[2025-04-03 08:47:25] [INFO] Uruchomiono serwer na porcie 3000
[2025-04-03 08:47:25] [INFO] Połączono z MariaDB
[2025-04-03 08:48:15] [INFO] Uruchomiono serwer na porcie 3000
[2025-04-03 08:48:15] [INFO] Połączono z MariaDB
[2025-04-03 08:48:28] [INFO] Uruchomiono serwer na porcie 3000
[2025-04-03 08:48:28] [INFO] Połączono z MariaDB
[2025-04-03 08:53:49] [INFO] Uruchomiono serwer na porcie 3000
[2025-04-03 08:53:49] [INFO] Połączono z MariaDB
[2025-04-03 08:54:12] [INFO] Uruchomiono serwer na porcie 3000
[2025-04-03 08:54:12] [INFO] Połączono z MariaDB
[2025-04-03 08:55:53] [INFO] Uruchomiono serwer na porcie 3000
[2025-04-03 08:55:53] [INFO] Połączono z MariaDB
[2025-04-03 08:56:04] [INFO] Uruchomiono serwer na porcie 3000
[2025-04-03 08:56:04] [INFO] Połączono z MariaDB
[2025-04-03 08:57:07] [INFO] Uruchomiono serwer na porcie 3000
[2025-04-03 08:57:07] [INFO] Połączono z MariaDB
[2025-04-03 08:57:23] [INFO] Uruchomiono serwer na porcie 3000
[2025-04-03 08:57:23] [INFO] Połączono z MariaDB
[2025-04-03 08:57:55] [INFO] Uruchomiono serwer na porcie 3000
[2025-04-03 08:57:55] [INFO] Połączono z MariaDB
[2025-04-03 09:10:15] [INFO] Zalogowano Serwis
[2025-04-03 09:19:20] [INFO] Zalogowano Serwis
[2025-04-03 09:19:55] [INFO] Aplikacja zamknięta przez: SIGINT (CTRL+C lub pm2 stop)
[2025-04-03 09:20:39] [INFO] Uruchomiono serwer na porcie 3000
[2025-04-03 09:20:39] [INFO] Połączono z MariaDB
[2025-04-03 09:21:08] [INFO] Zalogowano: mati (Sklep: Drugi sklep)
[2025-04-03 09:23:01] [INFO] Uruchomiono serwer na porcie 3000
[2025-04-03 09:23:01] [INFO] Połączono z MariaDB
[2025-04-03 09:24:55] [INFO] Uruchomiono serwer na porcie 3000
[2025-04-03 09:24:55] [INFO] Połączono z MariaDB
[2025-04-03 09:25:11] [INFO] Uruchomiono serwer na porcie 3000
[2025-04-03 09:25:11] [INFO] Połączono z MariaDB
[2025-04-03 09:37:32] [INFO] Uruchomiono serwer na porcie 3000
[2025-04-03 09:37:32] [INFO] Połączono z MariaDB
[2025-04-03 09:40:35] [INFO] Uruchomiono serwer na porcie 3000
[2025-04-03 09:40:35] [INFO] Połączono z MariaDB
[2025-04-03 09:43:03] [INFO] Uruchomiono serwer na porcie 3000
[2025-04-03 09:43:03] [INFO] Połączono z MariaDB
[2025-04-03 09:43:23] [INFO] Uruchomiono serwer na porcie 3000
[2025-04-03 09:43:23] [INFO] Połączono z MariaDB
[2025-04-03 09:44:11] [INFO] Uruchomiono serwer na porcie 3000
[2025-04-03 09:44:11] [INFO] Połączono z MariaDB
[2025-04-03 09:44:42] [INFO] Uruchomiono serwer na porcie 3000
[2025-04-03 09:44:42] [INFO] Połączono z MariaDB
[2025-04-03 09:44:53] [INFO] Uruchomiono serwer na porcie 3000
[2025-04-03 09:44:53] [INFO] Połączono z MariaDB
[2025-04-03 09:44:55] [INFO] Uruchomiono serwer na porcie 3000
[2025-04-03 09:44:55] [INFO] Połączono z MariaDB
[2025-04-03 09:45:49] [INFO] Uruchomiono serwer na porcie 3000
[2025-04-03 09:45:49] [INFO] Połączono z MariaDB
[2025-04-03 09:46:18] [INFO] Uruchomiono serwer na porcie 3000
[2025-04-03 09:46:18] [INFO] Połączono z MariaDB
[2025-04-03 09:47:04] [INFO] Uruchomiono serwer na porcie 3000
[2025-04-03 09:47:04] [INFO] Połączono z MariaDB
[2025-04-03 09:47:07] [INFO] Uruchomiono serwer na porcie 3000
[2025-04-03 09:47:07] [INFO] Połączono z MariaDB
[2025-04-03 09:47:11] [INFO] Uruchomiono serwer na porcie 3000
[2025-04-03 09:47:11] [INFO] Połączono z MariaDB
[2025-04-03 09:47:14] [INFO] Uruchomiono serwer na porcie 3000
[2025-04-03 09:47:14] [INFO] Połączono z MariaDB
[2025-04-03 09:47:40] [INFO] Uruchomiono serwer na porcie 3000
[2025-04-03 09:47:40] [INFO] Połączono z MariaDB
[2025-04-03 09:50:31] [INFO] Uruchomiono serwer na porcie 3000
[2025-04-03 09:50:31] [INFO] Połączono z MariaDB
[2025-04-03 09:50:51] [INFO] Uruchomiono serwer na porcie 3000
[2025-04-03 09:50:51] [INFO] Połączono z MariaDB
[2025-04-03 09:52:00] [INFO] Uruchomiono serwer na porcie 3000
[2025-04-03 09:52:00] [INFO] Połączono z MariaDB
[2025-04-03 09:52:07] [INFO] Uruchomiono serwer na porcie 3000
[2025-04-03 09:52:08] [INFO] Połączono z MariaDB
[2025-04-03 09:52:20] [INFO] Zalogowano: mati (Sklep: Drugi sklep)
[2025-04-03 09:53:10] [INFO] Aplikacja zamknięta przez: SIGINT (CTRL+C lub pm2 stop)
[2025-04-03 09:53:12] [INFO] Uruchomiono serwer na porcie 3000
[2025-04-03 09:53:12] [INFO] Połączono z MariaDB
[2025-04-03 09:53:39] [INFO] Uruchomiono serwer na porcie 3000
[2025-04-03 09:53:39] [INFO] Połączono z MariaDB
[2025-04-03 09:54:28] [INFO] Uruchomiono serwer na porcie 3000
[2025-04-03 09:54:28] [INFO] Połączono z MariaDB
[2025-04-03 09:55:44] [INFO] Uruchomiono serwer na porcie 3000
[2025-04-03 09:55:44] [INFO] Połączono z MariaDB
[2025-04-03 09:56:27] [INFO] Uruchomiono serwer na porcie 3000
[2025-04-03 09:56:27] [INFO] Połączono z MariaDB
[2025-04-03 09:56:44] [INFO] Uruchomiono serwer na porcie 3000
[2025-04-03 09:56:44] [INFO] Połączono z MariaDB
[2025-04-03 10:00:31] [INFO] Uruchomiono serwer na porcie 3000
[2025-04-03 10:00:31] [INFO] Połączono z MariaDB
[2025-04-03 10:01:09] [INFO] Uruchomiono serwer na porcie 3000
[2025-04-03 10:01:10] [INFO] Połączono z MariaDB
[2025-04-03 10:01:28] [INFO] Uruchomiono serwer na porcie 3000
[2025-04-03 10:01:28] [INFO] Połączono z MariaDB
[2025-04-03 10:02:06] [INFO] Uruchomiono serwer na porcie 3000
[2025-04-03 10:02:06] [INFO] Połączono z MariaDB
[2025-04-03 10:02:13] [INFO] Kuweta o ID: 16 przeniesiona do bufora zamówień
[2025-04-03 10:05:10] [INFO] Uruchomiono serwer na porcie 3000
[2025-04-03 10:05:10] [INFO] Połączono z MariaDB
[2025-04-03 10:05:10] [ERROR] Błąd połączenia z bazą danych: SqlError: (conn:10101, no: 1054, SQLState: 42S22) Unknown column 'KuwetaStatusZamowieniaData' in 'SET'
sql: UPDATE Kuwety SET KuwStatusZamowienia = 3, KuwetaStatusZamowieniaData = NOW() WHERE KuwId = ? - parameters:['16']
[2025-04-03 10:05:19] [INFO] Uruchomiono serwer na porcie 3000
[2025-04-03 10:05:19] [INFO] Połączono z MariaDB
[2025-04-03 10:05:20] [INFO] Uruchomiono serwer na porcie 3000
[2025-04-03 10:05:20] [INFO] Połączono z MariaDB
[2025-04-03 10:06:18] [INFO] Uruchomiono serwer na porcie 3000
[2025-04-03 10:06:18] [INFO] Połączono z MariaDB
[2025-04-03 10:06:30] [INFO] Uruchomiono serwer na porcie 3000
[2025-04-03 10:06:30] [INFO] Połączono z MariaDB
[2025-04-03 10:06:54] [INFO] Uruchomiono serwer na porcie 3000
[2025-04-03 10:06:54] [INFO] Połączono z MariaDB
[2025-04-03 10:07:38] [INFO] Kuweta o ID: 16 przeniesiona do bufora zamówień
[2025-04-03 10:09:31] [INFO] Uruchomiono serwer na porcie 3000
[2025-04-03 10:09:31] [INFO] Połączono z MariaDB
[2025-04-03 10:09:32] [INFO] Aplikacja zamknięta przez: SIGINT (CTRL+C lub pm2 stop)
[2025-04-03 10:09:34] [INFO] Uruchomiono serwer na porcie 3000
[2025-04-03 10:09:34] [INFO] Połączono z MariaDB
[2025-04-03 10:09:39] [INFO] Kuweta o ID: 16 przeniesiona do bufora zamówień
[2025-04-03 10:10:39] [ERROR] Błąd połączenia z bazą danych: SqlError: (conn:10455, no: 1054, SQLState: 42S22) Unknown column 'KuwDatamiany' in 'SELECT'
sql: SELECT KuwDatamiany, KuwStatusZamowienia FROM Kuwety WHERE KuwId = ? - parameters:['16']
[2025-04-03 10:11:15] [INFO] Uruchomiono serwer na porcie 3000
[2025-04-03 10:11:15] [INFO] Połączono z MariaDB
[2025-04-03 10:11:19] [INFO] Aplikacja zamknięta przez: SIGINT (CTRL+C lub pm2 stop)
[2025-04-03 10:11:23] [INFO] Uruchomiono serwer na porcie 3000
[2025-04-03 10:11:23] [INFO] Połączono z MariaDB
[2025-04-03 10:11:47] [INFO] Zalogowano: mati (Sklep: Prusa)
[2025-04-03 10:11:51] [INFO] Kuweta o ID: 16 przeniesiona do bufora zamówień
[2025-04-03 10:12:51] [INFO] Kuweta o ID: 16 zmieniła status na 1 po 10 minutach
[2025-04-03 10:12:58] [INFO] Uruchomiono serwer na porcie 3000
[2025-04-03 10:12:58] [INFO] Połączono z MariaDB
[2025-04-03 10:14:17] [INFO] Kuweta o ID: 16 przeniesiona do bufora zamówień
[2025-04-03 10:15:17] [INFO] Kuweta o ID: 16 zmieniła status na 1 po 10 minutach
[2025-04-03 10:15:57] [INFO] Uruchomiono serwer na porcie 3000
[2025-04-03 10:15:57] [INFO] Połączono z MariaDB
[2025-04-03 10:15:59] [INFO] Uruchomiono serwer na porcie 3000
[2025-04-03 10:15:59] [INFO] Połączono z MariaDB
[2025-04-03 10:16:10] [INFO] Uruchomiono serwer na porcie 3000
[2025-04-03 10:16:10] [INFO] Połączono z MariaDB
[2025-04-03 10:16:47] [INFO] Zalogowano: mati (Sklep: Drugi sklep)
[2025-04-03 10:16:50] [INFO] Kuweta o ID: 16 przeniesiona do bufora zamówień
[2025-04-03 10:26:50] [INFO] Kuweta o ID: 16 zmieniła status na 1 po 10 minutach
[2025-04-03 10:27:44] [INFO] Kuweta o ID: 16 przeniesiona do bufora zamówień
[2025-04-03 10:36:33] [INFO] Uruchomiono serwer na porcie 3000
[2025-04-03 10:36:33] [INFO] Połączono z MariaDB
[2025-04-03 10:39:09] [INFO] Uruchomiono serwer na porcie 3000
[2025-04-03 10:39:09] [INFO] Połączono z MariaDB
[2025-04-03 10:41:41] [INFO] Uruchomiono serwer na porcie 3000
[2025-04-03 10:41:41] [INFO] Połączono z MariaDB
[2025-04-03 10:43:18] [INFO] Uruchomiono serwer na porcie 3000
[2025-04-03 10:43:18] [INFO] Połączono z MariaDB
[2025-04-03 10:43:40] [INFO] Uruchomiono serwer na porcie 3000
[2025-04-03 10:43:40] [INFO] Połączono z MariaDB
[2025-04-03 10:43:51] [INFO] Zalogowano: mati (Sklep: Prusa)
[2025-04-03 10:43:55] [INFO] Kuweta o ID: 16 przeniesiona do bufora zamówień
[2025-04-03 10:44:11] [INFO] Uruchomiono serwer na porcie 3000
[2025-04-03 10:44:11] [INFO] Połączono z MariaDB
[2025-04-03 10:44:31] [INFO] Zalogowano Serwis
[2025-04-03 10:44:42] [INFO] Uruchomiono serwer na porcie 3000
[2025-04-03 10:44:42] [INFO] Połączono z MariaDB
[2025-04-03 10:45:10] [INFO] Zalogowano: mati (Sklep: Prusa)
[2025-04-03 10:48:12] [INFO] Zalogowano Serwis
[2025-04-03 10:51:49] [INFO] Uruchomiono serwer na porcie 3000
[2025-04-03 10:51:49] [INFO] Połączono z MariaDB
[2025-04-03 10:51:57] [INFO] Uruchomiono serwer na porcie 3000
[2025-04-03 10:51:57] [INFO] Połączono z MariaDB
[2025-04-03 10:51:58] [INFO] Uruchomiono serwer na porcie 3000
[2025-04-03 10:51:58] [INFO] Połączono z MariaDB
[2025-04-03 10:52:20] [INFO] Uruchomiono serwer na porcie 3000
[2025-04-03 10:52:20] [INFO] Połączono z MariaDB
[2025-04-03 10:52:23] [INFO] Uruchomiono serwer na porcie 3000
[2025-04-03 10:52:23] [INFO] Połączono z MariaDB
[2025-04-03 10:53:03] [INFO] Uruchomiono serwer na porcie 3000
[2025-04-03 10:53:03] [INFO] Połączono z MariaDB
[2025-04-03 10:53:22] [INFO] Uruchomiono serwer na porcie 3000
[2025-04-03 10:53:22] [INFO] Połączono z MariaDB
[2025-04-03 10:53:48] [INFO] Uruchomiono serwer na porcie 3000
[2025-04-03 10:53:48] [INFO] Połączono z MariaDB
[2025-04-03 10:54:00] [INFO] Uruchomiono serwer na porcie 3000
[2025-04-03 10:54:00] [INFO] Połączono z MariaDB
[2025-04-03 10:56:39] [INFO] Uruchomiono serwer na porcie 3000
[2025-04-03 10:56:39] [INFO] Połączono z MariaDB
[2025-04-03 10:57:03] [INFO] Uruchomiono serwer na porcie 3000
[2025-04-03 10:57:03] [INFO] Połączono z MariaDB
[2025-04-03 10:57:13] [INFO] Wyczyszczono bufor zamówień
[2025-04-03 10:57:13] [ERROR] Błąd czyszczeia bufora zamówień: ReferenceError: res is not defined
[2025-04-03 10:57:13] [ERROR] Nieobsłużony błąd: res is not defined
[2025-04-03 10:57:13] [INFO] Aplikacja zakończyła działanie.
[2025-04-03 10:57:20] [INFO] Uruchomiono serwer na porcie 3000
[2025-04-03 10:57:20] [INFO] Połączono z MariaDB
[2025-04-03 10:58:18] [INFO] Uruchomiono serwer na porcie 3000
[2025-04-03 10:58:18] [INFO] Połączono z MariaDB
[2025-04-03 10:58:24] [INFO] Kuweta o ID: 16 przeniesiona do bufora zamówień
[2025-04-03 10:58:29] [INFO] Wyczyszczono bufor zamówień
[2025-04-03 10:59:52] [INFO] Kuweta o ID: 16 przeniesiona do bufora zamówień
[2025-04-03 11:00:03] [INFO] Wyczyszczono bufor zamówień
[2025-04-03 11:00:24] [INFO] Zmiana zarejestrowana dla użytkownika: 123456789
[2025-04-03 11:00:55] [INFO] Zalogowano: mati (Sklep: Prusa)
[2025-04-03 11:06:16] [INFO] Uruchomiono serwer na porcie 3000
[2025-04-03 11:06:16] [INFO] Połączono z MariaDB
[2025-04-03 11:08:57] [INFO] Zalogowano Serwis
[2025-04-03 11:12:30] [INFO] Uruchomiono serwer na porcie 3000
[2025-04-03 11:12:30] [INFO] Połączono z MariaDB
[2025-04-03 11:14:30] [INFO] Uruchomiono serwer na porcie 3000
[2025-04-03 11:14:30] [INFO] Połączono z MariaDB
[2025-04-03 11:14:34] [INFO] Uruchomiono serwer na porcie 3000
[2025-04-03 11:14:34] [INFO] Połączono z MariaDB
[2025-04-03 11:14:43] [INFO] Uruchomiono serwer na porcie 3000
[2025-04-03 11:14:43] [INFO] Połączono z MariaDB
[2025-04-03 11:15:08] [INFO] Uruchomiono serwer na porcie 3000
[2025-04-03 11:15:08] [INFO] Połączono z MariaDB
[2025-04-03 11:15:22] [INFO] Uruchomiono serwer na porcie 3000
[2025-04-03 11:15:22] [INFO] Połączono z MariaDB
[2025-04-03 11:16:53] [INFO] Zalogowano: mati (Sklep: Prusa)
[2025-04-03 11:19:22] [INFO] Uruchomiono serwer na porcie 3000
[2025-04-03 11:19:22] [INFO] Połączono z MariaDB
[2025-04-03 11:19:33] [INFO] Uruchomiono serwer na porcie 3000
[2025-04-03 11:19:33] [INFO] Połączono z MariaDB
[2025-04-03 11:19:51] [INFO] Uruchomiono serwer na porcie 3000
[2025-04-03 11:19:51] [INFO] Połączono z MariaDB
[2025-04-03 11:19:53] [INFO] Uruchomiono serwer na porcie 3000
[2025-04-03 11:19:53] [INFO] Połączono z MariaDB
[2025-04-03 11:23:25] [INFO] Zalogowano Serwis
[2025-04-03 11:24:16] [INFO] Zalogowano: mati (Sklep: Drugi sklep)
[2025-04-03 11:24:59] [INFO] Uruchomiono serwer na porcie 3000
[2025-04-03 11:24:59] [INFO] Połączono z MariaDB
[2025-04-03 11:25:39] [INFO] Uruchomiono serwer na porcie 3000
[2025-04-03 11:25:39] [INFO] Połączono z MariaDB
[2025-04-03 11:26:14] [INFO] Zalogowano: mati (Sklep: Prusa)
[2025-04-03 11:26:55] [INFO] Ułożenie dodano pomyślnie: SKLEP: 1 = KUWETA1: undefined | KUWETA2: undefined | KUWETA3: 7 | KUWETA4: 3 | KUWETA5: 6 | KUWETA6: undefined | KUWETA7: 1 | KUWETA8: 12 | KUWETA9: 14 | KUWETA10: undefined
[2025-04-03 11:27:13] [INFO] Kuweta o ID: 16 przeniesiona do bufora zamówień
[2025-04-03 11:27:47] [INFO] Uruchomiono serwer na porcie 3000
[2025-04-03 11:27:47] [INFO] Połączono z MariaDB
[2025-04-03 11:27:57] [INFO] Zalogowano Serwis
[2025-04-03 11:28:00] [INFO] Wyczyszczono bufor zamówień
[2025-04-03 11:28:03] [INFO] Kuweta o ID: 16 przeniesiona do bufora zamówień
[2025-04-03 11:28:24] [INFO] Uruchomiono serwer na porcie 3000
[2025-04-03 11:28:24] [INFO] Połączono z MariaDB
[2025-04-03 11:30:40] [INFO] Zalogowano: mati (Sklep: Prusa)
[2025-04-03 11:31:49] [INFO] Zalogowano Serwis
[2025-04-03 11:31:52] [INFO] Wyczyszczono bufor zamówień
[2025-04-03 11:31:57] [INFO] Zalogowano: mati (Sklep: Prusa)
[2025-04-03 11:40:51] [INFO] Uruchomiono serwer na porcie 3000
[2025-04-03 11:40:51] [INFO] Połączono z MariaDB
[2025-04-03 11:41:05] [INFO] Uruchomiono serwer na porcie 3000
[2025-04-03 11:41:05] [INFO] Połączono z MariaDB
[2025-04-03 11:41:40] [INFO] Kuweta o ID: 16 przeniesiona do bufora zamówień
[2025-04-03 11:44:47] [INFO] Kuweta o ID: 16 przeniesiona do bufora zamówień
[2025-04-03 11:46:23] [INFO] Uruchomiono serwer na porcie 3000
[2025-04-03 11:46:23] [INFO] Połączono z MariaDB
[2025-04-03 11:46:29] [INFO] Uruchomiono serwer na porcie 3000
[2025-04-03 11:46:29] [INFO] Połączono z MariaDB
[2025-04-03 11:46:39] [INFO] Uruchomiono serwer na porcie 3000
[2025-04-03 11:46:39] [INFO] Połączono z MariaDB
[2025-04-03 11:46:48] [INFO] Uruchomiono serwer na porcie 3000
[2025-04-03 11:46:48] [INFO] Połączono z MariaDB
[2025-04-03 11:47:18] [INFO] Uruchomiono serwer na porcie 3000
[2025-04-03 11:47:18] [INFO] Połączono z MariaDB
[2025-04-03 11:47:23] [INFO] Uruchomiono serwer na porcie 3000
[2025-04-03 11:47:23] [INFO] Połączono z MariaDB
[2025-04-03 11:47:51] [INFO] Uruchomiono serwer na porcie 3000
[2025-04-03 11:47:51] [INFO] Połączono z MariaDB
[2025-04-03 11:47:54] [INFO] Uruchomiono serwer na porcie 3000
[2025-04-03 11:47:54] [INFO] Połączono z MariaDB
[2025-04-03 11:49:13] [INFO] Zalogowano Serwis
[2025-04-03 11:49:17] [INFO] Wyczyszczono bufor zamówień
[2025-04-03 11:49:21] [INFO] Zalogowano: mati (Sklep: Prusa)
[2025-04-03 11:49:26] [INFO] Kuweta o ID: 16 przeniesiona do bufora zamówień
[2025-04-03 11:49:51] [INFO] Zalogowano Serwis
[2025-04-03 11:50:23] [INFO] Zalogowano: mati (Sklep: Prusa)
[2025-04-03 11:50:29] [INFO] Aplikacja zamknięta przez: SIGINT (CTRL+C lub pm2 stop)
[2025-04-03 11:50:31] [INFO] Uruchomiono serwer na porcie 3000
[2025-04-03 11:50:31] [INFO] Połączono z MariaDB
[2025-04-03 11:54:12] [INFO] Uruchomiono serwer na porcie 3000
[2025-04-03 11:54:12] [INFO] Połączono z MariaDB
[2025-04-03 11:54:17] [INFO] Uruchomiono serwer na porcie 3000
[2025-04-03 11:54:17] [INFO] Połączono z MariaDB
[2025-04-03 11:54:24] [INFO] Zalogowano: mati (Sklep: Prusa)
[2025-04-03 11:55:02] [INFO] Uruchomiono serwer na porcie 3000
[2025-04-03 11:55:02] [INFO] Połączono z MariaDB
[2025-04-03 11:57:12] [INFO] Uruchomiono serwer na porcie 3000
[2025-04-03 11:57:12] [INFO] Połączono z MariaDB
[2025-04-03 11:58:16] [INFO] Uruchomiono serwer na porcie 3000
[2025-04-03 11:58:16] [INFO] Połączono z MariaDB
[2025-04-03 13:52:33] [INFO] Zalogowano Serwis
[2025-04-03 13:58:55] [INFO] Uruchomiono serwer na porcie 3000
[2025-04-03 13:58:55] [INFO] Połączono z MariaDB
[2025-04-03 13:59:07] [INFO] Uruchomiono serwer na porcie 3000
[2025-04-03 13:59:07] [INFO] Połączono z MariaDB
[2025-04-03 13:59:25] [INFO] Uruchomiono serwer na porcie 3000
[2025-04-03 13:59:25] [INFO] Połączono z MariaDB
[2025-04-03 13:59:32] [INFO] Uruchomiono serwer na porcie 3000
[2025-04-03 13:59:32] [INFO] Połączono z MariaDB
[2025-04-03 13:59:56] [INFO] Uruchomiono serwer na porcie 3000
[2025-04-03 13:59:56] [INFO] Połączono z MariaDB
[2025-04-03 14:00:00] [INFO] Uruchomiono serwer na porcie 3000
[2025-04-03 14:00:00] [INFO] Połączono z MariaDB
[2025-04-03 14:00:09] [INFO] Zalogowano: mati (Sklep: Prusa)
[2025-04-03 14:00:15] [INFO] Uruchomiono serwer na porcie 3000
[2025-04-03 14:00:15] [INFO] Połączono z MariaDB
[2025-04-03 14:00:52] [INFO] Uruchomiono serwer na porcie 3000
[2025-04-03 14:00:53] [INFO] Połączono z MariaDB
[2025-04-03 14:00:58] [INFO] Uruchomiono serwer na porcie 3000
[2025-04-03 14:00:58] [INFO] Połączono z MariaDB
[2025-04-03 14:01:12] [INFO] Uruchomiono serwer na porcie 3000
[2025-04-03 14:01:12] [INFO] Połączono z MariaDB
[2025-04-03 14:01:24] [INFO] Uruchomiono serwer na porcie 3000
[2025-04-03 14:01:24] [INFO] Połączono z MariaDB
[2025-04-03 14:03:19] [INFO] Uruchomiono serwer na porcie 3000
[2025-04-03 14:03:19] [INFO] Połączono z MariaDB
[2025-04-03 14:03:34] [INFO] Uruchomiono serwer na porcie 3000
[2025-04-03 14:03:34] [INFO] Połączono z MariaDB
[2025-04-03 14:04:34] [INFO] Uruchomiono serwer na porcie 3000
[2025-04-03 14:04:34] [INFO] Połączono z MariaDB
[2025-04-03 14:04:46] [INFO] Uruchomiono serwer na porcie 3000
[2025-04-03 14:04:46] [INFO] Połączono z MariaDB
[2025-04-03 14:04:55] [INFO] Uruchomiono serwer na porcie 3000
[2025-04-03 14:04:55] [INFO] Połączono z MariaDB
[2025-04-03 14:04:58] [INFO] Uruchomiono serwer na porcie 3000
[2025-04-03 14:04:58] [INFO] Połączono z MariaDB
[2025-04-03 14:05:03] [INFO] Uruchomiono serwer na porcie 3000
[2025-04-03 14:05:03] [INFO] Połączono z MariaDB
[2025-04-03 14:06:39] [INFO] Aplikacja zamknięta przez: SIGINT (CTRL+C lub pm2 stop)
[2025-04-03 15:34:54] [INFO] Uruchomiono serwer na porcie 3000
[2025-04-03 15:34:54] [INFO] Połączono z MariaDB
[2025-04-03 15:35:03] [INFO] Zalogowano Serwis
[2025-04-03 15:36:37] [INFO] Zalogowano: mati (Sklep: Prusa)
[2025-04-03 15:36:41] [INFO] Zmiana zarejestrowana dla użytkownika: 1
[2025-04-03 15:36:44] [INFO] Zmiana zarejestrowana dla użytkownika: 1
[2025-04-03 15:36:56] [INFO] Ułożenie dodano pomyślnie: SKLEP: 1 = KUWETA1: undefined | KUWETA2: undefined | KUWETA3: undefined | KUWETA4: undefined | KUWETA5: undefined | KUWETA6: undefined | KUWETA7: undefined | KUWETA8: undefined | KUWETA9: undefined | KUWETA10: undefined
[2025-04-03 15:37:56] [INFO] Ułożenie dodano pomyślnie: SKLEP: 1 = KUWETA1: 2 | KUWETA2: 4 | KUWETA3: undefined | KUWETA4: undefined | KUWETA5: undefined | KUWETA6: undefined | KUWETA7: undefined | KUWETA8: undefined | KUWETA9: 1 | KUWETA10: undefined
[2025-04-03 15:39:21] [INFO] Kuweta dodana pomyślnie: Id smak: 7 | Id rozmiar: 1 | Porcje: 90
[2025-04-03 15:39:34] [INFO] Kuweta o ID: 18 przeniesiona do bufora zamówień
[2025-04-03 15:39:56] [INFO] Zalogowano: sk (Sklep: Drugi sklep)
[2025-04-03 15:39:58] [INFO] Zmiana zarejestrowana dla użytkownika: 2
[2025-04-03 15:41:36] [INFO] Zalogowano Serwis
[2025-04-03 15:44:31] [INFO] Zalogowano: mati (Sklep: Prusa)
[2025-04-03 15:47:26] [INFO] Uruchomiono serwer na porcie 3000
[2025-04-03 15:47:26] [INFO] Połączono z MariaDB
[2025-04-03 15:47:26] [INFO] Aplikacja zamknięta przez: SIGINT (CTRL+C lub pm2 stop)
[2025-04-03 15:47:29] [INFO] Uruchomiono serwer na porcie 3000
[2025-04-03 15:47:29] [INFO] Połączono z MariaDB
[2025-04-03 15:50:55] [INFO] Uruchomiono serwer na porcie 3000
[2025-04-03 15:50:55] [INFO] Połączono z MariaDB
[2025-04-03 15:51:12] [INFO] Uruchomiono serwer na porcie 3000
[2025-04-03 15:51:12] [INFO] Połączono z MariaDB
[2025-04-03 15:51:27] [INFO] Uruchomiono serwer na porcie 3000
[2025-04-03 15:51:27] [INFO] Połączono z MariaDB
[2025-04-03 15:51:37] [INFO] Uruchomiono serwer na porcie 3000
[2025-04-03 15:51:37] [INFO] Połączono z MariaDB
[2025-04-03 15:52:20] [INFO] Uruchomiono serwer na porcie 3000
[2025-04-03 15:52:20] [INFO] Połączono z MariaDB
[2025-04-03 15:52:27] [INFO] Uruchomiono serwer na porcie 3000
[2025-04-03 15:52:27] [INFO] Połączono z MariaDB
[2025-04-03 15:52:31] [INFO] Uruchomiono serwer na porcie 3000
[2025-04-03 15:52:31] [INFO] Połączono z MariaDB
[2025-04-03 15:53:36] [INFO] Uruchomiono serwer na porcie 3000
[2025-04-03 15:53:36] [INFO] Połączono z MariaDB
[2025-04-03 15:54:15] [INFO] Uruchomiono serwer na porcie 3000
[2025-04-03 15:54:15] [INFO] Połączono z MariaDB
[2025-04-03 15:54:51] [INFO] Uruchomiono serwer na porcie 3000
[2025-04-03 15:54:51] [INFO] Połączono z MariaDB
[2025-04-03 15:55:56] [INFO] Uruchomiono serwer na porcie 3000
[2025-04-03 15:55:56] [INFO] Połączono z MariaDB
[2025-04-03 15:56:10] [INFO] Zalogowano Serwis
[2025-04-03 15:56:17] [INFO] Kuweta dodana pomyślnie: Id smak: 8 | Id rozmiar: 2 | Porcje: 75
[2025-04-03 15:56:29] [INFO] Kuweta dodana pomyślnie: Id smak: 5 | Id rozmiar: 2 | Porcje: 75
[2025-04-03 15:56:37] [INFO] Zalogowano: mati (Sklep: Prusa)
[2025-04-03 15:56:41] [INFO] Kuweta o ID: 20 przeniesiona do bufora zamówień
[2025-04-03 16:02:08] [INFO] Zalogowano: sk (Sklep: Drugi sklep)
[2025-04-03 16:06:41] [INFO] Kuweta o ID: 20 zmieniła status na 1 po 10 minutach
