[2025-06-05 13:20:38] [INFO] Uruchomiono serwer na porcie 3000
[2025-06-05 13:20:38] [INFO] Wersja aplikacji: v1.08 :: Data: 2025-05-28
[2025-06-05 13:20:38] [INFO] Połączono z MariaDB
[2025-06-05 13:20:48] [INFO] Pobranie danych  o sklepach do logowania
[2025-06-05 13:21:06] [INFO] Aplikacja zamknięta przez: SIGINT (CTRL+C lub pm2 stop)
[2025-06-05 13:21:06] [INFO] Aplikacja zakończyła działanie.
[2025-06-05 13:26:57] [INFO] Uruchomiono serwer na porcie 3000
[2025-06-05 13:26:57] [INFO] Wersja aplikacji: v1.08 :: Data: 2025-05-28
[2025-06-05 13:26:57] [INFO] Połączono z MariaDB
[2025-06-05 13:27:02] [INFO] Pobranie danych  o sklepach do logowania
[2025-06-05 13:27:39] [INFO] Uruchomiono serwer na porcie 3000
[2025-06-05 13:27:39] [INFO] Wersja aplikacji: v1.08 :: Data: 2025-05-28
[2025-06-05 13:27:39] [INFO] Połączono z MariaDB
[2025-06-05 13:27:40] [INFO] Pobranie danych  o sklepach do logowania
[2025-06-05 13:28:29] [INFO] Uruchomiono serwer na porcie 3000
[2025-06-05 13:28:29] [INFO] Wersja aplikacji: v1.08 :: Data: 2025-05-28
[2025-06-05 13:28:29] [INFO] Połączono z MariaDB
[2025-06-05 13:28:40] [INFO] Pobranie danych  o sklepach do logowania
[2025-06-05 13:28:46] [INFO] Pobranie danych  o sklepach do logowania
[2025-06-05 13:29:11] [INFO] Uruchomiono serwer na porcie 3000
[2025-06-05 13:29:11] [INFO] Wersja aplikacji: v1.08 :: Data: 2025-05-28
[2025-06-05 13:29:11] [INFO] Połączono z MariaDB
[2025-06-05 13:31:56] [INFO] Uruchomiono serwer na porcie 3000
[2025-06-05 13:31:56] [INFO] Wersja aplikacji: v1.08 :: Data: 2025-05-28
[2025-06-05 13:31:56] [INFO] Połączono z MariaDB
[2025-06-05 13:31:59] [INFO] Pobranie danych  o sklepach do logowania
[2025-06-05 13:39:40] [INFO] Pobranie danych  o sklepach do logowania
[2025-06-05 13:39:56] [INFO] Uruchomiono serwer na porcie 3000
[2025-06-05 13:39:56] [INFO] Wersja aplikacji: v1.08 :: Data: 2025-05-28
[2025-06-05 13:39:56] [INFO] Połączono z MariaDB
[2025-06-05 13:39:57] [INFO] Pobranie danych  o sklepach do logowania
[2025-06-05 13:42:03] [INFO] Pobranie danych  o sklepach do logowania
[2025-06-05 13:42:13] [INFO] Uruchomiono serwer na porcie 3000
[2025-06-05 13:42:13] [INFO] Wersja aplikacji: v1.08 :: Data: 2025-05-28
[2025-06-05 13:42:13] [INFO] Połączono z MariaDB
[2025-06-05 13:42:14] [INFO] Pobranie danych  o sklepach do logowania
[2025-06-05 13:42:17] [INFO] Uruchomiono serwer na porcie 3000
[2025-06-05 13:42:17] [INFO] Wersja aplikacji: v1.08 :: Data: 2025-05-28
[2025-06-05 13:42:17] [INFO] Połączono z MariaDB
[2025-06-05 13:42:18] [INFO] Pobranie danych  o sklepach do logowania
[2025-06-05 13:43:33] [INFO] Pobranie danych  o sklepach do logowania
[2025-06-05 13:43:38] [INFO] Pobranie danych  o sklepach do logowania
[2025-06-05 13:45:58] [INFO] Uruchomiono serwer na porcie 3000
[2025-06-05 13:45:58] [INFO] Wersja aplikacji: v1.08 :: Data: 2025-05-28
[2025-06-05 13:45:58] [INFO] Połączono z MariaDB
[2025-06-05 13:47:35] [INFO] Pobranie danych  o sklepach do logowania
[2025-06-05 13:49:56] [INFO] Uruchomiono serwer na porcie 3000
[2025-06-05 13:49:56] [INFO] Wersja aplikacji: v1.08 :: Data: 2025-05-28
[2025-06-05 13:49:56] [INFO] Połączono z MariaDB
[2025-06-05 13:50:13] [INFO] Aplikacja zamknięta przez: SIGINT (CTRL+C lub pm2 stop)
[2025-06-05 13:51:44] [INFO] Uruchomiono serwer na porcie 3000
[2025-06-05 13:51:44] [INFO] Wersja aplikacji: v1.08 :: Data: 2025-05-28
[2025-06-05 13:51:44] [INFO] Połączono z MariaDB
[2025-06-05 13:51:53] [INFO] Pobranie danych  o sklepach do logowania
[2025-06-05 15:03:08] [INFO] Pobranie danych  o sklepach do logowania
[2025-06-05 15:15:47] [INFO] Pobranie danych  o sklepach do logowania
[2025-06-05 15:18:42] [INFO] Pobranie danych  o sklepach do logowania
[2025-06-05 15:22:31] [INFO] Pobranie danych  o sklepach do logowania
[2025-06-05 15:24:28] [INFO] Pobranie danych  o sklepach do logowania
[2025-06-05 15:25:09] [INFO] Pobranie danych  o sklepach do logowania
[2025-06-05 15:25:19] [INFO] Pobranie danych  o sklepach do logowania
[2025-06-05 15:25:30] [INFO] Pobranie danych  o sklepach do logowania
[2025-06-05 15:25:45] [INFO] Pobranie danych  o sklepach do logowania
[2025-06-05 15:26:04] [INFO] Pobranie danych  o sklepach do logowania
[2025-06-05 15:26:16] [INFO] Pobranie danych  o sklepach do logowania
[2025-06-05 15:26:20] [INFO] Pobranie danych  o sklepach do logowania
[2025-06-05 15:26:35] [INFO] Pobranie danych  o sklepach do logowania
[2025-06-05 15:26:52] [INFO] Pobranie danych  o sklepach do logowania
[2025-06-05 15:27:12] [INFO] Pobranie danych  o sklepach do logowania
[2025-06-05 15:27:15] [INFO] Pobranie danych  o sklepach do logowania
[2025-06-05 15:27:18] [INFO] Pobranie danych  o sklepach do logowania
[2025-06-05 15:27:22] [INFO] Pobranie danych  o sklepach do logowania
[2025-06-05 15:27:30] [INFO] Pobranie danych  o sklepach do logowania
[2025-06-05 15:28:08] [INFO] Pobranie danych  o sklepach do logowania
[2025-06-05 15:28:15] [INFO] Pobranie danych  o sklepach do logowania
[2025-06-05 15:28:16] [INFO] Pobranie danych  o sklepach do logowania
[2025-06-05 15:28:37] [INFO] Pobranie danych  o sklepach do logowania
[2025-06-05 15:28:49] [INFO] Pobranie danych  o sklepach do logowania
[2025-06-05 15:28:51] [INFO] Pobranie danych  o sklepach do logowania
[2025-06-05 15:28:57] [INFO] Pobranie danych  o sklepach do logowania
[2025-06-05 15:29:34] [INFO] Pobranie danych  o sklepach do logowania
[2025-06-05 15:29:35] [INFO] Pobranie danych  o sklepach do logowania
[2025-06-05 15:32:46] [INFO] Pobranie danych  o sklepach do logowania
[2025-06-05 15:33:38] [INFO] Pobranie danych  o sklepach do logowania
[2025-06-05 15:33:45] [INFO] Pobranie danych  o sklepach do logowania
[2025-06-05 15:33:47] [INFO] Pobranie danych  o sklepach do logowania
[2025-06-05 15:33:57] [INFO] Pobranie danych  o sklepach do logowania
[2025-06-05 15:34:58] [INFO] Pobranie danych  o sklepach do logowania
[2025-06-05 15:35:09] [INFO] Pobranie danych  o sklepach do logowania
[2025-06-05 15:35:36] [INFO] Pobranie danych  o sklepach do logowania
[2025-06-05 15:36:28] [INFO] Pobranie danych  o sklepach do logowania
[2025-06-05 15:36:29] [INFO] Pobranie danych  o sklepach do logowania
[2025-06-05 15:36:37] [INFO] Pobranie danych  o sklepach do logowania
[2025-06-05 15:36:45] [INFO] Pobranie danych  o sklepach do logowania
[2025-06-05 15:37:17] [INFO] Pobranie danych  o sklepach do logowania
[2025-06-05 15:37:26] [INFO] Pobranie danych  o sklepach do logowania
[2025-06-05 15:38:02] [INFO] Pobranie danych  o sklepach do logowania
[2025-06-05 15:38:08] [INFO] Pobranie danych  o sklepach do logowania
[2025-06-05 15:38:11] [INFO] Pobranie danych  o sklepach do logowania
[2025-06-05 15:38:39] [INFO] Pobranie danych  o sklepach do logowania
[2025-06-05 15:38:51] [INFO] Pobranie danych  o sklepach do logowania
[2025-06-05 15:39:11] [INFO] Pobranie danych  o sklepach do logowania
[2025-06-05 15:39:15] [INFO] Pobranie danych  o sklepach do logowania
[2025-06-05 15:40:25] [INFO] Pobranie danych  o sklepach do logowania
[2025-06-05 15:40:29] [INFO] Pobranie danych  o sklepach do logowania
[2025-06-05 15:40:45] [INFO] Pobranie danych  o sklepach do logowania
[2025-06-05 15:41:18] [INFO] Pobranie danych  o sklepach do logowania
[2025-06-05 15:41:40] [INFO] Pobranie danych  o sklepach do logowania
[2025-06-05 15:41:59] [INFO] Pobranie danych  o sklepach do logowania
[2025-06-05 15:42:11] [INFO] Pobranie danych  o sklepach do logowania
[2025-06-05 15:42:37] [INFO] Pobranie danych  o sklepach do logowania
[2025-06-05 15:44:19] [INFO] Pobranie danych  o sklepach do logowania
[2025-06-05 15:44:25] [INFO] Pobranie danych  o sklepach do logowania
[2025-06-05 15:44:33] [INFO] Zalogowano: admin (Sklep: Poręba Mała)
[2025-06-05 15:44:33] [INFO] Sprawdzenie otwartej zmiany dla użytkownika o ID: 1
[2025-06-05 15:44:36] [INFO] Pobranie danych  o sklepach do logowania
[2025-06-05 15:45:28] [INFO] Pobranie danych  o sklepach do logowania
[2025-06-05 15:45:45] [INFO] Pobranie danych  o sklepach do logowania
[2025-06-05 15:46:14] [INFO] Pobranie danych  o sklepach do logowania
[2025-06-05 15:46:22] [INFO] Pobranie danych  o sklepach do logowania
[2025-06-05 15:46:29] [INFO] Pobranie danych  o sklepach do logowania
[2025-06-05 15:46:30] [INFO] Pobranie danych  o sklepach do logowania
[2025-06-05 15:46:31] [INFO] Pobranie danych  o sklepach do logowania
[2025-06-05 15:46:31] [INFO] Pobranie danych  o sklepach do logowania
[2025-06-05 15:46:31] [INFO] Pobranie danych  o sklepach do logowania
