[2025-05-04 15:06:26] [INFO] Uruchomiono serwer na porcie 3000
[2025-05-04 15:06:26] [INFO] Połączono z MariaDB
[2025-05-04 15:06:54] [INFO] Uruchomiono serwer na porcie 3000
[2025-05-04 15:06:54] [INFO] Połączono z MariaDB
[2025-05-04 15:07:03] [INFO] Zalogowano: mati (Sklep: 1)
[2025-05-04 15:15:33] [INFO] Uruchomiono serwer na porcie 3000
[2025-05-04 15:15:33] [INFO] Połączono z MariaDB
[2025-05-04 15:15:39] [INFO] Uruchomiono serwer na porcie 3000
[2025-05-04 15:15:39] [INFO] Połączono z MariaDB
[2025-05-04 15:16:35] [INFO] Uruchomiono serwer na porcie 3000
[2025-05-04 15:16:35] [INFO] Połączono z MariaDB
[2025-05-04 15:16:47] [INFO] Uruchomiono serwer na porcie 3000
[2025-05-04 15:16:47] [INFO] Połączono z MariaDB
[2025-05-04 15:17:20] [INFO] Uruchomiono serwer na porcie 3000
[2025-05-04 15:17:20] [INFO] Połączono z MariaDB
[2025-05-04 15:34:48] [INFO] Uruchomiono serwer na porcie 3000
[2025-05-04 15:34:48] [INFO] Połączono z MariaDB
[2025-05-04 15:39:15] [INFO] Uruchomiono serwer na porcie 3000
[2025-05-04 15:39:15] [INFO] Połączono z MariaDB
[2025-05-04 15:40:22] [INFO] Uruchomiono serwer na porcie 3000
[2025-05-04 15:40:22] [INFO] Połączono z MariaDB
[2025-05-04 15:45:20] [INFO] Uruchomiono serwer na porcie 3000
[2025-05-04 15:45:20] [INFO] Połączono z MariaDB
[2025-05-04 15:45:40] [ERROR] Nieobsłużony błąd: zamowienia is not iterable
[2025-05-04 15:45:40] [INFO] Aplikacja zakończyła działanie.
[2025-05-04 15:46:09] [INFO] Uruchomiono serwer na porcie 3000
[2025-05-04 15:46:09] [INFO] Połączono z MariaDB
[2025-05-04 15:46:21] [ERROR] Nieobsłużony błąd: zamowienia is not iterable
[2025-05-04 15:46:21] [INFO] Aplikacja zakończyła działanie.
[2025-05-04 15:46:57] [INFO] Uruchomiono serwer na porcie 3000
[2025-05-04 15:46:57] [INFO] Połączono z MariaDB
[2025-05-04 15:46:58] [INFO] Aplikacja zamknięta przez: SIGINT (CTRL+C lub pm2 stop)
[2025-05-04 15:46:59] [INFO] Uruchomiono serwer na porcie 3000
[2025-05-04 15:46:59] [INFO] Połączono z MariaDB
[2025-05-04 15:47:01] [ERROR] Nieobsłużony błąd: zamowienia is not iterable
[2025-05-04 15:47:01] [INFO] Aplikacja zakończyła działanie.
[2025-05-04 15:47:38] [INFO] Uruchomiono serwer na porcie 3000
[2025-05-04 15:47:38] [INFO] Połączono z MariaDB
[2025-05-04 15:48:21] [INFO] Uruchomiono serwer na porcie 3000
[2025-05-04 15:48:21] [INFO] Połączono z MariaDB
[2025-05-04 15:49:43] [INFO] Uruchomiono serwer na porcie 3000
[2025-05-04 15:49:43] [INFO] Połączono z MariaDB
[2025-05-04 15:50:15] [INFO] Uruchomiono serwer na porcie 3000
[2025-05-04 15:50:15] [INFO] Połączono z MariaDB
[2025-05-04 15:50:16] [INFO] Aplikacja zamknięta przez: SIGINT (CTRL+C lub pm2 stop)
[2025-05-04 15:50:17] [INFO] Uruchomiono serwer na porcie 3000
[2025-05-04 15:50:17] [INFO] Połączono z MariaDB
[2025-05-04 15:50:36] [INFO] Uruchomiono serwer na porcie 3000
[2025-05-04 15:50:36] [INFO] Połączono z MariaDB
[2025-05-04 15:50:37] [INFO] Aplikacja zamknięta przez: SIGINT (CTRL+C lub pm2 stop)
[2025-05-04 15:50:38] [INFO] Uruchomiono serwer na porcie 3000
[2025-05-04 15:50:38] [INFO] Połączono z MariaDB
[2025-05-04 15:57:32] [INFO] Uruchomiono serwer na porcie 3000
[2025-05-04 15:57:32] [INFO] Połączono z MariaDB
[2025-05-04 15:58:28] [INFO] Uruchomiono serwer na porcie 3000
[2025-05-04 15:58:28] [INFO] Połączono z MariaDB
[2025-05-04 16:01:53] [INFO] Uruchomiono serwer na porcie 3000
[2025-05-04 16:01:53] [INFO] Połączono z MariaDB
[2025-05-04 16:01:53] [INFO] Aplikacja zamknięta przez: SIGINT (CTRL+C lub pm2 stop)
[2025-05-04 16:01:57] [INFO] Uruchomiono serwer na porcie 3000
[2025-05-04 16:01:57] [INFO] Połączono z MariaDB
[2025-05-04 16:04:46] [INFO] Uruchomiono serwer na porcie 3000
[2025-05-04 16:04:46] [INFO] Połączono z MariaDB
[2025-05-04 16:05:37] [INFO] Uruchomiono serwer na porcie 3000
[2025-05-04 16:05:37] [INFO] Połączono z MariaDB
[2025-05-04 16:05:47] [INFO] Uruchomiono serwer na porcie 3000
[2025-05-04 16:05:47] [INFO] Połączono z MariaDB
[2025-05-04 16:06:01] [INFO] Uruchomiono serwer na porcie 3000
[2025-05-04 16:06:01] [INFO] Połączono z MariaDB
[2025-05-04 16:06:22] [INFO] Uruchomiono serwer na porcie 3000
[2025-05-04 16:06:22] [INFO] Połączono z MariaDB
[2025-05-04 16:07:26] [INFO] Uruchomiono serwer na porcie 3000
[2025-05-04 16:07:26] [INFO] Połączono z MariaDB
[2025-05-04 16:07:31] [INFO] Uruchomiono serwer na porcie 3000
[2025-05-04 16:07:31] [INFO] Połączono z MariaDB
[2025-05-04 16:08:07] [INFO] Uruchomiono serwer na porcie 3000
[2025-05-04 16:08:07] [INFO] Połączono z MariaDB
[2025-05-04 16:09:00] [INFO] Uruchomiono serwer na porcie 3000
[2025-05-04 16:09:00] [INFO] Połączono z MariaDB
[2025-05-04 16:09:07] [INFO] Uruchomiono serwer na porcie 3000
[2025-05-04 16:09:07] [INFO] Połączono z MariaDB
[2025-05-04 16:09:47] [INFO] Uruchomiono serwer na porcie 3000
[2025-05-04 16:09:47] [INFO] Połączono z MariaDB
[2025-05-04 16:10:32] [INFO] Uruchomiono serwer na porcie 3000
[2025-05-04 16:10:32] [INFO] Połączono z MariaDB
[2025-05-04 16:10:48] [INFO] Zalogowano: mati (Sklep: 2)
[2025-05-04 16:12:47] [INFO] Uruchomiono serwer na porcie 3000
[2025-05-04 16:12:47] [INFO] Połączono z MariaDB
[2025-05-04 16:12:50] [INFO] Uruchomiono serwer na porcie 3000
[2025-05-04 16:12:50] [INFO] Połączono z MariaDB
[2025-05-04 16:13:40] [INFO] Uruchomiono serwer na porcie 3000
[2025-05-04 16:13:40] [INFO] Połączono z MariaDB
[2025-05-04 16:14:46] [INFO] Uruchomiono serwer na porcie 3000
[2025-05-04 16:14:46] [INFO] Połączono z MariaDB
[2025-05-04 16:15:01] [INFO] Uruchomiono serwer na porcie 3000
[2025-05-04 16:15:01] [INFO] Połączono z MariaDB
[2025-05-04 16:15:06] [INFO] Uruchomiono serwer na porcie 3000
[2025-05-04 16:15:06] [INFO] Połączono z MariaDB
[2025-05-04 16:15:22] [INFO] Uruchomiono serwer na porcie 3000
[2025-05-04 16:15:22] [INFO] Połączono z MariaDB
[2025-05-04 16:15:27] [INFO] Uruchomiono serwer na porcie 3000
[2025-05-04 16:15:27] [INFO] Połączono z MariaDB
[2025-05-04 16:16:39] [INFO] Uruchomiono serwer na porcie 3000
[2025-05-04 16:16:39] [INFO] Połączono z MariaDB
[2025-05-04 16:16:48] [INFO] Uruchomiono serwer na porcie 3000
[2025-05-04 16:16:48] [INFO] Połączono z MariaDB
[2025-05-04 16:16:53] [INFO] Uruchomiono serwer na porcie 3000
[2025-05-04 16:16:53] [INFO] Połączono z MariaDB
[2025-05-04 16:17:25] [INFO] Zalogowano: mati
[2025-05-04 16:22:03] [INFO] Uruchomiono serwer na porcie 3000
[2025-05-04 16:22:03] [INFO] Połączono z MariaDB
[2025-05-04 16:25:46] [INFO] Użytkownik dodany pomyślnie: 2
[2025-05-04 16:25:52] [INFO] Zalogowano: 2 (Sklep: 2)
[2025-05-04 16:25:54] [INFO] Zmiana zarejestrowana dla użytkownika: 2
[2025-05-04 16:26:14] [INFO] Zalogowano: mati
[2025-05-04 16:26:20] [INFO] Zalogowano Serwis
[2025-05-04 16:26:26] [INFO] Użytkownik 2 przypisany do sklepów: 2
[2025-05-04 16:32:21] [INFO] Uruchomiono serwer na porcie 3000
[2025-05-04 16:32:21] [INFO] Połączono z MariaDB
[2025-05-04 16:32:30] [INFO] Uruchomiono serwer na porcie 3000
[2025-05-04 16:32:30] [INFO] Połączono z MariaDB
[2025-05-04 16:32:40] [INFO] Zalogowano: mati
[2025-05-04 16:32:49] [INFO] Zalogowano: 2
[2025-05-04 16:34:14] [INFO] Uruchomiono serwer na porcie 3000
[2025-05-04 16:34:14] [INFO] Połączono z MariaDB
[2025-05-04 16:35:25] [INFO] Uruchomiono serwer na porcie 3000
[2025-05-04 16:35:25] [INFO] Połączono z MariaDB
[2025-05-04 16:35:39] [INFO] Uruchomiono serwer na porcie 3000
[2025-05-04 16:35:39] [INFO] Połączono z MariaDB
[2025-05-04 16:38:43] [INFO] Uruchomiono serwer na porcie 3000
[2025-05-04 16:38:43] [INFO] Połączono z MariaDB
[2025-05-04 16:38:58] [INFO] Uruchomiono serwer na porcie 3000
[2025-05-04 16:38:58] [INFO] Połączono z MariaDB
[2025-05-04 16:39:17] [INFO] Uruchomiono serwer na porcie 3000
[2025-05-04 16:39:17] [INFO] Połączono z MariaDB
[2025-05-04 16:39:18] [ERROR] Nieobsłużony błąd: (conn:2810, no: 1064, SQLState: 42000) You have an error in your SQL syntax; check the manual that corresponds to your MariaDB server version for the right syntax to use near '?' at line 8
sql: 
      select
	      count(z.ZId) as liczbaZamowien
      from
	      zamowienia as z
      left join uzytkownicysklep as us on
	      us.UzSklSklId = z.ZSklId
      where
	      us.UzSklUzId = ?
     - parameters:[]
[2025-05-04 16:39:18] [INFO] Aplikacja zakończyła działanie.
[2025-05-04 16:39:24] [INFO] Uruchomiono serwer na porcie 3000
[2025-05-04 16:39:24] [INFO] Połączono z MariaDB
[2025-05-04 16:39:24] [ERROR] Nieobsłużony błąd: (conn:2860, no: 1064, SQLState: 42000) You have an error in your SQL syntax; check the manual that corresponds to your MariaDB server version for the right syntax to use near '?' at line 8
sql: 
      select
	      count(z.ZId) as liczbaZamowien
      from
	      zamowienia as z
      left join uzytkownicysklep as us on
	      us.UzSklSklId = z.ZSklId
      where
	      us.UzSklUzId = ?
     - parameters:[]
[2025-05-04 16:39:24] [INFO] Aplikacja zakończyła działanie.
[2025-05-04 16:39:29] [INFO] Uruchomiono serwer na porcie 3000
[2025-05-04 16:39:29] [INFO] Połączono z MariaDB
[2025-05-04 16:40:14] [INFO] Uruchomiono serwer na porcie 3000
[2025-05-04 16:40:14] [INFO] Połączono z MariaDB
[2025-05-04 16:40:33] [INFO] Uruchomiono serwer na porcie 3000
[2025-05-04 16:40:33] [INFO] Połączono z MariaDB
[2025-05-04 16:40:48] [INFO] Uruchomiono serwer na porcie 3000
[2025-05-04 16:40:48] [INFO] Połączono z MariaDB
[2025-05-04 16:40:58] [INFO] Uruchomiono serwer na porcie 3000
[2025-05-04 16:40:58] [INFO] Połączono z MariaDB
[2025-05-04 16:41:19] [INFO] Uruchomiono serwer na porcie 3000
[2025-05-04 16:41:19] [INFO] Połączono z MariaDB
[2025-05-04 16:42:02] [INFO] Uruchomiono serwer na porcie 3000
[2025-05-04 16:42:02] [INFO] Połączono z MariaDB
[2025-05-04 16:42:09] [INFO] Uruchomiono serwer na porcie 3000
[2025-05-04 16:42:09] [INFO] Połączono z MariaDB
[2025-05-04 16:42:12] [INFO] Aplikacja zamknięta przez: SIGINT (CTRL+C lub pm2 stop)
[2025-05-04 16:42:13] [INFO] Uruchomiono serwer na porcie 3000
[2025-05-04 16:42:13] [INFO] Połączono z MariaDB
[2025-05-04 16:43:37] [INFO] Aplikacja zamknięta przez: SIGHUP (restart systemu lub pm2 stop)
[2025-05-04 16:43:37] [INFO] Aplikacja zakończyła działanie.
[2025-05-04 16:43:37] [INFO] Uruchomiono serwer na porcie 3000
[2025-05-04 16:43:37] [INFO] Połączono z MariaDB
[2025-05-04 16:43:52] [INFO] Uruchomiono serwer na porcie 3000
[2025-05-04 16:43:52] [INFO] Połączono z MariaDB
[2025-05-04 16:47:32] [INFO] Zalogowano: mati (Sklep: 1)
[2025-05-04 16:48:12] [INFO] Uruchomiono serwer na porcie 3000
[2025-05-04 16:48:12] [INFO] Połączono z MariaDB
[2025-05-04 16:50:44] [INFO] Uruchomiono serwer na porcie 3000
[2025-05-04 16:50:44] [INFO] Połączono z MariaDB
[2025-05-04 16:52:11] [INFO] Uruchomiono serwer na porcie 3000
[2025-05-04 16:52:11] [INFO] Połączono z MariaDB
[2025-05-04 16:53:17] [INFO] Uruchomiono serwer na porcie 3000
[2025-05-04 16:53:17] [INFO] Połączono z MariaDB
[2025-05-04 16:54:39] [INFO] Uruchomiono serwer na porcie 3000
[2025-05-04 16:54:39] [INFO] Połączono z MariaDB
[2025-05-04 16:55:06] [INFO] Zalogowano: 2
[2025-05-04 16:55:10] [INFO] Zalogowano: mati
[2025-05-04 16:55:19] [INFO] Zalogowano: 2
[2025-05-04 16:55:24] [INFO] Zalogowano: mati
[2025-05-04 16:57:00] [INFO] Zalogowano: 2
[2025-05-04 16:57:06] [INFO] Zalogowano: mati (Sklep: 2)
[2025-05-04 16:57:13] [INFO] Zalogowano: 2
