[2025-04-25 08:11:53] [INFO] Uruchomiono serwer na porcie 3000
[2025-04-25 08:11:53] [INFO] Połączono z MariaDB
[2025-04-25 08:12:21] [INFO] Zalogowano Serwis
[2025-04-25 08:51:44] [INFO] Zbiorczo dodano 1 kuwet - Smak: 1, Rozmiar: 1
[2025-04-25 09:09:59] [INFO] Kuweta dodana pomyślnie: Id smak: 1 | Id rozmiar: 2 | Porcje: 100
[2025-04-25 09:17:24] [INFO] Zalogowano: jk (Sklep: Sklep 1)
[2025-04-25 09:17:25] [INFO] Zmiana zarejestrowana dla użytkownika: 1
[2025-04-25 09:17:28] [INFO] Zalogowano Serwis
[2025-04-25 09:26:09] [INFO] Uruchomiono serwer na porcie 3000
[2025-04-25 09:26:09] [INFO] Połączono z MariaDB
[2025-04-25 09:26:15] [INFO] Uruchomiono serwer na porcie 3000
[2025-04-25 09:26:15] [INFO] Połączono z MariaDB
[2025-04-25 09:26:21] [INFO] Uruchomiono serwer na porcie 3000
[2025-04-25 09:26:21] [INFO] Połączono z MariaDB
[2025-04-25 09:26:34] [INFO] Uruchomiono serwer na porcie 3000
[2025-04-25 09:26:34] [INFO] Połączono z MariaDB
[2025-04-25 09:26:38] [INFO] Uruchomiono serwer na porcie 3000
[2025-04-25 09:26:38] [INFO] Połączono z MariaDB
[2025-04-25 09:26:44] [INFO] Uruchomiono serwer na porcie 3000
[2025-04-25 09:26:44] [INFO] Połączono z MariaDB
[2025-04-25 09:26:58] [INFO] Zalogowano: jk (Sklep: Sklep 1)
[2025-04-25 09:26:59] [INFO] Zmiana zarejestrowana dla użytkownika: 1
[2025-04-25 09:27:06] [INFO] Ułożenie dodano pomyślnie: SKLEP: 1 = KUWETA1: undefined | KUWETA2: undefined | KUWETA3: undefined | KUWETA4: undefined | KUWETA5: 5 | KUWETA6: undefined | KUWETA7: undefined | KUWETA8: undefined | KUWETA9: undefined | KUWETA10: undefined
[2025-04-25 09:27:12] [INFO] Zalogowano Serwis
[2025-04-25 11:17:06] [INFO] Zalogowano Serwis
[2025-04-25 11:18:30] [INFO] Użytkownik dodany pomyślnie: mati
[2025-04-25 11:18:38] [INFO] Zalogowano: mati (Sklep: Sklep 1)
[2025-04-25 11:18:45] [INFO] Zalogowano: Mati
[2025-04-25 11:19:53] [INFO] Zalogowano: Mati
[2025-04-25 11:51:52] [INFO] Uruchomiono serwer na porcie 3000
[2025-04-25 11:51:52] [INFO] Połączono z MariaDB
[2025-04-25 14:34:03] [INFO] Zalogowano: mati (Sklep: Sklep 1)
