[2025-05-27 13:11:56] [INFO] Uruchomiono serwer na porcie 3000
[2025-05-27 13:11:56] [INFO] Połączono z MariaDB
[2025-05-27 13:12:10] [INFO] Zalogowano: admin (Sklep: Łącko (przedszkole))
[2025-05-27 13:12:11] [INFO] Odczytano licznik lodów włoskich dla sklepu 
[2025-05-27 13:12:11] [INFO] Odczytano licznik lodów włoskich dla sklepu 
[2025-05-27 13:12:32] [INFO] Odczytano licznik lodów włoskich dla sklepu 
[2025-05-27 13:12:32] [INFO] Odczytano licznik lodów włoskich dla sklepu 
[2025-05-27 13:12:32] [INFO] Odczytano licznik lodów włoskich dla sklepu 
[2025-05-27 13:12:32] [INFO] Odczytano licznik lodów włoskich dla sklepu 
[2025-05-27 13:12:45] [INFO] Kuweta o ID: 311 została oznaczona jako sprzedana i usunięta z ułożenia w sklepie o ID: 2
[2025-05-27 13:12:49] [INFO] Odczytano licznik lodów włoskich dla sklepu 
[2025-05-27 13:12:49] [INFO] Odczytano licznik lodów włoskich dla sklepu 
[2025-05-27 13:12:49] [INFO] Odczytano licznik lodów włoskich dla sklepu 
[2025-05-27 13:12:49] [INFO] Odczytano licznik lodów włoskich dla sklepu 
[2025-05-27 13:12:50] [INFO] Odczytano licznik lodów włoskich dla sklepu 
[2025-05-27 13:12:50] [INFO] Odczytano licznik lodów włoskich dla sklepu 
[2025-05-27 13:13:20] [INFO] Odczytano licznik lodów włoskich dla sklepu 
[2025-05-27 13:13:20] [INFO] Odczytano licznik lodów włoskich dla sklepu 
[2025-05-27 13:13:20] [INFO] Odczytano licznik lodów włoskich dla sklepu 
[2025-05-27 13:13:20] [INFO] Odczytano licznik lodów włoskich dla sklepu 
[2025-05-27 13:13:34] [INFO] Licznik zresetowany dla typu: 2 w sklepie: 2
[2025-05-27 13:13:34] [INFO] Odczytano licznik lodów włoskich dla sklepu 
[2025-05-27 13:13:35] [INFO] Licznik zresetowany dla typu: 1 w sklepie: 2
[2025-05-27 13:13:35] [INFO] Odczytano licznik lodów włoskich dla sklepu 
[2025-05-27 13:13:38] [INFO] Odczytano licznik lodów włoskich dla sklepu 
[2025-05-27 13:13:38] [INFO] Odczytano licznik lodów włoskich dla sklepu 
[2025-05-27 13:15:11] [INFO] Odczytano licznik lodów włoskich dla sklepu 
[2025-05-27 13:15:11] [INFO] Odczytano licznik lodów włoskich dla sklepu 
[2025-05-27 13:42:25] [INFO] Odczytano licznik lodów włoskich dla sklepu 
[2025-05-27 13:42:25] [INFO] Odczytano licznik lodów włoskich dla sklepu 
[2025-05-27 13:42:34] [INFO] Odczytano licznik lodów włoskich dla sklepu 
[2025-05-27 13:42:34] [INFO] Odczytano licznik lodów włoskich dla sklepu 
[2025-05-27 13:42:49] [INFO] Ułożenie dodano pomyślnie: SKLEP: 2 = KUWETA1: undefined | KUWETA2: 175 | KUWETA3: undefined | KUWETA4: 211 | KUWETA5: undefined | KUWETA6: undefined | KUWETA7: 565 | KUWETA8: 115 | KUWETA9: 121 | KUWETA10: 108
[2025-05-27 13:42:49] [INFO] Odczytano licznik lodów włoskich dla sklepu 
[2025-05-27 13:42:49] [INFO] Odczytano licznik lodów włoskich dla sklepu 
[2025-05-27 13:43:47] [INFO] Odczytano licznik lodów włoskich dla sklepu 
[2025-05-27 13:43:47] [INFO] Odczytano licznik lodów włoskich dla sklepu 
[2025-05-27 13:47:59] [INFO] Zalogowano: admin (Sklep: Jurków (dobra))
[2025-05-27 13:48:00] [INFO] Odczytano licznik lodów włoskich dla sklepu 
[2025-05-27 13:48:00] [INFO] Odczytano licznik lodów włoskich dla sklepu 
[2025-05-27 13:48:56] [INFO] Zalogowano: admin (Sklep: Ropa)
[2025-05-27 13:55:45] [INFO] Odczytano licznik lodów włoskich dla sklepu 
[2025-05-27 13:55:45] [INFO] Odczytano licznik lodów włoskich dla sklepu 
[2025-05-27 13:56:01] [INFO] Zalogowano Serwis
[2025-05-27 13:56:08] [ERROR] Błąd połączenia z bazą danych: SqlError: (conn:23, no: 1064, SQLState: 42000) You have an error in your SQL syntax; check the manual that corresponds to your MariaDB server version for the right syntax to use near 'AND UzLogin != 'admin' ORDER BY UzStatus DESC,UzId' at line 1
sql: SELECT * FROM Uzytkownicy AND UzLogin != 'admin' ORDER BY UzStatus DESC,UzId - parameters:[]
[2025-05-27 13:56:17] [ERROR] Błąd połączenia z bazą danych: SqlError: (conn:22, no: 1064, SQLState: 42000) You have an error in your SQL syntax; check the manual that corresponds to your MariaDB server version for the right syntax to use near 'AND UzLogin != 'admin' ORDER BY UzStatus DESC,UzId' at line 1
sql: SELECT * FROM Uzytkownicy AND UzLogin != 'admin' ORDER BY UzStatus DESC,UzId - parameters:[]
[2025-05-27 13:56:20] [ERROR] Błąd połączenia z bazą danych: SqlError: (conn:29, no: 1064, SQLState: 42000) You have an error in your SQL syntax; check the manual that corresponds to your MariaDB server version for the right syntax to use near 'AND UzLogin != 'admin' ORDER BY UzStatus DESC,UzId' at line 1
sql: SELECT * FROM Uzytkownicy AND UzLogin != 'admin' ORDER BY UzStatus DESC,UzId - parameters:[]
[2025-05-27 13:57:30] [INFO] Uruchomiono serwer na porcie 3000
[2025-05-27 13:57:30] [INFO] Połączono z MariaDB
[2025-05-27 13:58:33] [INFO] Rozmiar dodany pomyślnie: Mega mały
[2025-05-27 13:58:53] [INFO] Kuweta dodana pomyślnie: Id smak: 4 | Id rozmiar: 2 | Porcje: 75
[2025-05-27 14:01:09] [INFO] Zalogowano Serwis
[2025-05-27 14:03:54] [INFO] Uruchomiono serwer na porcie 3000
[2025-05-27 14:03:54] [INFO] Połączono z MariaDB
[2025-05-27 14:04:26] [INFO] Uruchomiono serwer na porcie 3000
[2025-05-27 14:04:26] [INFO] Połączono z MariaDB
[2025-05-27 14:06:35] [INFO] Uruchomiono serwer na porcie 3000
[2025-05-27 14:06:35] [INFO] Połączono z MariaDB
[2025-05-27 14:06:43] [INFO] Uruchomiono serwer na porcie 3000
[2025-05-27 14:06:43] [INFO] Połączono z MariaDB
[2025-05-27 14:06:51] [INFO] Uruchomiono serwer na porcie 3000
[2025-05-27 14:06:51] [INFO] Połączono z MariaDB
[2025-05-27 14:07:41] [INFO] Uruchomiono serwer na porcie 3000
[2025-05-27 14:07:41] [INFO] Połączono z MariaDB
[2025-05-27 14:09:18] [INFO] Uruchomiono serwer na porcie 3000
[2025-05-27 14:09:18] [INFO] Połączono z MariaDB
[2025-05-27 14:11:14] [INFO] Uruchomiono serwer na porcie 3000
[2025-05-27 14:11:14] [INFO] Połączono z MariaDB
[2025-05-27 14:11:46] [INFO] Uruchomiono serwer na porcie 3000
[2025-05-27 14:11:46] [INFO] Połączono z MariaDB
[2025-05-27 14:14:55] [INFO] Uruchomiono serwer na porcie 3000
[2025-05-27 14:14:55] [INFO] Połączono z MariaDB
[2025-05-27 14:15:08] [INFO] Uruchomiono serwer na porcie 3000
[2025-05-27 14:15:08] [INFO] Połączono z MariaDB
[2025-05-27 14:15:18] [INFO] Uruchomiono serwer na porcie 3000
[2025-05-27 14:15:18] [INFO] Połączono z MariaDB
[2025-05-27 14:15:34] [INFO] Zalogowano Serwis
[2025-05-27 14:16:06] [INFO] Uruchomiono serwer na porcie 3000
[2025-05-27 14:16:06] [INFO] Połączono z MariaDB
[2025-05-27 14:16:09] [INFO] Uruchomiono serwer na porcie 3000
[2025-05-27 14:16:09] [INFO] Połączono z MariaDB
[2025-05-27 14:16:17] [INFO] Uruchomiono serwer na porcie 3000
[2025-05-27 14:16:17] [INFO] Połączono z MariaDB
[2025-05-27 14:16:22] [INFO] Uruchomiono serwer na porcie 3000
[2025-05-27 14:16:22] [INFO] Połączono z MariaDB
[2025-05-27 14:18:07] [INFO] Uruchomiono serwer na porcie 3000
[2025-05-27 14:18:07] [INFO] Połączono z MariaDB
[2025-05-27 14:18:49] [INFO] Uruchomiono serwer na porcie 3000
[2025-05-27 14:18:49] [INFO] Połączono z MariaDB
[2025-05-27 14:19:31] [INFO] Uruchomiono serwer na porcie 3000
[2025-05-27 14:19:31] [INFO] Połączono z MariaDB
[2025-05-27 14:19:42] [INFO] Uruchomiono serwer na porcie 3000
[2025-05-27 14:19:42] [INFO] Połączono z MariaDB
[2025-05-27 14:19:51] [INFO] Uruchomiono serwer na porcie 3000
[2025-05-27 14:19:51] [INFO] Połączono z MariaDB
[2025-05-27 14:27:31] [INFO] Uruchomiono serwer na porcie 3000
[2025-05-27 14:27:31] [INFO] Połączono z MariaDB
[2025-05-27 14:31:42] [INFO] Uruchomiono serwer na porcie 3000
[2025-05-27 14:31:42] [INFO] Połączono z MariaDB
[2025-05-27 14:32:04] [INFO] Uruchomiono serwer na porcie 3000
[2025-05-27 14:32:04] [INFO] Połączono z MariaDB
[2025-05-27 14:32:17] [INFO] Smak dodany pomyślnie: Test usuwania
[2025-05-27 14:32:31] [INFO] Kuweta dodana pomyślnie: Id smak: 38 | Id rozmiar: 5 | Porcje: 5
[2025-05-27 14:32:43] [INFO] Kuweta dodana pomyślnie: Id smak: 38 | Id rozmiar: 5 | Porcje: 5
[2025-05-27 14:32:50] [INFO] Kuweta dodana pomyślnie: Id smak: 38 | Id rozmiar: 5 | Porcje: 5
[2025-05-27 14:33:21] [INFO] Usunięcie kuwety o ID: 875
[2025-05-27 14:35:41] [INFO] Uruchomiono serwer na porcie 3000
[2025-05-27 14:35:41] [INFO] Połączono z MariaDB
[2025-05-27 14:36:23] [INFO] Uruchomiono serwer na porcie 3000
[2025-05-27 14:36:23] [INFO] Połączono z MariaDB
[2025-05-27 14:36:42] [INFO] Przydzilono kuwetę: 296 do sklepu: 4
[2025-05-27 14:36:42] [INFO] Przydzilono kuwetę: 297 do sklepu: 4
[2025-05-27 14:36:42] [INFO] Przydzilono kuwetę: 298 do sklepu: 4
[2025-05-27 14:36:42] [INFO] Przydzilono kuwetę: 299 do sklepu: 4
[2025-05-27 14:36:42] [INFO] Przydzilono kuwetę: 500 do sklepu: 4
[2025-05-27 14:36:42] [INFO] Przydzilono kuwetę: 363 do sklepu: 4
[2025-05-27 14:36:58] [INFO] Uruchomiono serwer na porcie 3000
[2025-05-27 14:36:58] [INFO] Połączono z MariaDB
[2025-05-27 14:38:05] [INFO] Uruchomiono serwer na porcie 3000
[2025-05-27 14:38:05] [INFO] Połączono z MariaDB
[2025-05-27 14:38:27] [INFO] Dodano kuwetę :: Smak: 34, Rozmiar: 5, Porcje: 5
[2025-05-27 14:38:27] [INFO] Dodano kuwetę :: Smak: 34, Rozmiar: 5, Porcje: 5
[2025-05-27 14:38:27] [INFO] Zbiorczo dodano 2 kuwet - Smak: 34, Rozmiar: 5
[2025-05-27 14:38:27] [INFO] Dodano kuwetę :: Smak: 10, Rozmiar: 3, Porcje: 95
[2025-05-27 14:38:27] [INFO] Zbiorczo dodano 1 kuwet - Smak: 10, Rozmiar: 3
[2025-05-27 14:38:56] [INFO] Uruchomiono serwer na porcie 3000
[2025-05-27 14:38:56] [INFO] Połączono z MariaDB
[2025-05-27 14:39:11] [INFO] Dodano kuwetę :: Smak: 18, Rozmiar: 5, Porcje: 5
[2025-05-27 14:39:11] [INFO] Dodano kuwetę :: Smak: 18, Rozmiar: 5, Porcje: 5
[2025-05-27 14:39:11] [INFO] Dodano kuwetę :: Smak: 18, Rozmiar: 5, Porcje: 5
[2025-05-27 14:39:11] [INFO] Dodano kuwetę :: Smak: 18, Rozmiar: 5, Porcje: 5
[2025-05-27 14:39:11] [INFO] Dodano kuwetę :: Smak: 18, Rozmiar: 5, Porcje: 5
[2025-05-27 14:39:11] [INFO] Dodano kuwetę :: Smak: 18, Rozmiar: 5, Porcje: 5
[2025-05-27 14:39:11] [INFO] Dodano kuwetę :: Smak: 18, Rozmiar: 5, Porcje: 5
[2025-05-27 14:39:11] [INFO] Dodano kuwetę :: Smak: 18, Rozmiar: 5, Porcje: 5
[2025-05-27 14:39:11] [INFO] Dodano kuwetę :: Smak: 18, Rozmiar: 5, Porcje: 5
[2025-05-27 14:39:11] [INFO] Dodano kuwetę :: Smak: 18, Rozmiar: 5, Porcje: 5
[2025-05-27 14:39:11] [INFO] Dodano kuwetę :: Smak: 20, Rozmiar: 2, Porcje: 75
[2025-05-27 14:39:11] [INFO] Dodano kuwetę :: Smak: 20, Rozmiar: 2, Porcje: 75
[2025-05-27 14:39:51] [INFO] Uruchomiono serwer na porcie 3000
[2025-05-27 14:39:51] [INFO] Połączono z MariaDB
[2025-05-27 14:40:03] [INFO] Zbiorczo dodano 2 kuwet - Smak: 16, Rozmiar: 5
[2025-05-27 14:40:03] [INFO] Zbiorczo dodano 10 kuwet - Smak: 15, Rozmiar: 3
[2025-05-27 14:40:40] [INFO] Uruchomiono serwer na porcie 3000
[2025-05-27 14:40:41] [INFO] Połączono z MariaDB
[2025-05-27 14:40:55] [INFO] Zbiorczo dodano kuwet: 10 :: Smak: 30, Rozmiar: 2
[2025-05-27 14:40:55] [INFO] Zbiorczo dodano kuwet: 1 :: Smak: 29, Rozmiar: 2
[2025-05-27 14:45:04] [INFO] Uruchomiono serwer na porcie 3000
[2025-05-27 14:45:05] [INFO] Połączono z MariaDB
[2025-05-27 14:46:24] [INFO] Uruchomiono serwer na porcie 3000
[2025-05-27 14:46:24] [INFO] Połączono z MariaDB
[2025-05-27 14:52:20] [INFO] Zalogowano: admin (Sklep: Dom)
[2025-05-27 14:53:20] [INFO] Odczytano licznik lodów włoskich dla sklepu 
[2025-05-27 14:53:20] [INFO] Odczytano licznik lodów włoskich dla sklepu 
[2025-05-27 14:56:22] [INFO] Zalogowano: admin (Sklep: Dom)
[2025-05-27 14:56:23] [INFO] Odczytano licznik lodów włoskich dla sklepu 
[2025-05-27 14:56:23] [INFO] Odczytano licznik lodów włoskich dla sklepu 
[2025-05-27 14:56:42] [INFO] Ułożenie dodano pomyślnie: SKLEP: 1 = KUWETA1: undefined | KUWETA2: undefined | KUWETA3: undefined | KUWETA4: undefined | KUWETA5: 876 | KUWETA6: undefined | KUWETA7: undefined | KUWETA8: undefined | KUWETA9: undefined | KUWETA10: undefined
[2025-05-27 14:56:42] [INFO] Odczytano licznik lodów włoskich dla sklepu 
[2025-05-27 14:56:42] [INFO] Odczytano licznik lodów włoskich dla sklepu 
[2025-05-27 14:56:45] [INFO] Odczytano licznik lodów włoskich dla sklepu 
[2025-05-27 14:56:45] [INFO] Odczytano licznik lodów włoskich dla sklepu 
[2025-05-27 14:56:45] [INFO] Odczytano licznik lodów włoskich dla sklepu 
[2025-05-27 14:56:45] [INFO] Odczytano licznik lodów włoskich dla sklepu 
[2025-05-27 14:56:54] [INFO] Kuweta o ID: 876 została oznaczona jako sprzedana i usunięta z ułożenia w sklepie o ID: 1
[2025-05-27 14:56:55] [INFO] Kuweta o ID: null została oznaczona jako sprzedana i usunięta z ułożenia w sklepie o ID: 1
[2025-05-27 14:56:56] [INFO] Kuweta o ID: null została oznaczona jako sprzedana i usunięta z ułożenia w sklepie o ID: 1
[2025-05-27 14:56:57] [INFO] Odczytano licznik lodów włoskich dla sklepu 
[2025-05-27 14:56:57] [INFO] Odczytano licznik lodów włoskich dla sklepu 
[2025-05-27 14:56:57] [INFO] Odczytano licznik lodów włoskich dla sklepu 
[2025-05-27 14:56:57] [INFO] Odczytano licznik lodów włoskich dla sklepu 
[2025-05-27 14:57:06] [INFO] Odczytano licznik lodów włoskich dla sklepu 
[2025-05-27 14:57:06] [INFO] Odczytano licznik lodów włoskich dla sklepu 
[2025-05-27 15:49:22] [INFO] Aplikacja zamknięta przez: SIGHUP (restart systemu lub pm2 stop)
[2025-05-27 15:49:22] [INFO] Aplikacja zakończyła działanie.
[2025-05-27 15:49:22] [INFO] Uruchomiono serwer na porcie 3000
[2025-05-27 15:49:22] [INFO] Połączono z MariaDB
