[2025-04-04 08:14:06] [INFO] Uruchomiono serwer na porcie 3000
[2025-04-04 08:14:06] [INFO] Połączono z MariaDB
[2025-04-04 08:14:15] [INFO] Uruchomiono serwer na porcie 3000
[2025-04-04 08:14:15] [INFO] Połączono z MariaDB
[2025-04-04 08:14:19] [INFO] Aplikacja zamknięta przez: SIGINT (CTRL+C lub pm2 stop)
[2025-04-04 08:14:20] [INFO] Uruchomiono serwer na porcie 3000
[2025-04-04 08:14:20] [INFO] Połączono z MariaDB
[2025-04-04 08:14:29] [INFO] Zalogowano: mati (Sklep: Prusa)
[2025-04-04 08:40:11] [INFO] Uruchomiono serwer na porcie 3000
[2025-04-04 08:40:11] [INFO] Połączono z MariaDB
[2025-04-04 08:45:41] [INFO] Uruchomiono serwer na porcie 3000
[2025-04-04 08:45:41] [INFO] Połączono z MariaDB
[2025-04-04 08:45:42] [INFO] Uruchomiono serwer na porcie 3000
[2025-04-04 08:45:42] [INFO] Połączono z MariaDB
[2025-04-04 08:45:48] [INFO] Uruchomiono serwer na porcie 3000
[2025-04-04 08:45:48] [INFO] Połączono z MariaDB
[2025-04-04 08:46:31] [INFO] Uruchomiono serwer na porcie 3000
[2025-04-04 08:46:31] [INFO] Połączono z MariaDB
[2025-04-04 08:46:34] [INFO] Uruchomiono serwer na porcie 3000
[2025-04-04 08:46:34] [INFO] Połączono z MariaDB
[2025-04-04 08:51:47] [INFO] Uruchomiono serwer na porcie 3000
[2025-04-04 08:51:47] [INFO] Połączono z MariaDB
[2025-04-04 08:52:00] [INFO] Uruchomiono serwer na porcie 3000
[2025-04-04 08:52:00] [INFO] Połączono z MariaDB
[2025-04-04 08:52:33] [INFO] Uruchomiono serwer na porcie 3000
[2025-04-04 08:52:33] [INFO] Połączono z MariaDB
[2025-04-04 08:52:41] [INFO] Uruchomiono serwer na porcie 3000
[2025-04-04 08:52:41] [INFO] Połączono z MariaDB
[2025-04-04 08:53:48] [INFO] Uruchomiono serwer na porcie 3000
[2025-04-04 08:53:48] [INFO] Połączono z MariaDB
[2025-04-04 08:54:00] [INFO] Uruchomiono serwer na porcie 3000
[2025-04-04 08:54:00] [INFO] Połączono z MariaDB
[2025-04-04 08:55:43] [INFO] Uruchomiono serwer na porcie 3000
[2025-04-04 08:55:43] [INFO] Połączono z MariaDB
[2025-04-04 08:56:08] [INFO] Uruchomiono serwer na porcie 3000
[2025-04-04 08:56:08] [INFO] Połączono z MariaDB
[2025-04-04 08:56:33] [INFO] Uruchomiono serwer na porcie 3000
[2025-04-04 08:56:33] [INFO] Połączono z MariaDB
[2025-04-04 08:56:38] [INFO] Uruchomiono serwer na porcie 3000
[2025-04-04 08:56:38] [INFO] Połączono z MariaDB
[2025-04-04 08:56:40] [INFO] Uruchomiono serwer na porcie 3000
[2025-04-04 08:56:40] [INFO] Połączono z MariaDB
[2025-04-04 08:56:56] [INFO] Uruchomiono serwer na porcie 3000
[2025-04-04 08:56:56] [INFO] Połączono z MariaDB
[2025-04-04 08:57:07] [INFO] Uruchomiono serwer na porcie 3000
[2025-04-04 08:57:07] [INFO] Połączono z MariaDB
[2025-04-04 08:57:13] [INFO] Uruchomiono serwer na porcie 3000
[2025-04-04 08:57:13] [INFO] Połączono z MariaDB
[2025-04-04 08:57:59] [INFO] Uruchomiono serwer na porcie 3000
[2025-04-04 08:57:59] [INFO] Połączono z MariaDB
[2025-04-04 08:58:54] [INFO] Uruchomiono serwer na porcie 3000
[2025-04-04 08:58:54] [INFO] Połączono z MariaDB
[2025-04-04 08:59:10] [INFO] Uruchomiono serwer na porcie 3000
[2025-04-04 08:59:10] [INFO] Połączono z MariaDB
[2025-04-04 08:59:42] [INFO] Uruchomiono serwer na porcie 3000
[2025-04-04 08:59:42] [INFO] Połączono z MariaDB
[2025-04-04 08:59:45] [INFO] Uruchomiono serwer na porcie 3000
[2025-04-04 08:59:45] [INFO] Połączono z MariaDB
[2025-04-04 09:00:09] [INFO] Uruchomiono serwer na porcie 3000
[2025-04-04 09:00:09] [INFO] Połączono z MariaDB
[2025-04-04 09:00:13] [INFO] Uruchomiono serwer na porcie 3000
[2025-04-04 09:00:13] [INFO] Połączono z MariaDB
[2025-04-04 09:00:16] [INFO] Uruchomiono serwer na porcie 3000
[2025-04-04 09:00:16] [INFO] Połączono z MariaDB
[2025-04-04 09:08:58] [INFO] Uruchomiono serwer na porcie 3000
[2025-04-04 09:08:58] [INFO] Połączono z MariaDB
[2025-04-04 09:12:03] [INFO] Uruchomiono serwer na porcie 3000
[2025-04-04 09:12:03] [INFO] Połączono z MariaDB
[2025-04-04 09:17:46] [INFO] Uruchomiono serwer na porcie 3000
[2025-04-04 09:17:46] [INFO] Połączono z MariaDB
[2025-04-04 09:17:50] [INFO] Uruchomiono serwer na porcie 3000
[2025-04-04 09:17:50] [INFO] Połączono z MariaDB
[2025-04-04 09:19:15] [INFO] Zalogowano Serwis
[2025-04-04 09:19:59] [INFO] Wyczyszczono bufor zamówień
[2025-04-04 09:36:00] [INFO] Zalogowano Serwis
[2025-04-04 09:44:20] [INFO] Uruchomiono serwer na porcie 3000
[2025-04-04 09:44:20] [INFO] Połączono z MariaDB
[2025-04-04 09:44:45] [INFO] Uruchomiono serwer na porcie 3000
[2025-04-04 09:44:45] [INFO] Połączono z MariaDB
[2025-04-04 09:45:03] [INFO] Uruchomiono serwer na porcie 3000
[2025-04-04 09:45:03] [INFO] Połączono z MariaDB
[2025-04-04 09:45:11] [INFO] Uruchomiono serwer na porcie 3000
[2025-04-04 09:45:11] [INFO] Połączono z MariaDB
[2025-04-04 09:45:15] [INFO] Uruchomiono serwer na porcie 3000
[2025-04-04 09:45:15] [INFO] Połączono z MariaDB
[2025-04-04 09:46:59] [INFO] Uruchomiono serwer na porcie 3000
[2025-04-04 09:46:59] [INFO] Połączono z MariaDB
[2025-04-04 09:51:25] [INFO] Poprawny test połączenia z bazą danych
[2025-04-04 09:54:55] [INFO] Uruchomiono serwer na porcie 3000
[2025-04-04 09:54:55] [INFO] Połączono z MariaDB
[2025-04-04 09:55:13] [INFO] Uruchomiono serwer na porcie 3000
[2025-04-04 09:55:13] [INFO] Połączono z MariaDB
[2025-04-04 09:55:16] [INFO] Uruchomiono serwer na porcie 3000
[2025-04-04 09:55:16] [INFO] Połączono z MariaDB
[2025-04-04 09:56:40] [INFO] Uruchomiono serwer na porcie 3000
[2025-04-04 09:56:40] [INFO] Połączono z MariaDB
[2025-04-04 09:57:11] [INFO] Uruchomiono serwer na porcie 3000
[2025-04-04 09:57:11] [INFO] Połączono z MariaDB
[2025-04-04 09:58:05] [INFO] Uruchomiono serwer na porcie 3000
[2025-04-04 09:58:05] [INFO] Połączono z MariaDB
[2025-04-04 09:58:07] [INFO] Uruchomiono serwer na porcie 3000
[2025-04-04 09:58:07] [INFO] Połączono z MariaDB
[2025-04-04 09:58:37] [INFO] Zalogowano Serwis
[2025-04-04 09:58:58] [INFO] Zalogowano Serwis
[2025-04-04 10:00:25] [INFO] Uruchomiono serwer na porcie 3000
[2025-04-04 10:00:25] [INFO] Połączono z MariaDB
[2025-04-04 10:00:41] [INFO] Uruchomiono serwer na porcie 3000
[2025-04-04 10:00:41] [INFO] Połączono z MariaDB
[2025-04-04 10:00:45] [INFO] Uruchomiono serwer na porcie 3000
[2025-04-04 10:00:45] [INFO] Połączono z MariaDB
[2025-04-04 10:05:06] [INFO] Uruchomiono serwer na porcie 3000
[2025-04-04 10:05:06] [INFO] Połączono z MariaDB
[2025-04-04 10:05:48] [INFO] Uruchomiono serwer na porcie 3000
[2025-04-04 10:05:48] [INFO] Połączono z MariaDB
[2025-04-04 10:07:34] [INFO] Uruchomiono serwer na porcie 3000
[2025-04-04 10:07:34] [INFO] Połączono z MariaDB
[2025-04-04 10:07:49] [INFO] Uruchomiono serwer na porcie 3000
[2025-04-04 10:07:49] [INFO] Połączono z MariaDB
[2025-04-04 10:08:24] [INFO] Uruchomiono serwer na porcie 3000
[2025-04-04 10:08:24] [INFO] Połączono z MariaDB
[2025-04-04 10:08:47] [INFO] Uruchomiono serwer na porcie 3000
[2025-04-04 10:08:47] [INFO] Połączono z MariaDB
[2025-04-04 10:08:51] [INFO] Uruchomiono serwer na porcie 3000
[2025-04-04 10:08:51] [INFO] Połączono z MariaDB
[2025-04-04 10:08:53] [INFO] Uruchomiono serwer na porcie 3000
[2025-04-04 10:08:53] [INFO] Połączono z MariaDB
[2025-04-04 10:10:39] [INFO] Uruchomiono serwer na porcie 3000
[2025-04-04 10:10:39] [INFO] Połączono z MariaDB
[2025-04-04 10:11:00] [INFO] Uruchomiono serwer na porcie 3000
[2025-04-04 10:11:00] [INFO] Połączono z MariaDB
[2025-04-04 10:11:41] [INFO] Uruchomiono serwer na porcie 3000
[2025-04-04 10:11:41] [INFO] Połączono z MariaDB
[2025-04-04 10:12:50] [INFO] Uruchomiono serwer na porcie 3000
[2025-04-04 10:12:50] [INFO] Połączono z MariaDB
[2025-04-04 10:14:23] [INFO] Uruchomiono serwer na porcie 3000
[2025-04-04 10:14:23] [INFO] Połączono z MariaDB
[2025-04-04 10:15:12] [INFO] Uruchomiono serwer na porcie 3000
[2025-04-04 10:15:12] [INFO] Połączono z MariaDB
[2025-04-04 10:19:47] [INFO] Zalogowano: mati (Sklep: Prusa)
[2025-04-04 10:19:48] [INFO] Zmiana zarejestrowana dla użytkownika: 1
[2025-04-04 10:19:50] [INFO] Zalogowano Serwis
[2025-04-04 10:21:09] [INFO] Uruchomiono serwer na porcie 3000
[2025-04-04 10:21:09] [INFO] Połączono z MariaDB
[2025-04-04 10:21:20] [INFO] Uruchomiono serwer na porcie 3000
[2025-04-04 10:21:20] [INFO] Połączono z MariaDB
[2025-04-04 10:23:22] [INFO] Uruchomiono serwer na porcie 3000
[2025-04-04 10:23:22] [INFO] Połączono z MariaDB
[2025-04-04 10:24:50] [INFO] Uruchomiono serwer na porcie 3000
[2025-04-04 10:24:50] [INFO] Połączono z MariaDB
[2025-04-04 10:25:00] [INFO] Uruchomiono serwer na porcie 3000
[2025-04-04 10:25:00] [INFO] Połączono z MariaDB
[2025-04-04 10:25:26] [INFO] Uruchomiono serwer na porcie 3000
[2025-04-04 10:25:26] [INFO] Połączono z MariaDB
[2025-04-04 10:25:32] [INFO] Uruchomiono serwer na porcie 3000
[2025-04-04 10:25:32] [INFO] Połączono z MariaDB
[2025-04-04 10:26:04] [INFO] Uruchomiono serwer na porcie 3000
[2025-04-04 10:26:04] [INFO] Połączono z MariaDB
[2025-04-04 10:37:59] [INFO] Uruchomiono serwer na porcie 3000
[2025-04-04 10:37:59] [INFO] Połączono z MariaDB
[2025-04-04 10:38:03] [INFO] Uruchomiono serwer na porcie 3000
[2025-04-04 10:38:03] [INFO] Połączono z MariaDB
[2025-04-04 10:46:16] [INFO] Uruchomiono serwer na porcie 3000
[2025-04-04 10:46:16] [INFO] Połączono z MariaDB
[2025-04-04 10:46:24] [INFO] Aplikacja zamknięta przez: SIGINT (CTRL+C lub pm2 stop)
[2025-04-04 10:46:26] [INFO] Uruchomiono serwer na porcie 3000
[2025-04-04 10:46:26] [INFO] Połączono z MariaDB
[2025-04-04 10:47:22] [INFO] Uruchomiono serwer na porcie 3000
[2025-04-04 10:47:22] [INFO] Połączono z MariaDB
[2025-04-04 10:48:04] [INFO] Uruchomiono serwer na porcie 3000
[2025-04-04 10:48:04] [INFO] Połączono z MariaDB
[2025-04-04 10:48:12] [INFO] Uruchomiono serwer na porcie 3000
[2025-04-04 10:48:12] [INFO] Połączono z MariaDB
[2025-04-04 10:48:36] [INFO] Uruchomiono serwer na porcie 3000
[2025-04-04 10:48:36] [INFO] Połączono z MariaDB
[2025-04-04 10:49:06] [INFO] Aplikacja zamknięta przez: SIGINT (CTRL+C lub pm2 stop)
[2025-04-04 10:49:08] [INFO] Uruchomiono serwer na porcie 3000
[2025-04-04 10:49:08] [INFO] Połączono z MariaDB
[2025-04-04 10:50:17] [INFO] Uruchomiono serwer na porcie 3000
[2025-04-04 10:50:17] [INFO] Połączono z MariaDB
[2025-04-04 10:51:01] [INFO] Uruchomiono serwer na porcie 3000
[2025-04-04 10:51:01] [INFO] Połączono z MariaDB
[2025-04-04 10:51:12] [INFO] Uruchomiono serwer na porcie 3000
[2025-04-04 10:51:12] [INFO] Połączono z MariaDB
[2025-04-04 10:53:12] [INFO] Aplikacja zamknięta przez: SIGINT (CTRL+C lub pm2 stop)
[2025-04-04 10:53:57] [INFO] Uruchomiono serwer na porcie 3000
[2025-04-04 10:53:57] [INFO] Połączono z MariaDB
[2025-04-04 10:54:05] [INFO] Uruchomiono serwer na porcie 3000
[2025-04-04 10:54:05] [INFO] Połączono z MariaDB
[2025-04-04 10:54:11] [INFO] Zalogowano Serwis
[2025-04-04 10:59:00] [INFO] Uruchomiono serwer na porcie 3000
[2025-04-04 10:59:00] [INFO] Połączono z MariaDB
[2025-04-04 10:59:09] [INFO] Uruchomiono serwer na porcie 3000
[2025-04-04 10:59:09] [INFO] Połączono z MariaDB
[2025-04-04 11:00:35] [INFO] Uruchomiono serwer na porcie 3000
[2025-04-04 11:00:35] [INFO] Połączono z MariaDB
[2025-04-04 11:00:48] [INFO] Uruchomiono serwer na porcie 3000
[2025-04-04 11:00:48] [INFO] Połączono z MariaDB
[2025-04-04 11:02:31] [INFO] Zalogowano: mati (Sklep: Prusa)
[2025-04-04 11:03:21] [INFO] Zmiana zarejestrowana dla użytkownika: 1
[2025-04-04 11:04:07] [INFO] Ułożenie dodano pomyślnie: SKLEP: 1 = KUWETA1: 5 | KUWETA2: undefined | KUWETA3: 6 | KUWETA4: undefined | KUWETA5: 10 | KUWETA6: undefined | KUWETA7: undefined | KUWETA8: undefined | KUWETA9: 9 | KUWETA10: undefined
[2025-04-04 11:06:46] [INFO] Zalogowano Serwis
[2025-04-04 11:07:10] [INFO] Zalogowano: mati (Sklep: Prusa)
[2025-04-04 11:07:13] [INFO] Kuweta o ID: 16 przeniesiona do bufora zamówień
[2025-04-04 11:09:10] [INFO] Zalogowano Serwis
[2025-04-04 11:13:04] [INFO] Zalogowano: mati (Sklep: Prusa)
[2025-04-04 11:13:26] [ERROR] ReferenceError: pinSklep is not defined
[2025-04-04 11:13:39] [INFO] Zalogowano Serwis
[2025-04-04 11:14:07] [INFO] Zalogowano: sk (Sklep: Drugi sklep)
[2025-04-04 11:14:27] [INFO] Zalogowano Serwis
[2025-04-04 11:17:13] [INFO] Kuweta o ID: 16 zmieniła status na 1 po 10 minutach
[2025-04-04 11:24:12] [INFO] Zalogowano: mati (Sklep: Prusa)
[2025-04-04 11:24:34] [INFO] Kuweta o ID: 18 przeniesiona do bufora zamówień
[2025-04-04 11:24:45] [INFO] Zalogowano: sk (Sklep: Drugi sklep)
[2025-04-04 11:34:34] [INFO] Kuweta o ID: 18 zmieniła status na 1 po 10 minutach
[2025-04-04 11:56:34] [INFO] Zalogowano: mati (Sklep: Drugi sklep)
[2025-04-04 11:57:06] [INFO] Kuweta o ID: 18 przeniesiona do bufora zamówień
[2025-04-04 11:57:15] [INFO] Zalogowano Serwis
[2025-04-04 12:04:50] [INFO] Uruchomiono serwer na porcie 3000
[2025-04-04 12:04:50] [INFO] Połączono z MariaDB
[2025-04-04 12:05:04] [INFO] Uruchomiono serwer na porcie 3000
[2025-04-04 12:05:04] [INFO] Połączono z MariaDB
[2025-04-04 12:05:20] [INFO] Uruchomiono serwer na porcie 3000
[2025-04-04 12:05:20] [INFO] Połączono z MariaDB
[2025-04-04 12:05:22] [INFO] Uruchomiono serwer na porcie 3000
[2025-04-04 12:05:22] [INFO] Połączono z MariaDB
[2025-04-04 12:05:32] [INFO] Uruchomiono serwer na porcie 3000
[2025-04-04 12:05:32] [INFO] Połączono z MariaDB
[2025-04-04 12:05:39] [INFO] Uruchomiono serwer na porcie 3000
[2025-04-04 12:05:39] [INFO] Połączono z MariaDB
[2025-04-04 12:06:04] [INFO] Uruchomiono serwer na porcie 3000
[2025-04-04 12:06:04] [INFO] Połączono z MariaDB
[2025-04-04 12:06:17] [INFO] Uruchomiono serwer na porcie 3000
[2025-04-04 12:06:17] [INFO] Połączono z MariaDB
[2025-04-04 12:08:31] [INFO] Uruchomiono serwer na porcie 3000
[2025-04-04 12:08:31] [INFO] Połączono z MariaDB
[2025-04-04 12:08:46] [INFO] Zalogowano: mati (Sklep: Drugi sklep)
[2025-04-04 12:11:13] [INFO] Aplikacja zamknięta przez: SIGINT (CTRL+C lub pm2 stop)
[2025-04-04 12:13:12] [INFO] Uruchomiono serwer na porcie 3000
[2025-04-04 12:13:13] [INFO] Połączono z MariaDB
[2025-04-04 12:13:22] [INFO] Zalogowano: mati (Sklep: Drugi sklep)
[2025-04-04 12:14:38] [INFO] Zalogowano Serwis
[2025-04-04 12:22:43] [INFO] Zalogowano: mati (Sklep: Prusa)
[2025-04-04 15:35:45] [INFO] Aplikacja zamknięta przez: SIGHUP (restart systemu lub pm2 stop)
[2025-04-04 15:35:45] [INFO] Aplikacja zakończyła działanie.
[2025-04-04 15:35:46] [INFO] Uruchomiono serwer na porcie 3000
[2025-04-04 15:35:46] [INFO] Połączono z MariaDB
