[2025-04-18 08:54:51] [INFO] Uruchomiono serwer na porcie 3000
[2025-04-18 08:54:51] [INFO] Połączono z MariaDB
[2025-04-18 08:55:05] [INFO] Zalogowano: mati (Sklep: 1)
[2025-04-18 08:55:25] [INFO] Zalogowano: Mati
[2025-04-18 08:56:06] [INFO] Uruchomiono serwer na porcie 3000
[2025-04-18 08:56:06] [INFO] Połączono z MariaDB
[2025-04-18 08:56:44] [INFO] Zalogowano Serwis
[2025-04-18 08:57:23] [INFO] Uruchomiono serwer na porcie 3000
[2025-04-18 08:57:23] [INFO] Połączono z MariaDB
[2025-04-18 08:57:30] [INFO] Uruchomiono serwer na porcie 3000
[2025-04-18 08:57:30] [INFO] Połączono z MariaDB
[2025-04-18 08:57:42] [INFO] Uruchomiono serwer na porcie 3000
[2025-04-18 08:57:42] [INFO] Połączono z MariaDB
[2025-04-18 08:58:13] [INFO] Zalogowano: mati
[2025-04-18 08:58:50] [INFO] Zalogowano Serwis
[2025-04-18 08:58:57] [INFO] Zalogowano: mati
[2025-04-18 08:59:06] [INFO] Uruchomiono serwer na porcie 3000
[2025-04-18 08:59:06] [INFO] Połączono z MariaDB
[2025-04-18 08:59:43] [INFO] Zalogowano Serwis
[2025-04-18 08:59:49] [INFO] Zalogowano: mati
[2025-04-18 09:00:28] [INFO] Zalogowano Serwis
[2025-04-18 09:01:11] [INFO] Uruchomiono serwer na porcie 3000
[2025-04-18 09:01:11] [INFO] Połączono z MariaDB
[2025-04-18 09:01:36] [INFO] Uruchomiono serwer na porcie 3000
[2025-04-18 09:01:36] [INFO] Połączono z MariaDB
[2025-04-18 09:01:40] [INFO] Uruchomiono serwer na porcie 3000
[2025-04-18 09:01:40] [INFO] Połączono z MariaDB
[2025-04-18 09:05:01] [INFO] Zalogowano Serwis
[2025-04-18 09:07:49] [INFO] Uruchomiono serwer na porcie 3000
[2025-04-18 09:07:49] [INFO] Połączono z MariaDB
[2025-04-18 09:07:56] [INFO] Zalogowano: mati
[2025-04-18 09:08:02] [INFO] Zalogowano Serwis
[2025-04-18 09:08:50] [INFO] Uruchomiono serwer na porcie 3000
[2025-04-18 09:08:50] [INFO] Połączono z MariaDB
[2025-04-18 09:08:55] [INFO] Uruchomiono serwer na porcie 3000
[2025-04-18 09:08:55] [INFO] Połączono z MariaDB
[2025-04-18 09:09:01] [INFO] Uruchomiono serwer na porcie 3000
[2025-04-18 09:09:01] [INFO] Połączono z MariaDB
[2025-04-18 09:09:39] [INFO] Uruchomiono serwer na porcie 3000
[2025-04-18 09:09:39] [INFO] Połączono z MariaDB
[2025-04-18 09:09:52] [INFO] Zalogowano Serwis
[2025-04-18 09:09:57] [INFO] Zalogowano: mati
[2025-04-18 09:10:51] [INFO] Uruchomiono serwer na porcie 3000
[2025-04-18 09:10:51] [INFO] Połączono z MariaDB
[2025-04-18 09:10:59] [INFO] Zalogowano Serwis
[2025-04-18 09:11:09] [INFO] Uruchomiono serwer na porcie 3000
[2025-04-18 09:11:09] [INFO] Połączono z MariaDB
[2025-04-18 09:12:21] [INFO] Uruchomiono serwer na porcie 3000
[2025-04-18 09:12:21] [INFO] Połączono z MariaDB
[2025-04-18 09:12:36] [INFO] Zalogowano: mati
[2025-04-18 09:14:00] [INFO] Uruchomiono serwer na porcie 3000
[2025-04-18 09:14:00] [INFO] Połączono z MariaDB
[2025-04-18 09:14:10] [INFO] Uruchomiono serwer na porcie 3000
[2025-04-18 09:14:10] [INFO] Połączono z MariaDB
[2025-04-18 09:14:11] [INFO] Uruchomiono serwer na porcie 3000
[2025-04-18 09:14:11] [INFO] Połączono z MariaDB
[2025-04-18 09:14:40] [INFO] Uruchomiono serwer na porcie 3000
[2025-04-18 09:14:40] [INFO] Połączono z MariaDB
[2025-04-18 09:14:44] [INFO] Zalogowano Serwis
[2025-04-18 09:14:53] [INFO] Uruchomiono serwer na porcie 3000
[2025-04-18 09:14:53] [INFO] Połączono z MariaDB
[2025-04-18 09:14:58] [INFO] Zalogowano: mati
[2025-04-18 09:15:38] [INFO] Uruchomiono serwer na porcie 3000
[2025-04-18 09:15:38] [INFO] Połączono z MariaDB
[2025-04-18 09:15:49] [INFO] Uruchomiono serwer na porcie 3000
[2025-04-18 09:15:49] [INFO] Połączono z MariaDB
[2025-04-18 09:16:11] [INFO] Uruchomiono serwer na porcie 3000
[2025-04-18 09:16:11] [INFO] Połączono z MariaDB
[2025-04-18 09:16:53] [INFO] Uruchomiono serwer na porcie 3000
[2025-04-18 09:16:53] [INFO] Połączono z MariaDB
[2025-04-18 09:17:38] [INFO] Uruchomiono serwer na porcie 3000
[2025-04-18 09:17:38] [INFO] Połączono z MariaDB
[2025-04-18 09:18:33] [INFO] Uruchomiono serwer na porcie 3000
[2025-04-18 09:18:33] [INFO] Połączono z MariaDB
[2025-04-18 09:19:25] [INFO] Uruchomiono serwer na porcie 3000
[2025-04-18 09:19:25] [INFO] Połączono z MariaDB
[2025-04-18 09:21:45] [INFO] Uruchomiono serwer na porcie 3000
[2025-04-18 09:21:45] [INFO] Połączono z MariaDB
[2025-04-18 09:21:52] [INFO] Uruchomiono serwer na porcie 3000
[2025-04-18 09:21:52] [INFO] Połączono z MariaDB
[2025-04-18 09:22:29] [INFO] Uruchomiono serwer na porcie 3000
[2025-04-18 09:22:29] [INFO] Połączono z MariaDB
