[2025-03-20 08:26:35] [INFO] Uruchomiono serwer na porcie 3000
[2025-03-20 08:26:35] [INFO] Połączono z MariaDB
[2025-03-20 08:26:48] [INFO] Zalogowano: mati
[2025-03-20 08:31:11] [INFO] Aplikacja zamknięta przez: SIGINT (CTRL+C lub pm2 stop)
[2025-03-20 08:31:11] [INFO] Aplikacja zakończyła działanie.
[2025-03-20 08:32:51] [INFO] Uruchomiono serwer na porcie 3000
[2025-03-20 08:32:51] [INFO] Połączono z MariaDB
[2025-03-20 09:53:33] [INFO] Aplikacja zamknięta przez: SIGHUP (restart systemu lub pm2 stop)
[2025-03-20 09:53:33] [INFO] Aplikacja zakończyła działanie.
[2025-03-20 09:53:43] [INFO] Uruchomiono serwer na porcie 3000
[2025-03-20 09:53:43] [INFO] Połączono z MariaDB
[2025-03-20 10:04:28] [INFO] Zalogowano: mati
[2025-03-20 10:10:34] [INFO] Zalogowano: mati
[2025-03-20 10:12:40] [INFO] Aplikacja zamknięta przez: SIGINT (CTRL+C lub pm2 stop)
[2025-03-20 10:12:40] [INFO] Aplikacja zakończyła działanie.
[2025-03-20 10:12:49] [INFO] Uruchomiono serwer na porcie 3000
[2025-03-20 10:12:49] [INFO] Połączono z MariaDB
[2025-03-20 10:13:53] [INFO] Zalogowano: slavko
[2025-03-20 10:29:13] [INFO] Aplikacja zamknięta przez: SIGINT (CTRL+C lub pm2 stop)
[2025-03-20 10:29:13] [INFO] Aplikacja zakończyła działanie.
[2025-03-20 10:29:14] [INFO] Uruchomiono serwer na porcie 3000
[2025-03-20 10:29:14] [INFO] Połączono z MariaDB
[2025-03-20 10:29:16] [ERROR] Błąd połączenia z Bazą Danych: SqlError: (conn:6840, no: 1146, SQLState: 42S02) Table 'lody_lacko.smaki' doesn't exist
sql: SELECT * FROM Smaki WHERE SmkStatus = 1 ORDER BY SmkStatus DESC, SmkId - parameters:[]
[2025-03-20 10:29:17] [ERROR] Błąd połączenia z Bazą Danych: SqlError: (conn:6841, no: 1146, SQLState: 42S02) Table 'lody_lacko.smaki' doesn't exist
sql: SELECT * FROM Smaki WHERE SmkStatus = 1 ORDER BY SmkStatus DESC, SmkId - parameters:[]
[2025-03-20 10:29:22] [ERROR] Błąd połączenia z Bazą Danych: SqlError: (conn:6842, no: 1146, SQLState: 42S02) Table 'lody_lacko.smaki' doesn't exist
sql: SELECT * FROM Smaki WHERE SmkStatus = 1 ORDER BY SmkStatus DESC, SmkId - parameters:[]
[2025-03-20 10:30:04] [INFO] Zalogowano Serwis
[2025-03-20 10:30:12] [INFO] Smak dodany pomyślnie: Toffi
[2025-03-20 10:32:53] [INFO] Aplikacja zamknięta przez: SIGINT (CTRL+C lub pm2 stop)
[2025-03-20 10:32:53] [INFO] Aplikacja zakończyła działanie.
[2025-03-20 10:32:54] [INFO] Uruchomiono serwer na porcie 3000
[2025-03-20 10:32:54] [INFO] Połączono z MariaDB
[2025-03-20 10:36:15] [INFO] Aplikacja zamknięta przez: SIGINT (CTRL+C lub pm2 stop)
[2025-03-20 10:36:15] [INFO] Aplikacja zakończyła działanie.
[2025-03-20 10:36:16] [INFO] Uruchomiono serwer na porcie 3000
[2025-03-20 10:36:16] [INFO] Połączono z MariaDB
[2025-03-20 10:36:25] [INFO] Zalogowano: mati
[2025-03-20 10:36:56] [INFO] Zalogowano: mati
[2025-03-20 10:42:19] [INFO] Aplikacja zamknięta przez: SIGINT (CTRL+C lub pm2 stop)
[2025-03-20 10:42:19] [INFO] Aplikacja zakończyła działanie.
[2025-03-20 10:42:20] [INFO] Uruchomiono serwer na porcie 3000
[2025-03-20 10:42:20] [INFO] Połączono z MariaDB
[2025-03-20 10:42:36] [INFO] Zalogowano: mati
[2025-03-20 10:48:27] [INFO] Zalogowano: mati
[2025-03-20 10:57:10] [INFO] Aplikacja zamknięta przez: SIGINT (CTRL+C lub pm2 stop)
[2025-03-20 10:57:10] [INFO] Aplikacja zakończyła działanie.
[2025-03-20 10:57:54] [INFO] Uruchomiono serwer na porcie 3000
[2025-03-20 10:57:54] [INFO] Połączono z MariaDB
[2025-03-20 11:43:54] [INFO] Aplikacja zamknięta przez: SIGINT (CTRL+C lub pm2 stop)
[2025-03-20 11:43:54] [INFO] Aplikacja zakończyła działanie.
[2025-03-20 11:43:56] [INFO] Uruchomiono serwer na porcie 3000
[2025-03-20 11:43:56] [INFO] Połączono z MariaDB
[2025-03-20 11:56:56] [INFO] Zalogowano Serwis
[2025-03-20 12:04:11] [ERROR] Błąd podczas dodawania smaku: SqlError: (conn:7108, no: 1364, SQLState: HY000) Field 'SmkKolor' doesn't have a default value
sql: INSERT INTO Smaki (SmkNazwa) VALUES (?) - parameters:['123']
[2025-03-20 12:04:23] [ERROR] Błąd podczas dodawania smaku: SqlError: (conn:7109, no: 1364, SQLState: HY000) Field 'SmkKolor' doesn't have a default value
sql: INSERT INTO Smaki (SmkNazwa) VALUES (?) - parameters:['123']
[2025-03-20 12:05:38] [INFO] Aplikacja zamknięta przez: SIGINT (CTRL+C lub pm2 stop)
[2025-03-20 12:05:38] [INFO] Aplikacja zakończyła działanie.
[2025-03-20 12:05:39] [INFO] Uruchomiono serwer na porcie 3000
[2025-03-20 12:05:39] [INFO] Połączono z MariaDB
[2025-03-20 12:05:47] [INFO] Smak dodany pomyślnie: Truskawka
[2025-03-20 12:13:31] [INFO] Smak dodany pomyślnie: Czekolada
[2025-03-20 12:13:49] [INFO] Smak dodany pomyślnie: Malina
[2025-03-20 12:14:18] [INFO] Zalogowano: mati
[2025-03-20 12:16:58] [INFO] Aplikacja zamknięta przez: SIGINT (CTRL+C lub pm2 stop)
[2025-03-20 12:16:58] [INFO] Aplikacja zakończyła działanie.
[2025-03-20 12:16:59] [INFO] Uruchomiono serwer na porcie 3000
[2025-03-20 12:16:59] [INFO] Połączono z MariaDB
[2025-03-20 12:56:50] [INFO] Zalogowano: mati
[2025-03-20 12:57:58] [INFO] Zalogowano Serwis
[2025-03-20 12:58:18] [INFO] Zalogowano: mati
[2025-03-20 13:03:55] [INFO] Aplikacja zamknięta przez: SIGINT (CTRL+C lub pm2 stop)
[2025-03-20 13:03:55] [INFO] Aplikacja zakończyła działanie.
[2025-03-20 13:03:57] [INFO] Uruchomiono serwer na porcie 3000
[2025-03-20 13:03:57] [INFO] Połączono z MariaDB
[2025-03-20 13:17:08] [INFO] Zalogowano Serwis
[2025-03-20 13:23:09] [INFO] Zalogowano Serwis
[2025-03-20 13:23:13] [INFO] Usunięcie sklepu o ID: 1
[2025-03-20 13:23:18] [INFO] Zalogowano: mati
[2025-03-20 13:27:55] [INFO] Zalogowano Serwis
[2025-03-20 13:30:17] [INFO] Aplikacja zamknięta przez: SIGINT (CTRL+C lub pm2 stop)
[2025-03-20 13:30:17] [INFO] Aplikacja zakończyła działanie.
[2025-03-20 13:30:18] [INFO] Uruchomiono serwer na porcie 3000
[2025-03-20 13:30:18] [INFO] Połączono z MariaDB
[2025-03-20 13:31:06] [INFO] Zalogowano Serwis
[2025-03-20 13:31:12] [INFO] Przywrócenie sklepu o ID: 1
[2025-03-20 13:32:02] [INFO] Zalogowano Serwis
[2025-03-20 13:46:09] [INFO] Smak dodany pomyślnie: 123123
[2025-03-20 13:50:45] [INFO] Aplikacja zamknięta przez: SIGINT (CTRL+C lub pm2 stop)
[2025-03-20 13:50:45] [INFO] Aplikacja zakończyła działanie.
[2025-03-20 13:50:46] [INFO] Uruchomiono serwer na porcie 3000
[2025-03-20 13:50:46] [INFO] Połączono z MariaDB
[2025-03-20 13:51:06] [INFO] Smak dodany pomyślnie: smaczek
[2025-03-20 13:52:16] [INFO] Smak dodany pomyślnie: 123555555
[2025-03-20 13:53:14] [INFO] Smak dodany pomyślnie: 123123123
[2025-03-20 13:53:42] [INFO] Aplikacja zamknięta przez: SIGINT (CTRL+C lub pm2 stop)
[2025-03-20 13:53:42] [INFO] Aplikacja zakończyła działanie.
[2025-03-20 13:53:43] [INFO] Uruchomiono serwer na porcie 3000
[2025-03-20 13:53:43] [INFO] Połączono z MariaDB
[2025-03-20 13:53:50] [INFO] Smak dodany pomyślnie: undefined
[2025-03-20 13:55:34] [INFO] Aplikacja zamknięta przez: SIGINT (CTRL+C lub pm2 stop)
[2025-03-20 13:55:34] [INFO] Aplikacja zakończyła działanie.
[2025-03-20 13:55:35] [INFO] Uruchomiono serwer na porcie 3000
[2025-03-20 13:55:35] [INFO] Połączono z MariaDB
[2025-03-20 13:55:42] [INFO] Smak dodany pomyślnie: 1231241245
[2025-03-20 14:28:02] [INFO] Aplikacja zamknięta przez: SIGINT (CTRL+C lub pm2 stop)
[2025-03-20 14:28:02] [INFO] Aplikacja zakończyła działanie.
[2025-03-20 14:28:04] [INFO] Uruchomiono serwer na porcie 3000
[2025-03-20 14:28:04] [INFO] Połączono z MariaDB
[2025-03-20 15:02:46] [INFO] Smak dodany pomyślnie: 1
[2025-03-20 15:43:44] [INFO] Aplikacja zamknięta przez: SIGINT (CTRL+C lub pm2 stop)
[2025-03-20 15:43:44] [INFO] Aplikacja zakończyła działanie.
[2025-03-20 15:43:45] [INFO] Uruchomiono serwer na porcie 3000
[2025-03-20 15:43:45] [INFO] Połączono z MariaDB
[2025-03-20 15:43:49] [ERROR] Błąd podczas dodawania kuwety: SqlError: (conn:7555, no: 1364, SQLState: HY000) Field 'KuwPorcje' doesn't have a default value
sql: INSERT INTO Kuwety (KuwSmkId,KuwRozId,KuwSklId) VALUES (?,?,?) - parameters:['1','1','']
[2025-03-20 16:02:03] [INFO] Aplikacja zamknięta przez: SIGINT (CTRL+C lub pm2 stop)
[2025-03-20 16:02:03] [INFO] Aplikacja zakończyła działanie.
[2025-03-20 16:02:04] [INFO] Uruchomiono serwer na porcie 3000
[2025-03-20 16:02:04] [INFO] Połączono z MariaDB
[2025-03-20 16:02:10] [ERROR] Błąd podczas dodawania kuwety: SqlError: (conn:7605, no: 1366, SQLState: 22007) Incorrect integer value: '' for column `lody_lacko`.`kuwety`.`KuwSklId` at row 1
sql: INSERT INTO Kuwety (KuwSmkId, KuwRozId, KuwPorcje, KuwSklId) VALUES (?,?,?,?) - parameters:['1','1',90,'']
[2025-03-20 16:03:21] [INFO] Aplikacja zamknięta przez: SIGINT (CTRL+C lub pm2 stop)
[2025-03-20 16:03:21] [INFO] Aplikacja zakończyła działanie.
[2025-03-20 16:03:22] [INFO] Uruchomiono serwer na porcie 3000
[2025-03-20 16:03:22] [INFO] Połączono z MariaDB
[2025-03-20 16:03:27] [INFO] Kuweta dodana pomyślnie: 1, 1, porcje: 90
[2025-03-20 16:03:33] [ERROR] Błąd podczas dodawania kuwety: SqlError: (conn:7660, no: 1366, SQLState: 22007) Incorrect integer value: '' for column `lody_lacko`.`kuwety`.`KuwSklId` at row 1
sql: INSERT INTO Kuwety (KuwSmkId, KuwRozId, KuwPorcje, KuwSklId) VALUES (?,?,?,?) - parameters:['2','1',90,'']
[2025-03-20 16:03:55] [INFO] Aplikacja zamknięta przez: SIGINT (CTRL+C lub pm2 stop)
[2025-03-20 16:03:55] [INFO] Aplikacja zakończyła działanie.
[2025-03-20 16:03:56] [INFO] Uruchomiono serwer na porcie 3000
[2025-03-20 16:03:56] [INFO] Połączono z MariaDB
[2025-03-20 16:04:01] [INFO] Kuweta dodana pomyślnie: 1, 1, porcje: 90
[2025-03-20 16:05:56] [INFO] Aplikacja zamknięta przez: SIGINT (CTRL+C lub pm2 stop)
[2025-03-20 16:05:56] [INFO] Aplikacja zakończyła działanie.
[2025-03-20 16:05:57] [INFO] Uruchomiono serwer na porcie 3000
[2025-03-20 16:05:57] [INFO] Połączono z MariaDB
[2025-03-20 16:07:13] [INFO] Aplikacja zamknięta przez: SIGINT (CTRL+C lub pm2 stop)
[2025-03-20 16:07:14] [INFO] Aplikacja zakończyła działanie.
[2025-03-20 16:07:14] [INFO] Uruchomiono serwer na porcie 3000
[2025-03-20 16:07:15] [INFO] Połączono z MariaDB
[2025-03-20 16:07:40] [INFO] Aplikacja zamknięta przez: SIGINT (CTRL+C lub pm2 stop)
[2025-03-20 16:07:40] [INFO] Aplikacja zakończyła działanie.
[2025-03-20 16:07:40] [INFO] Uruchomiono serwer na porcie 3000
[2025-03-20 16:07:40] [INFO] Połączono z MariaDB
[2025-03-20 16:09:54] [INFO] Rozmiar dodany pomyślnie: Kuweta mała
[2025-03-20 16:10:03] [INFO] Kuweta dodana pomyślnie: 4, 2, porcje: 70
[2025-03-20 16:11:28] [INFO] Zalogowano: mati
[2025-03-20 16:12:39] [INFO] Zalogowano Serwis
[2025-03-20 16:12:52] [INFO] Kuweta dodana pomyślnie: 5, 2, porcje: 70
[2025-03-20 16:12:55] [INFO] Kuweta dodana pomyślnie: 6, 1, porcje: 90
[2025-03-20 16:12:59] [INFO] Kuweta dodana pomyślnie: 5, 2, porcje: 70
[2025-03-20 16:13:02] [INFO] Kuweta dodana pomyślnie: 3, 2, porcje: 70
[2025-03-20 16:13:07] [INFO] Kuweta dodana pomyślnie: 8, 1, porcje: 90
[2025-03-20 16:13:11] [INFO] Kuweta dodana pomyślnie: 3, 1, porcje: 90
[2025-03-20 16:13:15] [INFO] Kuweta dodana pomyślnie: 6, 2, porcje: 70
[2025-03-20 16:13:22] [INFO] Zalogowano: mati
[2025-03-20 16:17:53] [INFO] Aplikacja zamknięta przez: SIGINT (CTRL+C lub pm2 stop)
[2025-03-20 16:17:53] [INFO] Aplikacja zakończyła działanie.
[2025-03-20 16:17:54] [INFO] Uruchomiono serwer na porcie 3000
[2025-03-20 16:17:54] [INFO] Połączono z MariaDB
[2025-03-20 16:32:18] [INFO] Aplikacja zamknięta przez: SIGINT (CTRL+C lub pm2 stop)
[2025-03-20 16:32:18] [INFO] Aplikacja zakończyła działanie.
[2025-03-20 16:32:19] [INFO] Uruchomiono serwer na porcie 3000
[2025-03-20 16:32:19] [INFO] Połączono z MariaDB
[2025-03-20 16:32:22] [INFO] Zalogowano Serwis
[2025-03-20 16:32:29] [INFO] Zalogowano: mati
[2025-03-20 16:32:44] [INFO] Zalogowano Serwis
[2025-03-20 16:35:22] [INFO] Aplikacja zamknięta przez: SIGINT (CTRL+C lub pm2 stop)
[2025-03-20 16:35:23] [INFO] Aplikacja zakończyła działanie.
[2025-03-20 16:35:23] [INFO] Uruchomiono serwer na porcie 3000
[2025-03-20 16:35:23] [INFO] Połączono z MariaDB
[2025-03-20 16:35:24] [INFO] Aplikacja zamknięta przez: SIGINT (CTRL+C lub pm2 stop)
[2025-03-20 16:35:24] [INFO] Aplikacja zakończyła działanie.
[2025-03-20 16:35:50] [INFO] Uruchomiono serwer na porcie 3000
[2025-03-20 16:35:50] [INFO] Połączono z MariaDB
[2025-03-20 16:35:57] [INFO] Zalogowano: mati (Sklep: 123)
[2025-03-20 16:36:37] [INFO] Zalogowano: mati (Sklep: 123)
[2025-03-20 16:37:06] [INFO] Zalogowano: mati (Sklep: 2)
[2025-03-20 16:37:35] [INFO] Zalogowano Serwis
[2025-03-20 16:38:26] [INFO] Kuweta dodana pomyślnie: 9, 1, porcje: 90
[2025-03-20 16:38:40] [ERROR] Błąd podczas dodawania sklepu: SqlError: (conn:8069, no: 1146, SQLState: 42S02) Table 'lody_lacko.sklepy1' doesn't exist
sql: INSERT INTO Sklepy1 (SklNazwa,SklUlica,SklNumer,SklKod,SklMiejscowosc,SklPojemnosc) VALUES (?,?,?,?,?,?) - parameters:['1412515','','','','','125']
[2025-03-20 16:39:24] [INFO] Aplikacja zamknięta przez: SIGINT (CTRL+C lub pm2 stop)
[2025-03-20 16:39:24] [INFO] Aplikacja zakończyła działanie.
[2025-03-20 16:39:25] [INFO] Uruchomiono serwer na porcie 3000
[2025-03-20 16:39:25] [INFO] Połączono z MariaDB
[2025-03-20 16:39:27] [INFO] Sklep dodany pomyślnie: 1412515
[2025-03-20 16:39:31] [INFO] Sklep dodany pomyślnie: sdgf
[2025-03-20 16:39:34] [INFO] Sklep dodany pomyślnie: asdfgh
[2025-03-20 16:39:37] [INFO] Sklep dodany pomyślnie: asdg
[2025-03-20 16:39:40] [INFO] Sklep dodany pomyślnie: asdgsadgh
[2025-03-20 16:54:50] [INFO] Smak dodany pomyślnie: gre
[2025-03-20 17:08:20] [ERROR] Niepoprawny test połączenia z bazą danych: SqlError: (conn:8152, no: 45025, SQLState: 08004) Client does not support authentication protocol 'auth_gssapi_client' requested by server.
[2025-03-20 17:08:27] [INFO] Poprawny test połączenia z bazą danych
[2025-03-20 17:12:16] [ERROR] Błąd połączenia z bazą danych: SqlError: (conn:8133, no: 1064, SQLState: 42000) You have an error in your SQL syntax; check the manual that corresponds to your MariaDB server version for the right syntax to use near 'AND UzLogin != 'admin' ORDER BY UzStatus DESC,UzId' at line 1
sql: SELECT * FROM Uzytkownicy AND UzLogin != 'admin' ORDER BY UzStatus DESC,UzId - parameters:[]
[2025-03-20 17:19:55] [INFO] Zalogowano: mati (Sklep: 123)
