[2025-04-11 08:04:29] [INFO] Zalogowano: mati (Sklep: Sklep 1)
[2025-04-11 08:09:10] [INFO] Zmiana zarejestrowana dla użytkownika: 1
[2025-04-11 08:09:11] [INFO] Zmiana zarejestrowana dla użytkownika: 1
[2025-04-11 08:25:06] [INFO] Uruchomiono serwer na porcie 3000
[2025-04-11 08:25:06] [INFO] Połączono z MariaDB
[2025-04-11 08:25:39] [INFO] Uruchomiono serwer na porcie 3000
[2025-04-11 08:25:39] [INFO] Połączono z MariaDB
[2025-04-11 08:26:00] [INFO] Zalogowano Serwis
[2025-04-11 08:32:22] [INFO] Uruchomiono serwer na porcie 3000
[2025-04-11 08:32:22] [INFO] Połączono z MariaDB
[2025-04-11 08:35:23] [INFO] Uruchomiono serwer na porcie 3000
[2025-04-11 08:35:23] [INFO] Połączono z MariaDB
[2025-04-11 08:36:09] [INFO] Zalogowano: mati (Sklep: Sklep 1)
[2025-04-11 08:36:12] [INFO] Zmiana zarejestrowana dla użytkownika: 1
[2025-04-11 08:36:13] [INFO] Zmiana zarejestrowana dla użytkownika: 1
[2025-04-11 08:38:02] [INFO] Uruchomiono serwer na porcie 3000
[2025-04-11 08:38:02] [INFO] Połączono z MariaDB
[2025-04-11 08:38:07] [INFO] Uruchomiono serwer na porcie 3000
[2025-04-11 08:38:07] [INFO] Połączono z MariaDB
[2025-04-11 08:38:45] [INFO] Uruchomiono serwer na porcie 3000
[2025-04-11 08:38:45] [INFO] Połączono z MariaDB
[2025-04-11 08:38:51] [INFO] Uruchomiono serwer na porcie 3000
[2025-04-11 08:38:51] [INFO] Połączono z MariaDB
[2025-04-11 08:39:18] [INFO] Uruchomiono serwer na porcie 3000
[2025-04-11 08:39:18] [INFO] Połączono z MariaDB
[2025-04-11 08:39:28] [INFO] Uruchomiono serwer na porcie 3000
[2025-04-11 08:39:28] [INFO] Połączono z MariaDB
[2025-04-11 08:39:40] [INFO] Uruchomiono serwer na porcie 3000
[2025-04-11 08:39:40] [INFO] Połączono z MariaDB
[2025-04-11 08:39:43] [INFO] Uruchomiono serwer na porcie 3000
[2025-04-11 08:39:43] [INFO] Połączono z MariaDB
[2025-04-11 08:40:33] [INFO] Uruchomiono serwer na porcie 3000
[2025-04-11 08:40:33] [INFO] Połączono z MariaDB
[2025-04-11 08:40:38] [ERROR] Nieobsłużony błąd: (conn:10575, no: 1366, SQLState: 22007) Incorrect double value: '{"cena":"62","towarId":"1"}' for column `lody_lacko`.`ceny`.`CCena` at row 1
sql: UPDATE Ceny SET CPoprzedniaCena = CCena, CCena = ? WHERE CTowId = ? - parameters:[{"cena":"62","towarId":"1"},'1']
[2025-04-11 08:40:38] [INFO] Aplikacja zakończyła działanie.
[2025-04-11 08:41:13] [INFO] Uruchomiono serwer na porcie 3000
[2025-04-11 08:41:13] [INFO] Połączono z MariaDB
[2025-04-11 08:41:24] [ERROR] Nieobsłużony błąd: (conn:10625, no: 1366, SQLState: 22007) Incorrect double value: '{"cena":"61"}' for column `lody_lacko`.`ceny`.`CCena` at row 1
sql: UPDATE Ceny SET CPoprzedniaCena = CCena, CCena = ? WHERE CTowId = ? - parameters:[{"cena":"61"},'1']
[2025-04-11 08:41:24] [INFO] Aplikacja zakończyła działanie.
[2025-04-11 08:42:46] [INFO] Uruchomiono serwer na porcie 3000
[2025-04-11 08:42:46] [INFO] Połączono z MariaDB
[2025-04-11 08:43:25] [INFO] Uruchomiono serwer na porcie 3000
[2025-04-11 08:43:25] [INFO] Połączono z MariaDB
[2025-04-11 08:43:37] [INFO] Uruchomiono serwer na porcie 3000
[2025-04-11 08:43:37] [INFO] Połączono z MariaDB
[2025-04-11 08:43:51] [INFO] Uruchomiono serwer na porcie 3000
[2025-04-11 08:43:51] [INFO] Połączono z MariaDB
[2025-04-11 08:44:41] [INFO] Uruchomiono serwer na porcie 3000
[2025-04-11 08:44:41] [INFO] Połączono z MariaDB
[2025-04-11 08:44:43] [INFO] Uruchomiono serwer na porcie 3000
[2025-04-11 08:44:43] [INFO] Połączono z MariaDB
[2025-04-11 08:47:02] [INFO] Uruchomiono serwer na porcie 3000
[2025-04-11 08:47:02] [INFO] Połączono z MariaDB
[2025-04-11 08:48:39] [INFO] Uruchomiono serwer na porcie 3000
[2025-04-11 08:48:39] [INFO] Połączono z MariaDB
[2025-04-11 08:54:07] [INFO] Uruchomiono serwer na porcie 3000
[2025-04-11 08:54:08] [INFO] Połączono z MariaDB
[2025-04-11 08:56:24] [INFO] Uruchomiono serwer na porcie 3000
[2025-04-11 08:56:24] [INFO] Połączono z MariaDB
[2025-04-11 08:56:34] [INFO] Zalogowano: mati (Sklep: Sklep 1)
[2025-04-11 08:56:49] [INFO] Uruchomiono serwer na porcie 3000
[2025-04-11 08:56:49] [INFO] Połączono z MariaDB
[2025-04-11 08:59:47] [INFO] Uruchomiono serwer na porcie 3000
[2025-04-11 08:59:47] [INFO] Połączono z MariaDB
[2025-04-11 09:00:07] [INFO] Uruchomiono serwer na porcie 3000
[2025-04-11 09:00:07] [INFO] Połączono z MariaDB
[2025-04-11 09:00:23] [INFO] Zalogowano Serwis
[2025-04-11 09:00:33] [INFO] Zalogowano: mati (Sklep: Sklep 1)
[2025-04-11 09:03:22] [INFO] Zalogowano Serwis
[2025-04-11 09:04:07] [INFO] Uruchomiono serwer na porcie 3000
[2025-04-11 09:04:07] [INFO] Połączono z MariaDB
[2025-04-11 09:04:22] [INFO] Uruchomiono serwer na porcie 3000
[2025-04-11 09:04:22] [INFO] Połączono z MariaDB
[2025-04-11 09:04:57] [INFO] Uruchomiono serwer na porcie 3000
[2025-04-11 09:04:57] [INFO] Połączono z MariaDB
[2025-04-11 09:05:17] [INFO] Zalogowano: mati (Sklep: Sklep 1)
[2025-04-11 09:06:16] [INFO] Uruchomiono serwer na porcie 3000
[2025-04-11 09:06:16] [INFO] Połączono z MariaDB
[2025-04-11 09:06:36] [INFO] Uruchomiono serwer na porcie 3000
[2025-04-11 09:06:36] [INFO] Połączono z MariaDB
[2025-04-11 09:06:45] [INFO] Uruchomiono serwer na porcie 3000
[2025-04-11 09:06:45] [INFO] Połączono z MariaDB
[2025-04-11 09:07:14] [INFO] Uruchomiono serwer na porcie 3000
[2025-04-11 09:07:14] [INFO] Połączono z MariaDB
[2025-04-11 09:07:22] [INFO] Uruchomiono serwer na porcie 3000
[2025-04-11 09:07:22] [INFO] Połączono z MariaDB
[2025-04-11 09:07:34] [INFO] Zalogowano Serwis
[2025-04-11 09:07:53] [INFO] Smak dodany pomyślnie: Truskawka
[2025-04-11 09:08:07] [INFO] Smak dodany pomyślnie: Banan
[2025-04-11 09:08:18] [INFO] Smak dodany pomyślnie: Mięta
[2025-04-11 09:08:26] [INFO] Kuweta dodana pomyślnie: Id smak: 4 | Id rozmiar: 1 | Porcje: 90
[2025-04-11 09:08:31] [INFO] Kuweta dodana pomyślnie: Id smak: 2 | Id rozmiar: 1 | Porcje: 90
[2025-04-11 09:08:36] [INFO] Zalogowano: mati (Sklep: Sklep 1)
[2025-04-11 09:08:40] [INFO] Ułożenie dodano pomyślnie: SKLEP: 1 = KUWETA1: undefined | KUWETA2: undefined | KUWETA3: undefined | KUWETA4: 1 | KUWETA5: 2 | KUWETA6: undefined | KUWETA7: undefined | KUWETA8: undefined | KUWETA9: undefined | KUWETA10: 3
[2025-04-11 09:09:15] [INFO] Uruchomiono serwer na porcie 3000
[2025-04-11 09:09:15] [INFO] Połączono z MariaDB
[2025-04-11 09:11:06] [INFO] Uruchomiono serwer na porcie 3000
[2025-04-11 09:11:06] [INFO] Połączono z MariaDB
[2025-04-11 09:11:17] [INFO] Uruchomiono serwer na porcie 3000
[2025-04-11 09:11:17] [INFO] Połączono z MariaDB
[2025-04-11 09:11:38] [INFO] Uruchomiono serwer na porcie 3000
[2025-04-11 09:11:38] [INFO] Połączono z MariaDB
[2025-04-11 09:12:39] [INFO] Uruchomiono serwer na porcie 3000
[2025-04-11 09:12:39] [INFO] Połączono z MariaDB
[2025-04-11 09:12:51] [INFO] Uruchomiono serwer na porcie 3000
[2025-04-11 09:12:51] [INFO] Połączono z MariaDB
[2025-04-11 09:14:56] [INFO] Uruchomiono serwer na porcie 3000
[2025-04-11 09:14:56] [INFO] Połączono z MariaDB
[2025-04-11 09:15:31] [INFO] Uruchomiono serwer na porcie 3000
[2025-04-11 09:15:31] [INFO] Połączono z MariaDB
[2025-04-11 09:16:18] [INFO] Uruchomiono serwer na porcie 3000
[2025-04-11 09:16:18] [INFO] Połączono z MariaDB
[2025-04-11 09:18:28] [INFO] Zalogowano: mati (Sklep: Sklep 1)
[2025-04-11 09:22:40] [INFO] Uruchomiono serwer na porcie 3000
[2025-04-11 09:22:40] [INFO] Połączono z MariaDB
[2025-04-11 09:23:21] [INFO] Uruchomiono serwer na porcie 3000
[2025-04-11 09:23:21] [INFO] Połączono z MariaDB
[2025-04-11 09:24:37] [INFO] Uruchomiono serwer na porcie 3000
[2025-04-11 09:24:37] [INFO] Połączono z MariaDB
[2025-04-11 09:25:22] [INFO] Uruchomiono serwer na porcie 3000
[2025-04-11 09:25:22] [INFO] Połączono z MariaDB
[2025-04-11 09:26:10] [INFO] Uruchomiono serwer na porcie 3000
[2025-04-11 09:26:10] [INFO] Połączono z MariaDB
[2025-04-11 09:26:49] [INFO] Zalogowano Serwis
[2025-04-11 09:27:25] [INFO] Zalogowano: mati (Sklep: Sklep 1)
[2025-04-11 09:28:05] [INFO] Zalogowano Serwis
[2025-04-11 09:32:55] [INFO] Aplikacja zamknięta przez: SIGHUP (restart systemu lub pm2 stop)
[2025-04-11 09:32:55] [INFO] Aplikacja zakończyła działanie.
[2025-04-11 09:36:16] [INFO] Uruchomiono serwer na porcie 3000
[2025-04-11 09:36:16] [INFO] Połączono z MariaDB
[2025-04-11 10:01:32] [INFO] Zalogowano: mati (Sklep: Sklep 1)
[2025-04-11 10:04:23] [INFO] Ułożenie dodano pomyślnie: SKLEP: 1 = KUWETA1: undefined | KUWETA2: undefined | KUWETA3: undefined | KUWETA4: 1 | KUWETA5: undefined | KUWETA6: undefined | KUWETA7: undefined | KUWETA8: undefined | KUWETA9: undefined | KUWETA10: 3
[2025-04-11 10:16:01] [INFO] Uruchomiono serwer na porcie 3000
[2025-04-11 10:16:01] [INFO] Połączono z MariaDB
[2025-04-11 10:16:22] [INFO] Uruchomiono serwer na porcie 3000
[2025-04-11 10:16:22] [INFO] Połączono z MariaDB
[2025-04-11 10:16:41] [INFO] Uruchomiono serwer na porcie 3000
[2025-04-11 10:16:41] [INFO] Połączono z MariaDB
[2025-04-11 10:17:10] [INFO] Uruchomiono serwer na porcie 3000
[2025-04-11 10:17:10] [INFO] Połączono z MariaDB
[2025-04-11 10:17:49] [INFO] Uruchomiono serwer na porcie 3000
[2025-04-11 10:17:49] [INFO] Połączono z MariaDB
[2025-04-11 10:18:06] [INFO] Uruchomiono serwer na porcie 3000
[2025-04-11 10:18:06] [INFO] Połączono z MariaDB
[2025-04-11 10:18:42] [INFO] Uruchomiono serwer na porcie 3000
[2025-04-11 10:18:42] [INFO] Połączono z MariaDB
[2025-04-11 10:18:50] [INFO] Uruchomiono serwer na porcie 3000
[2025-04-11 10:18:50] [INFO] Połączono z MariaDB
[2025-04-11 10:19:22] [INFO] Uruchomiono serwer na porcie 3000
[2025-04-11 10:19:22] [INFO] Połączono z MariaDB
[2025-04-11 10:23:29] [INFO] Uruchomiono serwer na porcie 3000
[2025-04-11 10:23:29] [INFO] Połączono z MariaDB
[2025-04-11 10:24:48] [INFO] Uruchomiono serwer na porcie 3000
[2025-04-11 10:24:48] [INFO] Połączono z MariaDB
[2025-04-11 10:25:07] [INFO] Uruchomiono serwer na porcie 3000
[2025-04-11 10:25:07] [INFO] Połączono z MariaDB
[2025-04-11 10:26:32] [INFO] Uruchomiono serwer na porcie 3000
[2025-04-11 10:26:32] [INFO] Połączono z MariaDB
[2025-04-11 10:26:37] [INFO] Uruchomiono serwer na porcie 3000
[2025-04-11 10:26:37] [INFO] Połączono z MariaDB
[2025-04-11 10:27:11] [INFO] Uruchomiono serwer na porcie 3000
[2025-04-11 10:27:11] [INFO] Połączono z MariaDB
[2025-04-11 10:28:01] [INFO] Uruchomiono serwer na porcie 3000
[2025-04-11 10:28:01] [INFO] Połączono z MariaDB
[2025-04-11 10:29:05] [INFO] Uruchomiono serwer na porcie 3000
[2025-04-11 10:29:05] [INFO] Połączono z MariaDB
[2025-04-11 10:29:51] [INFO] Uruchomiono serwer na porcie 3000
[2025-04-11 10:29:51] [INFO] Połączono z MariaDB
[2025-04-11 10:30:28] [INFO] Zalogowano Serwis
[2025-04-11 10:30:42] [INFO] Zalogowano: mati (Sklep: Sklep 1)
[2025-04-11 10:31:14] [INFO] Zalogowano Serwis
[2025-04-11 10:36:32] [INFO] Rozmiar dodany pomyślnie: Kuweta Mała
[2025-04-11 10:37:13] [INFO] Uruchomiono serwer na porcie 3000
[2025-04-11 10:37:13] [INFO] Połączono z MariaDB
[2025-04-11 10:37:23] [INFO] Uruchomiono serwer na porcie 3000
[2025-04-11 10:37:23] [INFO] Połączono z MariaDB
[2025-04-11 10:38:05] [INFO] Uruchomiono serwer na porcie 3000
[2025-04-11 10:38:05] [INFO] Połączono z MariaDB
[2025-04-11 10:39:21] [INFO] Użytkownik dodany pomyślnie: sk
[2025-04-11 10:42:07] [INFO] Uruchomiono serwer na porcie 3000
[2025-04-11 10:42:07] [INFO] Połączono z MariaDB
[2025-04-11 10:43:40] [INFO] Uruchomiono serwer na porcie 3000
[2025-04-11 10:43:40] [INFO] Połączono z MariaDB
[2025-04-11 10:43:51] [INFO] Uruchomiono serwer na porcie 3000
[2025-04-11 10:43:51] [INFO] Połączono z MariaDB
[2025-04-11 10:44:02] [INFO] Sklep i przypisanie do Ulozenia dodane pomyślnie: Kraków
[2025-04-11 10:44:33] [INFO] Uruchomiono serwer na porcie 3000
[2025-04-11 10:44:33] [INFO] Połączono z MariaDB
[2025-04-11 10:45:54] [INFO] Uruchomiono serwer na porcie 3000
[2025-04-11 10:45:54] [INFO] Połączono z MariaDB
[2025-04-11 10:47:37] [INFO] Uruchomiono serwer na porcie 3000
[2025-04-11 10:47:37] [INFO] Połączono z MariaDB
[2025-04-11 10:51:08] [INFO] Zalogowano: mati (Sklep: Sklep 1)
