[2025-04-28 08:39:32] [INFO] Aplikacja zamknięta przez: SIGINT (CTRL+C lub pm2 stop)
[2025-04-28 09:37:43] [INFO] Uruchomiono serwer na porcie 3000
[2025-04-28 09:37:43] [INFO] Połączono z MariaDB
[2025-04-28 09:37:49] [INFO] Zalogowano: jk (Sklep: Sklep 1)
[2025-04-28 09:37:58] [INFO] Zalogowano Serwis
[2025-04-28 09:39:55] [INFO] Uruchomiono serwer na porcie 3000
[2025-04-28 09:39:55] [INFO] Połączono z MariaDB
[2025-04-28 09:40:19] [INFO] Uruchomiono serwer na porcie 3000
[2025-04-28 09:40:19] [INFO] Połączono z MariaDB
[2025-04-28 09:52:17] [INFO] Uruchomiono serwer na porcie 3000
[2025-04-28 09:52:17] [INFO] Połączono z MariaDB
[2025-04-28 10:01:36] [INFO] Uruchomiono serwer na porcie 3000
[2025-04-28 10:01:36] [INFO] Połączono z MariaDB
[2025-04-28 10:02:09] [INFO] Uruchomiono serwer na porcie 3000
[2025-04-28 10:02:09] [INFO] Połączono z MariaDB
[2025-04-28 10:02:38] [INFO] Uruchomiono serwer na porcie 3000
[2025-04-28 10:02:38] [INFO] Połączono z MariaDB
[2025-04-28 10:03:07] [INFO] Uruchomiono serwer na porcie 3000
[2025-04-28 10:03:07] [INFO] Połączono z MariaDB
[2025-04-28 10:03:26] [INFO] Uruchomiono serwer na porcie 3000
[2025-04-28 10:03:26] [INFO] Połączono z MariaDB
[2025-04-28 10:03:49] [INFO] Uruchomiono serwer na porcie 3000
[2025-04-28 10:03:49] [INFO] Połączono z MariaDB
[2025-04-28 10:04:27] [INFO] Uruchomiono serwer na porcie 3000
[2025-04-28 10:04:27] [INFO] Połączono z MariaDB
[2025-04-28 10:04:59] [INFO] Uruchomiono serwer na porcie 3000
[2025-04-28 10:04:59] [INFO] Połączono z MariaDB
[2025-04-28 10:05:11] [INFO] Uruchomiono serwer na porcie 3000
[2025-04-28 10:05:11] [INFO] Połączono z MariaDB
[2025-04-28 10:05:18] [INFO] Uruchomiono serwer na porcie 3000
[2025-04-28 10:05:18] [INFO] Połączono z MariaDB
[2025-04-28 10:05:32] [INFO] Uruchomiono serwer na porcie 3000
[2025-04-28 10:05:32] [INFO] Połączono z MariaDB
[2025-04-28 10:05:49] [INFO] Uruchomiono serwer na porcie 3000
[2025-04-28 10:05:49] [INFO] Połączono z MariaDB
[2025-04-28 10:06:07] [INFO] Uruchomiono serwer na porcie 3000
[2025-04-28 10:06:07] [INFO] Połączono z MariaDB
[2025-04-28 10:06:52] [INFO] Uruchomiono serwer na porcie 3000
[2025-04-28 10:06:52] [INFO] Połączono z MariaDB
[2025-04-28 10:07:51] [INFO] Uruchomiono serwer na porcie 3000
[2025-04-28 10:07:51] [INFO] Połączono z MariaDB
[2025-04-28 10:07:55] [INFO] Uruchomiono serwer na porcie 3000
[2025-04-28 10:07:55] [INFO] Połączono z MariaDB
[2025-04-28 10:10:11] [INFO] Uruchomiono serwer na porcie 3000
[2025-04-28 10:10:11] [INFO] Połączono z MariaDB
[2025-04-28 10:10:17] [INFO] Uruchomiono serwer na porcie 3000
[2025-04-28 10:10:17] [INFO] Połączono z MariaDB
[2025-04-28 10:10:44] [INFO] Uruchomiono serwer na porcie 3000
[2025-04-28 10:10:44] [INFO] Połączono z MariaDB
[2025-04-28 10:10:55] [INFO] Uruchomiono serwer na porcie 3000
[2025-04-28 10:10:55] [INFO] Połączono z MariaDB
[2025-04-28 10:11:24] [INFO] Uruchomiono serwer na porcie 3000
[2025-04-28 10:11:24] [INFO] Połączono z MariaDB
[2025-04-28 10:11:40] [INFO] Uruchomiono serwer na porcie 3000
[2025-04-28 10:11:40] [INFO] Połączono z MariaDB
[2025-04-28 10:11:46] [INFO] Aplikacja zamknięta przez: SIGINT (CTRL+C lub pm2 stop)
[2025-04-28 10:11:47] [INFO] Uruchomiono serwer na porcie 3000
[2025-04-28 10:11:47] [INFO] Połączono z MariaDB
[2025-04-28 10:12:12] [INFO] Uruchomiono serwer na porcie 3000
[2025-04-28 10:12:12] [INFO] Połączono z MariaDB
[2025-04-28 10:12:24] [INFO] Uruchomiono serwer na porcie 3000
[2025-04-28 10:12:24] [INFO] Połączono z MariaDB
[2025-04-28 10:12:37] [INFO] Uruchomiono serwer na porcie 3000
[2025-04-28 10:12:37] [INFO] Połączono z MariaDB
[2025-04-28 10:14:07] [INFO] Uruchomiono serwer na porcie 3000
[2025-04-28 10:14:07] [INFO] Połączono z MariaDB
[2025-04-28 10:14:30] [INFO] Uruchomiono serwer na porcie 3000
[2025-04-28 10:14:31] [INFO] Połączono z MariaDB
[2025-04-28 10:15:31] [INFO] Uruchomiono serwer na porcie 3000
[2025-04-28 10:15:31] [INFO] Połączono z MariaDB
[2025-04-28 10:19:29] [INFO] Uruchomiono serwer na porcie 3000
[2025-04-28 10:19:29] [INFO] Połączono z MariaDB
[2025-04-28 10:20:41] [INFO] Uruchomiono serwer na porcie 3000
[2025-04-28 10:20:41] [INFO] Połączono z MariaDB
[2025-04-28 10:20:44] [INFO] Uruchomiono serwer na porcie 3000
[2025-04-28 10:20:44] [INFO] Połączono z MariaDB
[2025-04-28 10:21:43] [INFO] Uruchomiono serwer na porcie 3000
[2025-04-28 10:21:43] [INFO] Połączono z MariaDB
[2025-04-28 10:22:17] [INFO] Uruchomiono serwer na porcie 3000
[2025-04-28 10:22:17] [INFO] Połączono z MariaDB
[2025-04-28 10:22:43] [INFO] Uruchomiono serwer na porcie 3000
[2025-04-28 10:22:43] [INFO] Połączono z MariaDB
[2025-04-28 10:23:02] [INFO] Uruchomiono serwer na porcie 3000
[2025-04-28 10:23:02] [INFO] Połączono z MariaDB
[2025-04-28 10:30:05] [INFO] Uruchomiono serwer na porcie 3000
[2025-04-28 10:30:05] [INFO] Połączono z MariaDB
[2025-04-28 10:30:09] [INFO] Uruchomiono serwer na porcie 3000
[2025-04-28 10:30:09] [INFO] Połączono z MariaDB
[2025-04-28 10:31:00] [INFO] Uruchomiono serwer na porcie 3000
[2025-04-28 10:31:00] [INFO] Połączono z MariaDB
[2025-04-28 10:31:26] [INFO] Uruchomiono serwer na porcie 3000
[2025-04-28 10:31:26] [INFO] Połączono z MariaDB
[2025-04-28 10:31:30] [INFO] Uruchomiono serwer na porcie 3000
[2025-04-28 10:31:30] [INFO] Połączono z MariaDB
[2025-04-28 10:31:39] [INFO] Uruchomiono serwer na porcie 3000
[2025-04-28 10:31:39] [INFO] Połączono z MariaDB
[2025-04-28 10:32:18] [INFO] Uruchomiono serwer na porcie 3000
[2025-04-28 10:32:18] [INFO] Połączono z MariaDB
[2025-04-28 10:32:53] [INFO] Uruchomiono serwer na porcie 3000
[2025-04-28 10:32:53] [INFO] Połączono z MariaDB
[2025-04-28 10:33:50] [INFO] Aplikacja zamknięta przez: SIGINT (CTRL+C lub pm2 stop)
[2025-04-28 10:33:52] [INFO] Uruchomiono serwer na porcie 3000
[2025-04-28 10:33:52] [INFO] Połączono z MariaDB
[2025-04-28 10:33:58] [INFO] Uruchomiono serwer na porcie 3000
[2025-04-28 10:33:58] [INFO] Połączono z MariaDB
[2025-04-28 10:34:34] [INFO] Uruchomiono serwer na porcie 3000
[2025-04-28 10:34:34] [INFO] Połączono z MariaDB
[2025-04-28 10:34:35] [INFO] Aplikacja zamknięta przez: SIGINT (CTRL+C lub pm2 stop)
[2025-04-28 10:34:39] [INFO] Uruchomiono serwer na porcie 3000
[2025-04-28 10:34:39] [INFO] Połączono z MariaDB
[2025-04-28 15:01:37] [INFO] Aplikacja zamknięta przez: SIGINT (CTRL+C lub pm2 stop)
