[2025-06-25 09:23:38] [INFO] Uruchomiono serwer na porcie 3000
[2025-06-25 09:23:38] [INFO] Wersja aplikacji: v1.08 :: Data: 2025-05-28
[2025-06-25 09:23:38] [INFO] Połączono z MariaDB
[2025-06-25 09:23:43] [INFO] Pobranie danych o sklepach do logowania
[2025-06-25 09:23:50] [INFO] Zalogowano Serwis
[2025-06-25 09:23:55] [INFO] Pobranie danych o sklepach do logowania
[2025-06-25 09:23:55] [INFO] Pobranie danych o dostępnych kuwetach
[2025-06-25 09:28:52] [INFO] Uruchomiono serwer na porcie 3000
[2025-06-25 09:28:52] [INFO] Wersja aplikacji: v1.08 :: Data: 2025-05-28
[2025-06-25 09:28:52] [INFO] Połączono z MariaDB
[2025-06-25 09:28:55] [INFO] Pobranie danych o sklepach do logowania
[2025-06-25 09:28:55] [INFO] Pobranie danych o dostępnych kuwetach
[2025-06-25 09:29:26] [INFO] Przydzielono kuwetę: 26 do sklepu: 1
[2025-06-25 09:29:30] [INFO] Pobranie danych o sklepach do logowania
[2025-06-25 09:29:30] [INFO] Pobranie danych o dostępnych kuwetach
[2025-06-25 09:29:53] [INFO] Pobranie danych o kuwetach
[2025-06-25 09:29:55] [INFO] Pobranie danych o smakach
[2025-06-25 09:29:55] [INFO] Pobranie danych o rozmiarach
[2025-06-25 09:29:55] [INFO] Pobranie danych o sklepach do logowania
[2025-06-25 09:30:03] [INFO] Pobranie danych o kuwetach
[2025-06-25 09:30:05] [INFO] Pobranie danych o smakach
[2025-06-25 09:30:05] [INFO] Pobranie danych o rozmiarach
[2025-06-25 09:30:05] [INFO] Pobranie danych o sklepach do logowania
[2025-06-25 09:30:07] [INFO] Kuweta dodana pomyślnie :: Id smak: 15 | Id rozmiar: 2 | Porcje: 75
[2025-06-25 09:30:08] [INFO] Pobranie danych o kuwetach
[2025-06-25 09:30:11] [INFO] Pobranie danych o sklepach do logowania
[2025-06-25 09:30:11] [INFO] Pobranie danych o dostępnych kuwetach
[2025-06-25 09:30:44] [INFO] Uruchomiono serwer na porcie 3000
[2025-06-25 09:30:44] [INFO] Wersja aplikacji: v1.08 :: Data: 2025-05-28
[2025-06-25 09:30:44] [INFO] Połączono z MariaDB
[2025-06-25 09:31:11] [INFO] Uruchomiono serwer na porcie 3000
[2025-06-25 09:31:11] [INFO] Wersja aplikacji: v1.08 :: Data: 2025-05-28
[2025-06-25 09:31:11] [INFO] Połączono z MariaDB
[2025-06-25 09:31:18] [INFO] Pobranie danych o sklepach do logowania
[2025-06-25 09:31:18] [INFO] Pobranie danych o dostępnych kuwetach
[2025-06-25 09:31:41] [INFO] Uruchomiono serwer na porcie 3000
[2025-06-25 09:31:41] [INFO] Wersja aplikacji: v1.08 :: Data: 2025-05-28
[2025-06-25 09:31:41] [INFO] Połączono z MariaDB
[2025-06-25 09:32:25] [INFO] Uruchomiono serwer na porcie 3000
[2025-06-25 09:32:25] [INFO] Wersja aplikacji: v1.08 :: Data: 2025-05-28
[2025-06-25 09:32:25] [INFO] Połączono z MariaDB
[2025-06-25 09:32:28] [INFO] Pobranie danych o sklepach do logowania
[2025-06-25 09:32:28] [INFO] Pobranie danych o dostępnych kuwetach
[2025-06-25 09:32:36] [INFO] Pobranie danych o kuwetach
[2025-06-25 09:32:38] [INFO] Pobranie danych o smakach
[2025-06-25 09:32:38] [INFO] Pobranie danych o rozmiarach
[2025-06-25 09:32:38] [INFO] Pobranie danych o sklepach do logowania
[2025-06-25 09:32:41] [INFO] Kuweta dodana pomyślnie :: Id smak: 22 | Id rozmiar: 3 | Porcje: 95
[2025-06-25 09:32:41] [INFO] Pobranie danych o kuwetach
[2025-06-25 09:32:43] [INFO] Pobranie danych o smakach
[2025-06-25 09:32:43] [INFO] Pobranie danych o rozmiarach
[2025-06-25 09:32:43] [INFO] Pobranie danych o sklepach do logowania
[2025-06-25 09:32:46] [INFO] Kuweta dodana pomyślnie :: Id smak: 23 | Id rozmiar: 2 | Porcje: 75
[2025-06-25 09:32:47] [INFO] Pobranie danych o kuwetach
[2025-06-25 09:32:51] [INFO] Pobranie danych o sklepach do logowania
[2025-06-25 09:32:51] [INFO] Pobranie danych o dostępnych kuwetach
[2025-06-25 09:33:32] [INFO] Uruchomiono serwer na porcie 3000
[2025-06-25 09:33:32] [INFO] Wersja aplikacji: v1.08 :: Data: 2025-05-28
[2025-06-25 09:33:32] [INFO] Połączono z MariaDB
[2025-06-25 09:36:13] [INFO] Uruchomiono serwer na porcie 3000
[2025-06-25 09:36:13] [INFO] Wersja aplikacji: v1.08 :: Data: 2025-05-28
[2025-06-25 09:36:13] [INFO] Połączono z MariaDB
[2025-06-25 09:36:17] [INFO] Pobranie danych o sklepach do logowania
[2025-06-25 09:36:17] [INFO] Pobranie danych o dostępnych kuwetach
[2025-06-25 09:36:43] [INFO] Uruchomiono serwer na porcie 3000
[2025-06-25 09:36:43] [INFO] Wersja aplikacji: v1.08 :: Data: 2025-05-28
[2025-06-25 09:36:43] [INFO] Połączono z MariaDB
[2025-06-25 09:36:49] [INFO] Pobranie danych o sklepach do logowania
[2025-06-25 09:36:49] [INFO] Pobranie danych o dostępnych kuwetach
[2025-06-25 09:37:00] [INFO] Pobranie danych o sklepach do logowania
[2025-06-25 09:37:00] [INFO] Pobranie danych o dostępnych kuwetach
[2025-06-25 09:37:51] [INFO] Uruchomiono serwer na porcie 3000
[2025-06-25 09:37:51] [INFO] Wersja aplikacji: v1.08 :: Data: 2025-05-28
[2025-06-25 09:37:51] [INFO] Połączono z MariaDB
[2025-06-25 09:37:52] [INFO] Pobranie danych o sklepach do logowania
[2025-06-25 09:37:52] [INFO] Pobranie danych o dostępnych kuwetach
[2025-06-25 09:38:04] [INFO] Pobranie danych o sklepach do logowania
[2025-06-25 09:38:04] [INFO] Pobranie danych o dostępnych kuwetach
[2025-06-25 09:38:12] [INFO] Pobranie danych o sklepach do logowania
[2025-06-25 09:38:12] [INFO] Pobranie danych o dostępnych kuwetach
[2025-06-25 09:38:20] [INFO] Pobranie danych o sklepach do logowania
[2025-06-25 09:38:20] [INFO] Pobranie danych o dostępnych kuwetach
[2025-06-25 09:38:33] [INFO] Pobranie danych o sklepach do logowania
[2025-06-25 09:38:33] [INFO] Pobranie danych o dostępnych kuwetach
[2025-06-25 09:38:48] [INFO] Pobranie danych o sklepach do logowania
[2025-06-25 09:38:48] [INFO] Pobranie danych o dostępnych kuwetach
[2025-06-25 09:38:55] [INFO] Pobranie danych o sklepach do logowania
[2025-06-25 09:38:55] [INFO] Pobranie danych o dostępnych kuwetach
[2025-06-25 09:39:04] [INFO] Pobranie danych o sklepach do logowania
[2025-06-25 09:39:04] [INFO] Pobranie danych o dostępnych kuwetach
[2025-06-25 09:39:09] [INFO] Pobranie danych o sklepach do logowania
[2025-06-25 09:39:09] [INFO] Pobranie danych o dostępnych kuwetach
[2025-06-25 09:39:42] [INFO] Pobranie danych o sklepach do logowania
[2025-06-25 09:39:42] [INFO] Pobranie danych o dostępnych kuwetach
[2025-06-25 09:40:23] [INFO] Pobranie danych o sklepach do logowania
[2025-06-25 09:40:23] [INFO] Pobranie danych o dostępnych kuwetach
[2025-06-25 09:40:30] [INFO] Pobranie danych o sklepach do logowania
[2025-06-25 09:40:30] [INFO] Pobranie danych o dostępnych kuwetach
[2025-06-25 09:40:35] [INFO] Pobranie danych o sklepach do logowania
[2025-06-25 09:40:35] [INFO] Pobranie danych o dostępnych kuwetach
[2025-06-25 09:40:39] [INFO] Pobranie danych o sklepach do logowania
[2025-06-25 09:40:39] [INFO] Pobranie danych o dostępnych kuwetach
[2025-06-25 09:40:56] [INFO] Przydzielono kuwetę: 27 do sklepu: 1
[2025-06-25 09:40:56] [INFO] Przydzielono kuwetę: 28 do sklepu: 1
[2025-06-25 09:40:56] [INFO] Przydzielono kuwetę: 29 do sklepu: 1
[2025-06-25 09:40:57] [INFO] Pobranie danych o sklepach do logowania
[2025-06-25 09:40:57] [INFO] Pobranie danych o dostępnych kuwetach
[2025-06-25 09:41:07] [INFO] Pobranie danych o kuwetach
[2025-06-25 09:41:09] [INFO] Pobranie danych o smakach
[2025-06-25 09:41:09] [INFO] Pobranie danych o rozmiarach
[2025-06-25 09:41:09] [INFO] Pobranie danych o sklepach do logowania
[2025-06-25 09:41:12] [INFO] Kuweta dodana pomyślnie :: Id smak: 20 | Id rozmiar: 2 | Porcje: 75
[2025-06-25 09:41:12] [INFO] Pobranie danych o kuwetach
[2025-06-25 09:41:15] [INFO] Pobranie danych o sklepach do logowania
[2025-06-25 09:41:15] [INFO] Pobranie danych o dostępnych kuwetach
[2025-06-25 09:42:09] [INFO] Pobranie danych o sklepach do logowania
[2025-06-25 09:42:09] [INFO] Pobranie danych o dostępnych kuwetach
[2025-06-25 09:42:36] [INFO] Pobranie danych o sklepach do logowania
[2025-06-25 09:42:36] [INFO] Pobranie danych o dostępnych kuwetach
[2025-06-25 09:42:57] [INFO] Pobranie listy sklepów dla użytkownika o ID: 123456789
[2025-06-25 09:43:04] [INFO] Pobranie danych o użytkownikach
[2025-06-25 09:43:43] [INFO] Aplikacja zamknięta przez: SIGHUP (restart systemu lub pm2 stop)
[2025-06-25 09:43:43] [INFO] Aplikacja zakończyła działanie.
